2023-12-24 12:57:13,467 - root - INFO - Namespace(seed=2022, data_name='Douban', data_dir='data/', cuda=False, gpu_id=0, use_pretrain=0, pretrain_model_path='trained_model/Embedding_based.pth', cf_batch_size=1024, kg_batch_size=2048, test_batch_size=2048, embed_dim=32, relation_dim=32, KG_embedding_type='TransE', inject_embedding_type='concat', kg_l2loss_lambda=0.0001, cf_l2loss_lambda=0.0001, lr=0.001, n_epoch=1000, stopping_steps=10, print_every=1, evaluate_every=10, Ks='[5, 10]', save_dir='trained_model/Douban/Embedding_based/dim32_lr0.001_l20.0001_TransE_concat/')
2023-12-24 12:57:56,457 - root - INFO - n_users:      447
2023-12-24 12:57:56,457 - root - INFO - n_items:      578
2023-12-24 12:57:56,457 - root - INFO - n_entities:   143007
2023-12-24 12:57:56,468 - root - INFO - n_relations:  100
2023-12-24 12:57:56,468 - root - INFO - n_cf_train:   41830
2023-12-24 12:57:56,469 - root - INFO - n_cf_test:    10840
2023-12-24 12:57:56,473 - root - INFO - n_kg_data:    505120
2023-12-24 12:57:56,522 - root - INFO - Embedding_based(
  (user_embed): Embedding(447, 32)
  (item_embed): Embedding(578, 32)
  (entity_embed): Embedding(143007, 32)
  (relation_embed): Embedding(100, 32)
)
2023-12-24 12:57:56,644 - root - INFO - KG & CF Training: Epoch 0001 Iter 0001 / 0041 | Time 0.1s | Iter Loss 1.4185 | Iter Mean Loss 1.4185
2023-12-24 12:57:56,768 - root - INFO - KG & CF Training: Epoch 0001 Iter 0002 / 0041 | Time 0.1s | Iter Loss 1.3752 | Iter Mean Loss 1.3969
2023-12-24 12:57:56,885 - root - INFO - KG & CF Training: Epoch 0001 Iter 0003 / 0041 | Time 0.1s | Iter Loss 1.3511 | Iter Mean Loss 1.3816
2023-12-24 12:57:56,996 - root - INFO - KG & CF Training: Epoch 0001 Iter 0004 / 0041 | Time 0.1s | Iter Loss 1.3141 | Iter Mean Loss 1.3647
2023-12-24 12:57:57,129 - root - INFO - KG & CF Training: Epoch 0001 Iter 0005 / 0041 | Time 0.1s | Iter Loss 1.2906 | Iter Mean Loss 1.3499
2023-12-24 12:57:57,254 - root - INFO - KG & CF Training: Epoch 0001 Iter 0006 / 0041 | Time 0.1s | Iter Loss 1.2895 | Iter Mean Loss 1.3398
2023-12-24 12:57:57,378 - root - INFO - KG & CF Training: Epoch 0001 Iter 0007 / 0041 | Time 0.1s | Iter Loss 1.2599 | Iter Mean Loss 1.3284
2023-12-24 12:57:57,503 - root - INFO - KG & CF Training: Epoch 0001 Iter 0008 / 0041 | Time 0.1s | Iter Loss 1.2623 | Iter Mean Loss 1.3202
2023-12-24 12:57:57,631 - root - INFO - KG & CF Training: Epoch 0001 Iter 0009 / 0041 | Time 0.1s | Iter Loss 1.2483 | Iter Mean Loss 1.3122
2023-12-24 12:57:57,756 - root - INFO - KG & CF Training: Epoch 0001 Iter 0010 / 0041 | Time 0.1s | Iter Loss 1.2529 | Iter Mean Loss 1.3063
2023-12-24 12:57:57,876 - root - INFO - KG & CF Training: Epoch 0001 Iter 0011 / 0041 | Time 0.1s | Iter Loss 1.2490 | Iter Mean Loss 1.3010
2023-12-24 12:57:57,999 - root - INFO - KG & CF Training: Epoch 0001 Iter 0012 / 0041 | Time 0.1s | Iter Loss 1.2281 | Iter Mean Loss 1.2950
2023-12-24 12:57:58,124 - root - INFO - KG & CF Training: Epoch 0001 Iter 0013 / 0041 | Time 0.1s | Iter Loss 1.2270 | Iter Mean Loss 1.2897
2023-12-24 12:57:58,247 - root - INFO - KG & CF Training: Epoch 0001 Iter 0014 / 0041 | Time 0.1s | Iter Loss 1.2167 | Iter Mean Loss 1.2845
2023-12-24 12:57:58,361 - root - INFO - KG & CF Training: Epoch 0001 Iter 0015 / 0041 | Time 0.1s | Iter Loss 1.2203 | Iter Mean Loss 1.2802
2023-12-24 12:57:58,487 - root - INFO - KG & CF Training: Epoch 0001 Iter 0016 / 0041 | Time 0.1s | Iter Loss 1.2116 | Iter Mean Loss 1.2760
2023-12-24 12:57:58,616 - root - INFO - KG & CF Training: Epoch 0001 Iter 0017 / 0041 | Time 0.1s | Iter Loss 1.2108 | Iter Mean Loss 1.2721
2023-12-24 12:57:58,737 - root - INFO - KG & CF Training: Epoch 0001 Iter 0018 / 0041 | Time 0.1s | Iter Loss 1.2073 | Iter Mean Loss 1.2685
2023-12-24 12:57:58,856 - root - INFO - KG & CF Training: Epoch 0001 Iter 0019 / 0041 | Time 0.1s | Iter Loss 1.2013 | Iter Mean Loss 1.2650
2023-12-24 12:57:58,985 - root - INFO - KG & CF Training: Epoch 0001 Iter 0020 / 0041 | Time 0.1s | Iter Loss 1.2062 | Iter Mean Loss 1.2620
2023-12-24 12:57:59,108 - root - INFO - KG & CF Training: Epoch 0001 Iter 0021 / 0041 | Time 0.1s | Iter Loss 1.1948 | Iter Mean Loss 1.2588
2023-12-24 12:57:59,211 - root - INFO - KG & CF Training: Epoch 0001 Iter 0022 / 0041 | Time 0.1s | Iter Loss 1.1871 | Iter Mean Loss 1.2556
2023-12-24 12:57:59,329 - root - INFO - KG & CF Training: Epoch 0001 Iter 0023 / 0041 | Time 0.1s | Iter Loss 1.1891 | Iter Mean Loss 1.2527
2023-12-24 12:57:59,443 - root - INFO - KG & CF Training: Epoch 0001 Iter 0024 / 0041 | Time 0.1s | Iter Loss 1.1871 | Iter Mean Loss 1.2500
2023-12-24 12:57:59,566 - root - INFO - KG & CF Training: Epoch 0001 Iter 0025 / 0041 | Time 0.1s | Iter Loss 1.1736 | Iter Mean Loss 1.2469
2023-12-24 12:57:59,678 - root - INFO - KG & CF Training: Epoch 0001 Iter 0026 / 0041 | Time 0.1s | Iter Loss 1.1771 | Iter Mean Loss 1.2442
2023-12-24 12:57:59,791 - root - INFO - KG & CF Training: Epoch 0001 Iter 0027 / 0041 | Time 0.1s | Iter Loss 1.1893 | Iter Mean Loss 1.2422
2023-12-24 12:57:59,905 - root - INFO - KG & CF Training: Epoch 0001 Iter 0028 / 0041 | Time 0.1s | Iter Loss 1.1745 | Iter Mean Loss 1.2398
2023-12-24 12:58:00,015 - root - INFO - KG & CF Training: Epoch 0001 Iter 0029 / 0041 | Time 0.1s | Iter Loss 1.1790 | Iter Mean Loss 1.2377
2023-12-24 12:58:00,137 - root - INFO - KG & CF Training: Epoch 0001 Iter 0030 / 0041 | Time 0.1s | Iter Loss 1.1606 | Iter Mean Loss 1.2351
2023-12-24 12:58:00,248 - root - INFO - KG & CF Training: Epoch 0001 Iter 0031 / 0041 | Time 0.1s | Iter Loss 1.1494 | Iter Mean Loss 1.2323
2023-12-24 12:58:00,356 - root - INFO - KG & CF Training: Epoch 0001 Iter 0032 / 0041 | Time 0.1s | Iter Loss 1.1530 | Iter Mean Loss 1.2299
2023-12-24 12:58:00,475 - root - INFO - KG & CF Training: Epoch 0001 Iter 0033 / 0041 | Time 0.1s | Iter Loss 1.1548 | Iter Mean Loss 1.2276
2023-12-24 12:58:00,597 - root - INFO - KG & CF Training: Epoch 0001 Iter 0034 / 0041 | Time 0.1s | Iter Loss 1.1520 | Iter Mean Loss 1.2254
2023-12-24 12:58:00,716 - root - INFO - KG & CF Training: Epoch 0001 Iter 0035 / 0041 | Time 0.1s | Iter Loss 1.1521 | Iter Mean Loss 1.2233
2023-12-24 12:58:00,839 - root - INFO - KG & CF Training: Epoch 0001 Iter 0036 / 0041 | Time 0.1s | Iter Loss 1.1472 | Iter Mean Loss 1.2212
2023-12-24 12:58:00,964 - root - INFO - KG & CF Training: Epoch 0001 Iter 0037 / 0041 | Time 0.1s | Iter Loss 1.1486 | Iter Mean Loss 1.2192
2023-12-24 12:58:01,085 - root - INFO - KG & CF Training: Epoch 0001 Iter 0038 / 0041 | Time 0.1s | Iter Loss 1.1383 | Iter Mean Loss 1.2171
2023-12-24 12:58:01,202 - root - INFO - KG & CF Training: Epoch 0001 Iter 0039 / 0041 | Time 0.1s | Iter Loss 1.1400 | Iter Mean Loss 1.2151
2023-12-24 12:58:01,320 - root - INFO - KG & CF Training: Epoch 0001 Iter 0040 / 0041 | Time 0.1s | Iter Loss 1.1326 | Iter Mean Loss 1.2130
2023-12-24 12:58:01,445 - root - INFO - KG & CF Training: Epoch 0001 Iter 0041 / 0041 | Time 0.1s | Iter Loss 1.1383 | Iter Mean Loss 1.2112
2023-12-24 12:58:01,445 - root - INFO - KG & CF Training: Epoch 0001 Total Iter 0041 | Total Time 4.9s | Iter Mean Loss 1.2112
2023-12-24 12:58:01,561 - root - INFO - KG & CF Training: Epoch 0002 Iter 0001 / 0041 | Time 0.1s | Iter Loss 1.1262 | Iter Mean Loss 1.1262
2023-12-24 12:58:01,674 - root - INFO - KG & CF Training: Epoch 0002 Iter 0002 / 0041 | Time 0.1s | Iter Loss 1.1320 | Iter Mean Loss 1.1291
2023-12-24 12:58:01,797 - root - INFO - KG & CF Training: Epoch 0002 Iter 0003 / 0041 | Time 0.1s | Iter Loss 1.1219 | Iter Mean Loss 1.1267
2023-12-24 12:58:01,918 - root - INFO - KG & CF Training: Epoch 0002 Iter 0004 / 0041 | Time 0.1s | Iter Loss 1.1202 | Iter Mean Loss 1.1251
2023-12-24 12:58:02,049 - root - INFO - KG & CF Training: Epoch 0002 Iter 0005 / 0041 | Time 0.1s | Iter Loss 1.1266 | Iter Mean Loss 1.1254
2023-12-24 12:58:02,161 - root - INFO - KG & CF Training: Epoch 0002 Iter 0006 / 0041 | Time 0.1s | Iter Loss 1.1145 | Iter Mean Loss 1.1236
2023-12-24 12:58:02,287 - root - INFO - KG & CF Training: Epoch 0002 Iter 0007 / 0041 | Time 0.1s | Iter Loss 1.1202 | Iter Mean Loss 1.1231
2023-12-24 12:58:02,423 - root - INFO - KG & CF Training: Epoch 0002 Iter 0008 / 0041 | Time 0.1s | Iter Loss 1.1227 | Iter Mean Loss 1.1230
2023-12-24 12:58:02,545 - root - INFO - KG & CF Training: Epoch 0002 Iter 0009 / 0041 | Time 0.1s | Iter Loss 1.1075 | Iter Mean Loss 1.1213
2023-12-24 12:58:02,661 - root - INFO - KG & CF Training: Epoch 0002 Iter 0010 / 0041 | Time 0.1s | Iter Loss 1.1018 | Iter Mean Loss 1.1194
2023-12-24 12:58:02,781 - root - INFO - KG & CF Training: Epoch 0002 Iter 0011 / 0041 | Time 0.1s | Iter Loss 1.1043 | Iter Mean Loss 1.1180
2023-12-24 12:58:02,898 - root - INFO - KG & CF Training: Epoch 0002 Iter 0012 / 0041 | Time 0.1s | Iter Loss 1.1050 | Iter Mean Loss 1.1169
2023-12-24 12:58:03,036 - root - INFO - KG & CF Training: Epoch 0002 Iter 0013 / 0041 | Time 0.1s | Iter Loss 1.1051 | Iter Mean Loss 1.1160
2023-12-24 12:58:03,150 - root - INFO - KG & CF Training: Epoch 0002 Iter 0014 / 0041 | Time 0.1s | Iter Loss 1.0942 | Iter Mean Loss 1.1144
2023-12-24 12:58:03,271 - root - INFO - KG & CF Training: Epoch 0002 Iter 0015 / 0041 | Time 0.1s | Iter Loss 1.1021 | Iter Mean Loss 1.1136
2023-12-24 12:58:03,389 - root - INFO - KG & CF Training: Epoch 0002 Iter 0016 / 0041 | Time 0.1s | Iter Loss 1.1022 | Iter Mean Loss 1.1129
2023-12-24 12:58:03,505 - root - INFO - KG & CF Training: Epoch 0002 Iter 0017 / 0041 | Time 0.1s | Iter Loss 1.1065 | Iter Mean Loss 1.1125
2023-12-24 12:58:03,624 - root - INFO - KG & CF Training: Epoch 0002 Iter 0018 / 0041 | Time 0.1s | Iter Loss 1.0890 | Iter Mean Loss 1.1112
2023-12-24 12:58:03,748 - root - INFO - KG & CF Training: Epoch 0002 Iter 0019 / 0041 | Time 0.1s | Iter Loss 1.0855 | Iter Mean Loss 1.1099
2023-12-24 12:58:03,869 - root - INFO - KG & CF Training: Epoch 0002 Iter 0020 / 0041 | Time 0.1s | Iter Loss 1.0928 | Iter Mean Loss 1.1090
2023-12-24 12:58:03,981 - root - INFO - KG & CF Training: Epoch 0002 Iter 0021 / 0041 | Time 0.1s | Iter Loss 1.0876 | Iter Mean Loss 1.1080
2023-12-24 12:58:04,099 - root - INFO - KG & CF Training: Epoch 0002 Iter 0022 / 0041 | Time 0.1s | Iter Loss 1.0887 | Iter Mean Loss 1.1071
2023-12-24 12:58:04,218 - root - INFO - KG & CF Training: Epoch 0002 Iter 0023 / 0041 | Time 0.1s | Iter Loss 1.0750 | Iter Mean Loss 1.1057
2023-12-24 12:58:04,342 - root - INFO - KG & CF Training: Epoch 0002 Iter 0024 / 0041 | Time 0.1s | Iter Loss 1.0739 | Iter Mean Loss 1.1044
2023-12-24 12:58:04,466 - root - INFO - KG & CF Training: Epoch 0002 Iter 0025 / 0041 | Time 0.1s | Iter Loss 1.0833 | Iter Mean Loss 1.1036
2023-12-24 12:58:04,589 - root - INFO - KG & CF Training: Epoch 0002 Iter 0026 / 0041 | Time 0.1s | Iter Loss 1.0836 | Iter Mean Loss 1.1028
2023-12-24 12:58:04,702 - root - INFO - KG & CF Training: Epoch 0002 Iter 0027 / 0041 | Time 0.1s | Iter Loss 1.0792 | Iter Mean Loss 1.1019
2023-12-24 12:58:04,823 - root - INFO - KG & CF Training: Epoch 0002 Iter 0028 / 0041 | Time 0.1s | Iter Loss 1.0704 | Iter Mean Loss 1.1008
2023-12-24 12:58:04,950 - root - INFO - KG & CF Training: Epoch 0002 Iter 0029 / 0041 | Time 0.1s | Iter Loss 1.0748 | Iter Mean Loss 1.0999
2023-12-24 12:58:05,078 - root - INFO - KG & CF Training: Epoch 0002 Iter 0030 / 0041 | Time 0.1s | Iter Loss 1.0731 | Iter Mean Loss 1.0990
2023-12-24 12:58:05,193 - root - INFO - KG & CF Training: Epoch 0002 Iter 0031 / 0041 | Time 0.1s | Iter Loss 1.0684 | Iter Mean Loss 1.0980
2023-12-24 12:58:05,316 - root - INFO - KG & CF Training: Epoch 0002 Iter 0032 / 0041 | Time 0.1s | Iter Loss 1.0696 | Iter Mean Loss 1.0971
2023-12-24 12:58:05,427 - root - INFO - KG & CF Training: Epoch 0002 Iter 0033 / 0041 | Time 0.1s | Iter Loss 1.0612 | Iter Mean Loss 1.0960
2023-12-24 12:58:05,555 - root - INFO - KG & CF Training: Epoch 0002 Iter 0034 / 0041 | Time 0.1s | Iter Loss 1.0699 | Iter Mean Loss 1.0953
2023-12-24 12:58:05,669 - root - INFO - KG & CF Training: Epoch 0002 Iter 0035 / 0041 | Time 0.1s | Iter Loss 1.0642 | Iter Mean Loss 1.0944
2023-12-24 12:58:05,786 - root - INFO - KG & CF Training: Epoch 0002 Iter 0036 / 0041 | Time 0.1s | Iter Loss 1.0589 | Iter Mean Loss 1.0934
2023-12-24 12:58:05,906 - root - INFO - KG & CF Training: Epoch 0002 Iter 0037 / 0041 | Time 0.1s | Iter Loss 1.0544 | Iter Mean Loss 1.0923
2023-12-24 12:58:06,034 - root - INFO - KG & CF Training: Epoch 0002 Iter 0038 / 0041 | Time 0.1s | Iter Loss 1.0585 | Iter Mean Loss 1.0914
2023-12-24 12:58:06,158 - root - INFO - KG & CF Training: Epoch 0002 Iter 0039 / 0041 | Time 0.1s | Iter Loss 1.0382 | Iter Mean Loss 1.0901
2023-12-24 12:58:06,276 - root - INFO - KG & CF Training: Epoch 0002 Iter 0040 / 0041 | Time 0.1s | Iter Loss 1.0512 | Iter Mean Loss 1.0891
2023-12-24 12:58:06,392 - root - INFO - KG & CF Training: Epoch 0002 Iter 0041 / 0041 | Time 0.1s | Iter Loss 1.0536 | Iter Mean Loss 1.0882
2023-12-24 12:58:06,393 - root - INFO - KG & CF Training: Epoch 0002 Total Iter 0041 | Total Time 4.9s | Iter Mean Loss 1.0882
2023-12-24 12:58:06,509 - root - INFO - KG & CF Training: Epoch 0003 Iter 0001 / 0041 | Time 0.1s | Iter Loss 1.0554 | Iter Mean Loss 1.0554
2023-12-24 12:58:06,636 - root - INFO - KG & CF Training: Epoch 0003 Iter 0002 / 0041 | Time 0.1s | Iter Loss 1.0511 | Iter Mean Loss 1.0532
2023-12-24 12:58:06,759 - root - INFO - KG & CF Training: Epoch 0003 Iter 0003 / 0041 | Time 0.1s | Iter Loss 1.0521 | Iter Mean Loss 1.0528
2023-12-24 12:58:06,881 - root - INFO - KG & CF Training: Epoch 0003 Iter 0004 / 0041 | Time 0.1s | Iter Loss 1.0372 | Iter Mean Loss 1.0489
2023-12-24 12:58:07,005 - root - INFO - KG & CF Training: Epoch 0003 Iter 0005 / 0041 | Time 0.1s | Iter Loss 1.0489 | Iter Mean Loss 1.0489
2023-12-24 12:58:07,137 - root - INFO - KG & CF Training: Epoch 0003 Iter 0006 / 0041 | Time 0.1s | Iter Loss 1.0480 | Iter Mean Loss 1.0488
2023-12-24 12:58:07,263 - root - INFO - KG & CF Training: Epoch 0003 Iter 0007 / 0041 | Time 0.1s | Iter Loss 1.0388 | Iter Mean Loss 1.0473
2023-12-24 12:58:07,385 - root - INFO - KG & CF Training: Epoch 0003 Iter 0008 / 0041 | Time 0.1s | Iter Loss 1.0415 | Iter Mean Loss 1.0466
2023-12-24 12:58:07,507 - root - INFO - KG & CF Training: Epoch 0003 Iter 0009 / 0041 | Time 0.1s | Iter Loss 1.0371 | Iter Mean Loss 1.0455
2023-12-24 12:58:07,617 - root - INFO - KG & CF Training: Epoch 0003 Iter 0010 / 0041 | Time 0.1s | Iter Loss 1.0279 | Iter Mean Loss 1.0438
2023-12-24 12:58:07,735 - root - INFO - KG & CF Training: Epoch 0003 Iter 0011 / 0041 | Time 0.1s | Iter Loss 1.0443 | Iter Mean Loss 1.0438
2023-12-24 12:58:07,864 - root - INFO - KG & CF Training: Epoch 0003 Iter 0012 / 0041 | Time 0.1s | Iter Loss 1.0267 | Iter Mean Loss 1.0424
2023-12-24 12:58:07,988 - root - INFO - KG & CF Training: Epoch 0003 Iter 0013 / 0041 | Time 0.1s | Iter Loss 1.0402 | Iter Mean Loss 1.0422
2023-12-24 12:58:08,119 - root - INFO - KG & CF Training: Epoch 0003 Iter 0014 / 0041 | Time 0.1s | Iter Loss 1.0365 | Iter Mean Loss 1.0418
2023-12-24 12:58:08,246 - root - INFO - KG & CF Training: Epoch 0003 Iter 0015 / 0041 | Time 0.1s | Iter Loss 1.0484 | Iter Mean Loss 1.0423
2023-12-24 12:58:08,366 - root - INFO - KG & CF Training: Epoch 0003 Iter 0016 / 0041 | Time 0.1s | Iter Loss 1.0415 | Iter Mean Loss 1.0422
2023-12-24 12:58:08,489 - root - INFO - KG & CF Training: Epoch 0003 Iter 0017 / 0041 | Time 0.1s | Iter Loss 1.0301 | Iter Mean Loss 1.0415
2023-12-24 12:58:08,603 - root - INFO - KG & CF Training: Epoch 0003 Iter 0018 / 0041 | Time 0.1s | Iter Loss 1.0177 | Iter Mean Loss 1.0402
2023-12-24 12:58:08,728 - root - INFO - KG & CF Training: Epoch 0003 Iter 0019 / 0041 | Time 0.1s | Iter Loss 1.0181 | Iter Mean Loss 1.0390
2023-12-24 12:58:08,847 - root - INFO - KG & CF Training: Epoch 0003 Iter 0020 / 0041 | Time 0.1s | Iter Loss 1.0337 | Iter Mean Loss 1.0388
2023-12-24 12:58:08,961 - root - INFO - KG & CF Training: Epoch 0003 Iter 0021 / 0041 | Time 0.1s | Iter Loss 1.0254 | Iter Mean Loss 1.0381
2023-12-24 12:58:09,074 - root - INFO - KG & CF Training: Epoch 0003 Iter 0022 / 0041 | Time 0.1s | Iter Loss 1.0193 | Iter Mean Loss 1.0373
2023-12-24 12:58:09,193 - root - INFO - KG & CF Training: Epoch 0003 Iter 0023 / 0041 | Time 0.1s | Iter Loss 1.0190 | Iter Mean Loss 1.0365
2023-12-24 12:58:09,301 - root - INFO - KG & CF Training: Epoch 0003 Iter 0024 / 0041 | Time 0.1s | Iter Loss 1.0232 | Iter Mean Loss 1.0359
2023-12-24 12:58:09,422 - root - INFO - KG & CF Training: Epoch 0003 Iter 0025 / 0041 | Time 0.1s | Iter Loss 1.0204 | Iter Mean Loss 1.0353
2023-12-24 12:58:09,535 - root - INFO - KG & CF Training: Epoch 0003 Iter 0026 / 0041 | Time 0.1s | Iter Loss 1.0240 | Iter Mean Loss 1.0349
2023-12-24 12:58:09,653 - root - INFO - KG & CF Training: Epoch 0003 Iter 0027 / 0041 | Time 0.1s | Iter Loss 1.0216 | Iter Mean Loss 1.0344
2023-12-24 12:58:09,775 - root - INFO - KG & CF Training: Epoch 0003 Iter 0028 / 0041 | Time 0.1s | Iter Loss 1.0232 | Iter Mean Loss 1.0340
2023-12-24 12:58:09,910 - root - INFO - KG & CF Training: Epoch 0003 Iter 0029 / 0041 | Time 0.1s | Iter Loss 1.0154 | Iter Mean Loss 1.0333
2023-12-24 12:58:10,034 - root - INFO - KG & CF Training: Epoch 0003 Iter 0030 / 0041 | Time 0.1s | Iter Loss 1.0129 | Iter Mean Loss 1.0326
2023-12-24 12:58:10,165 - root - INFO - KG & CF Training: Epoch 0003 Iter 0031 / 0041 | Time 0.1s | Iter Loss 1.0068 | Iter Mean Loss 1.0318
2023-12-24 12:58:10,278 - root - INFO - KG & CF Training: Epoch 0003 Iter 0032 / 0041 | Time 0.1s | Iter Loss 1.0136 | Iter Mean Loss 1.0312
2023-12-24 12:58:10,387 - root - INFO - KG & CF Training: Epoch 0003 Iter 0033 / 0041 | Time 0.1s | Iter Loss 1.0122 | Iter Mean Loss 1.0307
2023-12-24 12:58:10,506 - root - INFO - KG & CF Training: Epoch 0003 Iter 0034 / 0041 | Time 0.1s | Iter Loss 0.9997 | Iter Mean Loss 1.0298
2023-12-24 12:58:10,622 - root - INFO - KG & CF Training: Epoch 0003 Iter 0035 / 0041 | Time 0.1s | Iter Loss 1.0062 | Iter Mean Loss 1.0291
2023-12-24 12:58:10,735 - root - INFO - KG & CF Training: Epoch 0003 Iter 0036 / 0041 | Time 0.1s | Iter Loss 1.0070 | Iter Mean Loss 1.0285
2023-12-24 12:58:10,845 - root - INFO - KG & CF Training: Epoch 0003 Iter 0037 / 0041 | Time 0.1s | Iter Loss 1.0060 | Iter Mean Loss 1.0279
2023-12-24 12:58:10,956 - root - INFO - KG & CF Training: Epoch 0003 Iter 0038 / 0041 | Time 0.1s | Iter Loss 1.0058 | Iter Mean Loss 1.0273
2023-12-24 12:58:11,091 - root - INFO - KG & CF Training: Epoch 0003 Iter 0039 / 0041 | Time 0.1s | Iter Loss 1.0196 | Iter Mean Loss 1.0271
2023-12-24 12:58:11,205 - root - INFO - KG & CF Training: Epoch 0003 Iter 0040 / 0041 | Time 0.1s | Iter Loss 1.0009 | Iter Mean Loss 1.0264
2023-12-24 12:58:11,306 - root - INFO - KG & CF Training: Epoch 0003 Iter 0041 / 0041 | Time 0.1s | Iter Loss 1.0129 | Iter Mean Loss 1.0261
2023-12-24 12:58:11,307 - root - INFO - KG & CF Training: Epoch 0003 Total Iter 0041 | Total Time 4.9s | Iter Mean Loss 1.0261
2023-12-24 12:58:11,413 - root - INFO - KG & CF Training: Epoch 0004 Iter 0001 / 0041 | Time 0.1s | Iter Loss 1.0070 | Iter Mean Loss 1.0070
2023-12-24 12:58:11,537 - root - INFO - KG & CF Training: Epoch 0004 Iter 0002 / 0041 | Time 0.1s | Iter Loss 0.9994 | Iter Mean Loss 1.0032
2023-12-24 12:58:11,643 - root - INFO - KG & CF Training: Epoch 0004 Iter 0003 / 0041 | Time 0.1s | Iter Loss 1.0109 | Iter Mean Loss 1.0057
2023-12-24 12:58:11,760 - root - INFO - KG & CF Training: Epoch 0004 Iter 0004 / 0041 | Time 0.1s | Iter Loss 1.0037 | Iter Mean Loss 1.0052
2023-12-24 12:58:11,877 - root - INFO - KG & CF Training: Epoch 0004 Iter 0005 / 0041 | Time 0.1s | Iter Loss 0.9937 | Iter Mean Loss 1.0029
2023-12-24 12:58:11,997 - root - INFO - KG & CF Training: Epoch 0004 Iter 0006 / 0041 | Time 0.1s | Iter Loss 0.9927 | Iter Mean Loss 1.0012
2023-12-24 12:58:12,126 - root - INFO - KG & CF Training: Epoch 0004 Iter 0007 / 0041 | Time 0.1s | Iter Loss 1.0001 | Iter Mean Loss 1.0011
2023-12-24 12:58:12,258 - root - INFO - KG & CF Training: Epoch 0004 Iter 0008 / 0041 | Time 0.1s | Iter Loss 0.9955 | Iter Mean Loss 1.0004
2023-12-24 12:58:12,381 - root - INFO - KG & CF Training: Epoch 0004 Iter 0009 / 0041 | Time 0.1s | Iter Loss 1.0090 | Iter Mean Loss 1.0013
2023-12-24 12:58:12,499 - root - INFO - KG & CF Training: Epoch 0004 Iter 0010 / 0041 | Time 0.1s | Iter Loss 0.9908 | Iter Mean Loss 1.0003
2023-12-24 12:58:12,600 - root - INFO - KG & CF Training: Epoch 0004 Iter 0011 / 0041 | Time 0.1s | Iter Loss 0.9860 | Iter Mean Loss 0.9990
2023-12-24 12:58:12,712 - root - INFO - KG & CF Training: Epoch 0004 Iter 0012 / 0041 | Time 0.1s | Iter Loss 0.9929 | Iter Mean Loss 0.9985
2023-12-24 12:58:12,832 - root - INFO - KG & CF Training: Epoch 0004 Iter 0013 / 0041 | Time 0.1s | Iter Loss 0.9914 | Iter Mean Loss 0.9979
2023-12-24 12:58:12,957 - root - INFO - KG & CF Training: Epoch 0004 Iter 0014 / 0041 | Time 0.1s | Iter Loss 1.0016 | Iter Mean Loss 0.9982
2023-12-24 12:58:13,062 - root - INFO - KG & CF Training: Epoch 0004 Iter 0015 / 0041 | Time 0.1s | Iter Loss 0.9937 | Iter Mean Loss 0.9979
2023-12-24 12:58:13,181 - root - INFO - KG & CF Training: Epoch 0004 Iter 0016 / 0041 | Time 0.1s | Iter Loss 0.9861 | Iter Mean Loss 0.9972
2023-12-24 12:58:13,308 - root - INFO - KG & CF Training: Epoch 0004 Iter 0017 / 0041 | Time 0.1s | Iter Loss 0.9816 | Iter Mean Loss 0.9962
2023-12-24 12:58:13,429 - root - INFO - KG & CF Training: Epoch 0004 Iter 0018 / 0041 | Time 0.1s | Iter Loss 0.9852 | Iter Mean Loss 0.9956
2023-12-24 12:58:13,545 - root - INFO - KG & CF Training: Epoch 0004 Iter 0019 / 0041 | Time 0.1s | Iter Loss 0.9849 | Iter Mean Loss 0.9951
2023-12-24 12:58:13,661 - root - INFO - KG & CF Training: Epoch 0004 Iter 0020 / 0041 | Time 0.1s | Iter Loss 0.9863 | Iter Mean Loss 0.9946
2023-12-24 12:58:13,781 - root - INFO - KG & CF Training: Epoch 0004 Iter 0021 / 0041 | Time 0.1s | Iter Loss 0.9872 | Iter Mean Loss 0.9943
2023-12-24 12:58:13,894 - root - INFO - KG & CF Training: Epoch 0004 Iter 0022 / 0041 | Time 0.1s | Iter Loss 0.9860 | Iter Mean Loss 0.9939
2023-12-24 12:58:14,022 - root - INFO - KG & CF Training: Epoch 0004 Iter 0023 / 0041 | Time 0.1s | Iter Loss 0.9847 | Iter Mean Loss 0.9935
2023-12-24 12:58:14,138 - root - INFO - KG & CF Training: Epoch 0004 Iter 0024 / 0041 | Time 0.1s | Iter Loss 0.9887 | Iter Mean Loss 0.9933
2023-12-24 12:58:14,262 - root - INFO - KG & CF Training: Epoch 0004 Iter 0025 / 0041 | Time 0.1s | Iter Loss 0.9768 | Iter Mean Loss 0.9926
2023-12-24 12:58:14,397 - root - INFO - KG & CF Training: Epoch 0004 Iter 0026 / 0041 | Time 0.1s | Iter Loss 0.9799 | Iter Mean Loss 0.9921
2023-12-24 12:58:14,499 - root - INFO - KG & CF Training: Epoch 0004 Iter 0027 / 0041 | Time 0.1s | Iter Loss 0.9777 | Iter Mean Loss 0.9916
2023-12-24 12:58:14,613 - root - INFO - KG & CF Training: Epoch 0004 Iter 0028 / 0041 | Time 0.1s | Iter Loss 0.9756 | Iter Mean Loss 0.9910
2023-12-24 12:58:14,736 - root - INFO - KG & CF Training: Epoch 0004 Iter 0029 / 0041 | Time 0.1s | Iter Loss 0.9760 | Iter Mean Loss 0.9905
2023-12-24 12:58:14,858 - root - INFO - KG & CF Training: Epoch 0004 Iter 0030 / 0041 | Time 0.1s | Iter Loss 0.9789 | Iter Mean Loss 0.9901
2023-12-24 12:58:14,975 - root - INFO - KG & CF Training: Epoch 0004 Iter 0031 / 0041 | Time 0.1s | Iter Loss 0.9834 | Iter Mean Loss 0.9899
2023-12-24 12:58:15,102 - root - INFO - KG & CF Training: Epoch 0004 Iter 0032 / 0041 | Time 0.1s | Iter Loss 0.9796 | Iter Mean Loss 0.9896
2023-12-24 12:58:15,224 - root - INFO - KG & CF Training: Epoch 0004 Iter 0033 / 0041 | Time 0.1s | Iter Loss 0.9704 | Iter Mean Loss 0.9890
2023-12-24 12:58:15,341 - root - INFO - KG & CF Training: Epoch 0004 Iter 0034 / 0041 | Time 0.1s | Iter Loss 0.9719 | Iter Mean Loss 0.9885
2023-12-24 12:58:15,451 - root - INFO - KG & CF Training: Epoch 0004 Iter 0035 / 0041 | Time 0.1s | Iter Loss 0.9698 | Iter Mean Loss 0.9880
2023-12-24 12:58:15,572 - root - INFO - KG & CF Training: Epoch 0004 Iter 0036 / 0041 | Time 0.1s | Iter Loss 0.9702 | Iter Mean Loss 0.9875
2023-12-24 12:58:15,691 - root - INFO - KG & CF Training: Epoch 0004 Iter 0037 / 0041 | Time 0.1s | Iter Loss 0.9774 | Iter Mean Loss 0.9872
2023-12-24 12:58:15,812 - root - INFO - KG & CF Training: Epoch 0004 Iter 0038 / 0041 | Time 0.1s | Iter Loss 0.9673 | Iter Mean Loss 0.9867
2023-12-24 12:58:15,931 - root - INFO - KG & CF Training: Epoch 0004 Iter 0039 / 0041 | Time 0.1s | Iter Loss 0.9714 | Iter Mean Loss 0.9863
2023-12-24 12:58:16,063 - root - INFO - KG & CF Training: Epoch 0004 Iter 0040 / 0041 | Time 0.1s | Iter Loss 0.9704 | Iter Mean Loss 0.9859
2023-12-24 12:58:16,185 - root - INFO - KG & CF Training: Epoch 0004 Iter 0041 / 0041 | Time 0.1s | Iter Loss 0.9650 | Iter Mean Loss 0.9854
2023-12-24 12:58:16,186 - root - INFO - KG & CF Training: Epoch 0004 Total Iter 0041 | Total Time 4.9s | Iter Mean Loss 0.9854
2023-12-24 12:58:16,306 - root - INFO - KG & CF Training: Epoch 0005 Iter 0001 / 0041 | Time 0.1s | Iter Loss 0.9744 | Iter Mean Loss 0.9744
2023-12-24 12:58:16,431 - root - INFO - KG & CF Training: Epoch 0005 Iter 0002 / 0041 | Time 0.1s | Iter Loss 0.9618 | Iter Mean Loss 0.9681
2023-12-24 12:58:16,543 - root - INFO - KG & CF Training: Epoch 0005 Iter 0003 / 0041 | Time 0.1s | Iter Loss 0.9807 | Iter Mean Loss 0.9723
2023-12-24 12:58:16,663 - root - INFO - KG & CF Training: Epoch 0005 Iter 0004 / 0041 | Time 0.1s | Iter Loss 0.9714 | Iter Mean Loss 0.9721
2023-12-24 12:58:16,786 - root - INFO - KG & CF Training: Epoch 0005 Iter 0005 / 0041 | Time 0.1s | Iter Loss 0.9704 | Iter Mean Loss 0.9717
2023-12-24 12:58:16,893 - root - INFO - KG & CF Training: Epoch 0005 Iter 0006 / 0041 | Time 0.1s | Iter Loss 0.9669 | Iter Mean Loss 0.9709
2023-12-24 12:58:17,029 - root - INFO - KG & CF Training: Epoch 0005 Iter 0007 / 0041 | Time 0.1s | Iter Loss 0.9692 | Iter Mean Loss 0.9707
2023-12-24 12:58:17,149 - root - INFO - KG & CF Training: Epoch 0005 Iter 0008 / 0041 | Time 0.1s | Iter Loss 0.9624 | Iter Mean Loss 0.9696
2023-12-24 12:58:17,266 - root - INFO - KG & CF Training: Epoch 0005 Iter 0009 / 0041 | Time 0.1s | Iter Loss 0.9625 | Iter Mean Loss 0.9689
2023-12-24 12:58:17,376 - root - INFO - KG & CF Training: Epoch 0005 Iter 0010 / 0041 | Time 0.1s | Iter Loss 0.9482 | Iter Mean Loss 0.9668
2023-12-24 12:58:17,486 - root - INFO - KG & CF Training: Epoch 0005 Iter 0011 / 0041 | Time 0.1s | Iter Loss 0.9641 | Iter Mean Loss 0.9665
2023-12-24 12:58:17,606 - root - INFO - KG & CF Training: Epoch 0005 Iter 0012 / 0041 | Time 0.1s | Iter Loss 0.9588 | Iter Mean Loss 0.9659
2023-12-24 12:58:17,733 - root - INFO - KG & CF Training: Epoch 0005 Iter 0013 / 0041 | Time 0.1s | Iter Loss 0.9594 | Iter Mean Loss 0.9654
2023-12-24 12:58:17,859 - root - INFO - KG & CF Training: Epoch 0005 Iter 0014 / 0041 | Time 0.1s | Iter Loss 0.9686 | Iter Mean Loss 0.9656
2023-12-24 12:58:17,966 - root - INFO - KG & CF Training: Epoch 0005 Iter 0015 / 0041 | Time 0.1s | Iter Loss 0.9665 | Iter Mean Loss 0.9657
2023-12-24 12:58:18,095 - root - INFO - KG & CF Training: Epoch 0005 Iter 0016 / 0041 | Time 0.1s | Iter Loss 0.9522 | Iter Mean Loss 0.9648
2023-12-24 12:58:18,211 - root - INFO - KG & CF Training: Epoch 0005 Iter 0017 / 0041 | Time 0.1s | Iter Loss 0.9555 | Iter Mean Loss 0.9643
2023-12-24 12:58:18,329 - root - INFO - KG & CF Training: Epoch 0005 Iter 0018 / 0041 | Time 0.1s | Iter Loss 0.9495 | Iter Mean Loss 0.9635
2023-12-24 12:58:18,452 - root - INFO - KG & CF Training: Epoch 0005 Iter 0019 / 0041 | Time 0.1s | Iter Loss 0.9651 | Iter Mean Loss 0.9636
2023-12-24 12:58:18,572 - root - INFO - KG & CF Training: Epoch 0005 Iter 0020 / 0041 | Time 0.1s | Iter Loss 0.9577 | Iter Mean Loss 0.9633
2023-12-24 12:58:18,688 - root - INFO - KG & CF Training: Epoch 0005 Iter 0021 / 0041 | Time 0.1s | Iter Loss 0.9542 | Iter Mean Loss 0.9628
2023-12-24 12:58:18,797 - root - INFO - KG & CF Training: Epoch 0005 Iter 0022 / 0041 | Time 0.1s | Iter Loss 0.9585 | Iter Mean Loss 0.9626
2023-12-24 12:58:18,909 - root - INFO - KG & CF Training: Epoch 0005 Iter 0023 / 0041 | Time 0.1s | Iter Loss 0.9611 | Iter Mean Loss 0.9626
2023-12-24 12:58:19,034 - root - INFO - KG & CF Training: Epoch 0005 Iter 0024 / 0041 | Time 0.1s | Iter Loss 0.9489 | Iter Mean Loss 0.9620
2023-12-24 12:58:19,158 - root - INFO - KG & CF Training: Epoch 0005 Iter 0025 / 0041 | Time 0.1s | Iter Loss 0.9493 | Iter Mean Loss 0.9615
2023-12-24 12:58:19,280 - root - INFO - KG & CF Training: Epoch 0005 Iter 0026 / 0041 | Time 0.1s | Iter Loss 0.9583 | Iter Mean Loss 0.9614
2023-12-24 12:58:19,400 - root - INFO - KG & CF Training: Epoch 0005 Iter 0027 / 0041 | Time 0.1s | Iter Loss 0.9524 | Iter Mean Loss 0.9610
2023-12-24 12:58:19,520 - root - INFO - KG & CF Training: Epoch 0005 Iter 0028 / 0041 | Time 0.1s | Iter Loss 0.9534 | Iter Mean Loss 0.9608
2023-12-24 12:58:19,635 - root - INFO - KG & CF Training: Epoch 0005 Iter 0029 / 0041 | Time 0.1s | Iter Loss 0.9570 | Iter Mean Loss 0.9606
2023-12-24 12:58:19,757 - root - INFO - KG & CF Training: Epoch 0005 Iter 0030 / 0041 | Time 0.1s | Iter Loss 0.9463 | Iter Mean Loss 0.9602
2023-12-24 12:58:19,871 - root - INFO - KG & CF Training: Epoch 0005 Iter 0031 / 0041 | Time 0.1s | Iter Loss 0.9501 | Iter Mean Loss 0.9598
2023-12-24 12:58:19,992 - root - INFO - KG & CF Training: Epoch 0005 Iter 0032 / 0041 | Time 0.1s | Iter Loss 0.9564 | Iter Mean Loss 0.9597
2023-12-24 12:58:20,104 - root - INFO - KG & CF Training: Epoch 0005 Iter 0033 / 0041 | Time 0.1s | Iter Loss 0.9629 | Iter Mean Loss 0.9598
2023-12-24 12:58:20,223 - root - INFO - KG & CF Training: Epoch 0005 Iter 0034 / 0041 | Time 0.1s | Iter Loss 0.9552 | Iter Mean Loss 0.9597
2023-12-24 12:58:20,351 - root - INFO - KG & CF Training: Epoch 0005 Iter 0035 / 0041 | Time 0.1s | Iter Loss 0.9486 | Iter Mean Loss 0.9594
2023-12-24 12:58:20,458 - root - INFO - KG & CF Training: Epoch 0005 Iter 0036 / 0041 | Time 0.1s | Iter Loss 0.9469 | Iter Mean Loss 0.9590
2023-12-24 12:58:20,587 - root - INFO - KG & CF Training: Epoch 0005 Iter 0037 / 0041 | Time 0.1s | Iter Loss 0.9559 | Iter Mean Loss 0.9589
2023-12-24 12:58:20,706 - root - INFO - KG & CF Training: Epoch 0005 Iter 0038 / 0041 | Time 0.1s | Iter Loss 0.9570 | Iter Mean Loss 0.9589
2023-12-24 12:58:20,833 - root - INFO - KG & CF Training: Epoch 0005 Iter 0039 / 0041 | Time 0.1s | Iter Loss 0.9450 | Iter Mean Loss 0.9585
2023-12-24 12:58:20,945 - root - INFO - KG & CF Training: Epoch 0005 Iter 0040 / 0041 | Time 0.1s | Iter Loss 0.9422 | Iter Mean Loss 0.9581
2023-12-24 12:58:21,070 - root - INFO - KG & CF Training: Epoch 0005 Iter 0041 / 0041 | Time 0.1s | Iter Loss 0.9343 | Iter Mean Loss 0.9575
2023-12-24 12:58:21,071 - root - INFO - KG & CF Training: Epoch 0005 Total Iter 0041 | Total Time 4.9s | Iter Mean Loss 0.9575
2023-12-24 12:58:21,182 - root - INFO - KG & CF Training: Epoch 0006 Iter 0001 / 0041 | Time 0.1s | Iter Loss 0.9545 | Iter Mean Loss 0.9545
2023-12-24 12:58:21,296 - root - INFO - KG & CF Training: Epoch 0006 Iter 0002 / 0041 | Time 0.1s | Iter Loss 0.9326 | Iter Mean Loss 0.9435
2023-12-24 12:58:21,404 - root - INFO - KG & CF Training: Epoch 0006 Iter 0003 / 0041 | Time 0.1s | Iter Loss 0.9391 | Iter Mean Loss 0.9421
2023-12-24 12:58:21,521 - root - INFO - KG & CF Training: Epoch 0006 Iter 0004 / 0041 | Time 0.1s | Iter Loss 0.9450 | Iter Mean Loss 0.9428
2023-12-24 12:58:21,644 - root - INFO - KG & CF Training: Epoch 0006 Iter 0005 / 0041 | Time 0.1s | Iter Loss 0.9451 | Iter Mean Loss 0.9433
2023-12-24 12:58:21,756 - root - INFO - KG & CF Training: Epoch 0006 Iter 0006 / 0041 | Time 0.1s | Iter Loss 0.9461 | Iter Mean Loss 0.9437
2023-12-24 12:58:21,863 - root - INFO - KG & CF Training: Epoch 0006 Iter 0007 / 0041 | Time 0.1s | Iter Loss 0.9419 | Iter Mean Loss 0.9435
2023-12-24 12:58:21,994 - root - INFO - KG & CF Training: Epoch 0006 Iter 0008 / 0041 | Time 0.1s | Iter Loss 0.9454 | Iter Mean Loss 0.9437
2023-12-24 12:58:22,113 - root - INFO - KG & CF Training: Epoch 0006 Iter 0009 / 0041 | Time 0.1s | Iter Loss 0.9430 | Iter Mean Loss 0.9436
2023-12-24 12:58:22,245 - root - INFO - KG & CF Training: Epoch 0006 Iter 0010 / 0041 | Time 0.1s | Iter Loss 0.9319 | Iter Mean Loss 0.9425
2023-12-24 12:58:22,363 - root - INFO - KG & CF Training: Epoch 0006 Iter 0011 / 0041 | Time 0.1s | Iter Loss 0.9451 | Iter Mean Loss 0.9427
2023-12-24 12:58:22,472 - root - INFO - KG & CF Training: Epoch 0006 Iter 0012 / 0041 | Time 0.1s | Iter Loss 0.9510 | Iter Mean Loss 0.9434
2023-12-24 12:58:22,587 - root - INFO - KG & CF Training: Epoch 0006 Iter 0013 / 0041 | Time 0.1s | Iter Loss 0.9427 | Iter Mean Loss 0.9433
2023-12-24 12:58:22,704 - root - INFO - KG & CF Training: Epoch 0006 Iter 0014 / 0041 | Time 0.1s | Iter Loss 0.9487 | Iter Mean Loss 0.9437
2023-12-24 12:58:22,813 - root - INFO - KG & CF Training: Epoch 0006 Iter 0015 / 0041 | Time 0.1s | Iter Loss 0.9383 | Iter Mean Loss 0.9434
2023-12-24 12:58:22,930 - root - INFO - KG & CF Training: Epoch 0006 Iter 0016 / 0041 | Time 0.1s | Iter Loss 0.9434 | Iter Mean Loss 0.9434
2023-12-24 12:58:23,039 - root - INFO - KG & CF Training: Epoch 0006 Iter 0017 / 0041 | Time 0.1s | Iter Loss 0.9450 | Iter Mean Loss 0.9435
2023-12-24 12:58:23,182 - root - INFO - KG & CF Training: Epoch 0006 Iter 0018 / 0041 | Time 0.1s | Iter Loss 0.9332 | Iter Mean Loss 0.9429
2023-12-24 12:58:23,294 - root - INFO - KG & CF Training: Epoch 0006 Iter 0019 / 0041 | Time 0.1s | Iter Loss 0.9305 | Iter Mean Loss 0.9422
2023-12-24 12:58:23,420 - root - INFO - KG & CF Training: Epoch 0006 Iter 0020 / 0041 | Time 0.1s | Iter Loss 0.9381 | Iter Mean Loss 0.9420
2023-12-24 12:58:23,542 - root - INFO - KG & CF Training: Epoch 0006 Iter 0021 / 0041 | Time 0.1s | Iter Loss 0.9369 | Iter Mean Loss 0.9418
2023-12-24 12:58:23,665 - root - INFO - KG & CF Training: Epoch 0006 Iter 0022 / 0041 | Time 0.1s | Iter Loss 0.9391 | Iter Mean Loss 0.9417
2023-12-24 12:58:23,782 - root - INFO - KG & CF Training: Epoch 0006 Iter 0023 / 0041 | Time 0.1s | Iter Loss 0.9305 | Iter Mean Loss 0.9412
2023-12-24 12:58:23,910 - root - INFO - KG & CF Training: Epoch 0006 Iter 0024 / 0041 | Time 0.1s | Iter Loss 0.9328 | Iter Mean Loss 0.9408
2023-12-24 12:58:24,033 - root - INFO - KG & CF Training: Epoch 0006 Iter 0025 / 0041 | Time 0.1s | Iter Loss 0.9301 | Iter Mean Loss 0.9404
2023-12-24 12:58:24,144 - root - INFO - KG & CF Training: Epoch 0006 Iter 0026 / 0041 | Time 0.1s | Iter Loss 0.9351 | Iter Mean Loss 0.9402
2023-12-24 12:58:24,258 - root - INFO - KG & CF Training: Epoch 0006 Iter 0027 / 0041 | Time 0.1s | Iter Loss 0.9401 | Iter Mean Loss 0.9402
2023-12-24 12:58:24,382 - root - INFO - KG & CF Training: Epoch 0006 Iter 0028 / 0041 | Time 0.1s | Iter Loss 0.9332 | Iter Mean Loss 0.9399
2023-12-24 12:58:24,511 - root - INFO - KG & CF Training: Epoch 0006 Iter 0029 / 0041 | Time 0.1s | Iter Loss 0.9336 | Iter Mean Loss 0.9397
2023-12-24 12:58:24,628 - root - INFO - KG & CF Training: Epoch 0006 Iter 0030 / 0041 | Time 0.1s | Iter Loss 0.9416 | Iter Mean Loss 0.9398
2023-12-24 12:58:24,731 - root - INFO - KG & CF Training: Epoch 0006 Iter 0031 / 0041 | Time 0.1s | Iter Loss 0.9344 | Iter Mean Loss 0.9396
2023-12-24 12:58:24,850 - root - INFO - KG & CF Training: Epoch 0006 Iter 0032 / 0041 | Time 0.1s | Iter Loss 0.9336 | Iter Mean Loss 0.9394
2023-12-24 12:58:24,974 - root - INFO - KG & CF Training: Epoch 0006 Iter 0033 / 0041 | Time 0.1s | Iter Loss 0.9420 | Iter Mean Loss 0.9395
2023-12-24 12:58:25,093 - root - INFO - KG & CF Training: Epoch 0006 Iter 0034 / 0041 | Time 0.1s | Iter Loss 0.9358 | Iter Mean Loss 0.9394
2023-12-24 12:58:25,211 - root - INFO - KG & CF Training: Epoch 0006 Iter 0035 / 0041 | Time 0.1s | Iter Loss 0.9343 | Iter Mean Loss 0.9392
2023-12-24 12:58:25,326 - root - INFO - KG & CF Training: Epoch 0006 Iter 0036 / 0041 | Time 0.1s | Iter Loss 0.9325 | Iter Mean Loss 0.9391
2023-12-24 12:58:25,432 - root - INFO - KG & CF Training: Epoch 0006 Iter 0037 / 0041 | Time 0.1s | Iter Loss 0.9332 | Iter Mean Loss 0.9389
2023-12-24 12:58:25,547 - root - INFO - KG & CF Training: Epoch 0006 Iter 0038 / 0041 | Time 0.1s | Iter Loss 0.9402 | Iter Mean Loss 0.9389
2023-12-24 12:58:25,673 - root - INFO - KG & CF Training: Epoch 0006 Iter 0039 / 0041 | Time 0.1s | Iter Loss 0.9393 | Iter Mean Loss 0.9389
2023-12-24 12:58:25,794 - root - INFO - KG & CF Training: Epoch 0006 Iter 0040 / 0041 | Time 0.1s | Iter Loss 0.9351 | Iter Mean Loss 0.9388
2023-12-24 12:58:25,914 - root - INFO - KG & CF Training: Epoch 0006 Iter 0041 / 0041 | Time 0.1s | Iter Loss 0.9300 | Iter Mean Loss 0.9386
2023-12-24 12:58:25,915 - root - INFO - KG & CF Training: Epoch 0006 Total Iter 0041 | Total Time 4.8s | Iter Mean Loss 0.9386
2023-12-24 12:58:26,032 - root - INFO - KG & CF Training: Epoch 0007 Iter 0001 / 0041 | Time 0.1s | Iter Loss 0.9319 | Iter Mean Loss 0.9319
2023-12-24 12:58:26,153 - root - INFO - KG & CF Training: Epoch 0007 Iter 0002 / 0041 | Time 0.1s | Iter Loss 0.9267 | Iter Mean Loss 0.9293
2023-12-24 12:58:26,263 - root - INFO - KG & CF Training: Epoch 0007 Iter 0003 / 0041 | Time 0.1s | Iter Loss 0.9252 | Iter Mean Loss 0.9279
2023-12-24 12:58:26,382 - root - INFO - KG & CF Training: Epoch 0007 Iter 0004 / 0041 | Time 0.1s | Iter Loss 0.9347 | Iter Mean Loss 0.9296
2023-12-24 12:58:26,506 - root - INFO - KG & CF Training: Epoch 0007 Iter 0005 / 0041 | Time 0.1s | Iter Loss 0.9230 | Iter Mean Loss 0.9283
2023-12-24 12:58:26,630 - root - INFO - KG & CF Training: Epoch 0007 Iter 0006 / 0041 | Time 0.1s | Iter Loss 0.9315 | Iter Mean Loss 0.9288
2023-12-24 12:58:26,750 - root - INFO - KG & CF Training: Epoch 0007 Iter 0007 / 0041 | Time 0.1s | Iter Loss 0.9172 | Iter Mean Loss 0.9272
2023-12-24 12:58:26,862 - root - INFO - KG & CF Training: Epoch 0007 Iter 0008 / 0041 | Time 0.1s | Iter Loss 0.9291 | Iter Mean Loss 0.9274
2023-12-24 12:58:26,983 - root - INFO - KG & CF Training: Epoch 0007 Iter 0009 / 0041 | Time 0.1s | Iter Loss 0.9243 | Iter Mean Loss 0.9271
2023-12-24 12:58:27,108 - root - INFO - KG & CF Training: Epoch 0007 Iter 0010 / 0041 | Time 0.1s | Iter Loss 0.9270 | Iter Mean Loss 0.9271
2023-12-24 12:58:27,235 - root - INFO - KG & CF Training: Epoch 0007 Iter 0011 / 0041 | Time 0.1s | Iter Loss 0.9314 | Iter Mean Loss 0.9275
2023-12-24 12:58:27,338 - root - INFO - KG & CF Training: Epoch 0007 Iter 0012 / 0041 | Time 0.1s | Iter Loss 0.9290 | Iter Mean Loss 0.9276
2023-12-24 12:58:27,448 - root - INFO - KG & CF Training: Epoch 0007 Iter 0013 / 0041 | Time 0.1s | Iter Loss 0.9264 | Iter Mean Loss 0.9275
2023-12-24 12:58:27,564 - root - INFO - KG & CF Training: Epoch 0007 Iter 0014 / 0041 | Time 0.1s | Iter Loss 0.9231 | Iter Mean Loss 0.9272
2023-12-24 12:58:27,692 - root - INFO - KG & CF Training: Epoch 0007 Iter 0015 / 0041 | Time 0.1s | Iter Loss 0.9278 | Iter Mean Loss 0.9272
2023-12-24 12:58:27,805 - root - INFO - KG & CF Training: Epoch 0007 Iter 0016 / 0041 | Time 0.1s | Iter Loss 0.9253 | Iter Mean Loss 0.9271
2023-12-24 12:58:27,917 - root - INFO - KG & CF Training: Epoch 0007 Iter 0017 / 0041 | Time 0.1s | Iter Loss 0.9391 | Iter Mean Loss 0.9278
2023-12-24 12:58:28,046 - root - INFO - KG & CF Training: Epoch 0007 Iter 0018 / 0041 | Time 0.1s | Iter Loss 0.9241 | Iter Mean Loss 0.9276
2023-12-24 12:58:28,160 - root - INFO - KG & CF Training: Epoch 0007 Iter 0019 / 0041 | Time 0.1s | Iter Loss 0.9245 | Iter Mean Loss 0.9274
2023-12-24 12:58:28,270 - root - INFO - KG & CF Training: Epoch 0007 Iter 0020 / 0041 | Time 0.1s | Iter Loss 0.9222 | Iter Mean Loss 0.9272
2023-12-24 12:58:28,384 - root - INFO - KG & CF Training: Epoch 0007 Iter 0021 / 0041 | Time 0.1s | Iter Loss 0.9303 | Iter Mean Loss 0.9273
2023-12-24 12:58:28,489 - root - INFO - KG & CF Training: Epoch 0007 Iter 0022 / 0041 | Time 0.1s | Iter Loss 0.9241 | Iter Mean Loss 0.9272
2023-12-24 12:58:28,611 - root - INFO - KG & CF Training: Epoch 0007 Iter 0023 / 0041 | Time 0.1s | Iter Loss 0.9160 | Iter Mean Loss 0.9267
2023-12-24 12:58:28,733 - root - INFO - KG & CF Training: Epoch 0007 Iter 0024 / 0041 | Time 0.1s | Iter Loss 0.9320 | Iter Mean Loss 0.9269
2023-12-24 12:58:28,853 - root - INFO - KG & CF Training: Epoch 0007 Iter 0025 / 0041 | Time 0.1s | Iter Loss 0.9198 | Iter Mean Loss 0.9266
2023-12-24 12:58:28,975 - root - INFO - KG & CF Training: Epoch 0007 Iter 0026 / 0041 | Time 0.1s | Iter Loss 0.9157 | Iter Mean Loss 0.9262
2023-12-24 12:58:29,111 - root - INFO - KG & CF Training: Epoch 0007 Iter 0027 / 0041 | Time 0.1s | Iter Loss 0.9307 | Iter Mean Loss 0.9264
2023-12-24 12:58:29,222 - root - INFO - KG & CF Training: Epoch 0007 Iter 0028 / 0041 | Time 0.1s | Iter Loss 0.9233 | Iter Mean Loss 0.9263
2023-12-24 12:58:29,349 - root - INFO - KG & CF Training: Epoch 0007 Iter 0029 / 0041 | Time 0.1s | Iter Loss 0.9242 | Iter Mean Loss 0.9262
2023-12-24 12:58:29,475 - root - INFO - KG & CF Training: Epoch 0007 Iter 0030 / 0041 | Time 0.1s | Iter Loss 0.9240 | Iter Mean Loss 0.9261
2023-12-24 12:58:29,595 - root - INFO - KG & CF Training: Epoch 0007 Iter 0031 / 0041 | Time 0.1s | Iter Loss 0.9264 | Iter Mean Loss 0.9261
2023-12-24 12:58:29,709 - root - INFO - KG & CF Training: Epoch 0007 Iter 0032 / 0041 | Time 0.1s | Iter Loss 0.9240 | Iter Mean Loss 0.9261
2023-12-24 12:58:29,835 - root - INFO - KG & CF Training: Epoch 0007 Iter 0033 / 0041 | Time 0.1s | Iter Loss 0.9150 | Iter Mean Loss 0.9257
2023-12-24 12:58:29,967 - root - INFO - KG & CF Training: Epoch 0007 Iter 0034 / 0041 | Time 0.1s | Iter Loss 0.9286 | Iter Mean Loss 0.9258
2023-12-24 12:58:30,082 - root - INFO - KG & CF Training: Epoch 0007 Iter 0035 / 0041 | Time 0.1s | Iter Loss 0.9173 | Iter Mean Loss 0.9256
2023-12-24 12:58:30,187 - root - INFO - KG & CF Training: Epoch 0007 Iter 0036 / 0041 | Time 0.1s | Iter Loss 0.9163 | Iter Mean Loss 0.9253
2023-12-24 12:58:30,306 - root - INFO - KG & CF Training: Epoch 0007 Iter 0037 / 0041 | Time 0.1s | Iter Loss 0.9315 | Iter Mean Loss 0.9255
2023-12-24 12:58:30,423 - root - INFO - KG & CF Training: Epoch 0007 Iter 0038 / 0041 | Time 0.1s | Iter Loss 0.9279 | Iter Mean Loss 0.9255
2023-12-24 12:58:30,529 - root - INFO - KG & CF Training: Epoch 0007 Iter 0039 / 0041 | Time 0.1s | Iter Loss 0.9174 | Iter Mean Loss 0.9253
2023-12-24 12:58:30,638 - root - INFO - KG & CF Training: Epoch 0007 Iter 0040 / 0041 | Time 0.1s | Iter Loss 0.9278 | Iter Mean Loss 0.9254
2023-12-24 12:58:30,759 - root - INFO - KG & CF Training: Epoch 0007 Iter 0041 / 0041 | Time 0.1s | Iter Loss 0.9145 | Iter Mean Loss 0.9251
2023-12-24 12:58:30,759 - root - INFO - KG & CF Training: Epoch 0007 Total Iter 0041 | Total Time 4.8s | Iter Mean Loss 0.9251
2023-12-24 12:58:30,889 - root - INFO - KG & CF Training: Epoch 0008 Iter 0001 / 0041 | Time 0.1s | Iter Loss 0.9246 | Iter Mean Loss 0.9246
2023-12-24 12:58:31,000 - root - INFO - KG & CF Training: Epoch 0008 Iter 0002 / 0041 | Time 0.1s | Iter Loss 0.9287 | Iter Mean Loss 0.9266
2023-12-24 12:58:31,118 - root - INFO - KG & CF Training: Epoch 0008 Iter 0003 / 0041 | Time 0.1s | Iter Loss 0.9228 | Iter Mean Loss 0.9254
2023-12-24 12:58:31,238 - root - INFO - KG & CF Training: Epoch 0008 Iter 0004 / 0041 | Time 0.1s | Iter Loss 0.9252 | Iter Mean Loss 0.9253
2023-12-24 12:58:31,359 - root - INFO - KG & CF Training: Epoch 0008 Iter 0005 / 0041 | Time 0.1s | Iter Loss 0.9243 | Iter Mean Loss 0.9251
2023-12-24 12:58:31,480 - root - INFO - KG & CF Training: Epoch 0008 Iter 0006 / 0041 | Time 0.1s | Iter Loss 0.9164 | Iter Mean Loss 0.9237
2023-12-24 12:58:31,603 - root - INFO - KG & CF Training: Epoch 0008 Iter 0007 / 0041 | Time 0.1s | Iter Loss 0.9110 | Iter Mean Loss 0.9219
2023-12-24 12:58:31,725 - root - INFO - KG & CF Training: Epoch 0008 Iter 0008 / 0041 | Time 0.1s | Iter Loss 0.9225 | Iter Mean Loss 0.9219
2023-12-24 12:58:31,845 - root - INFO - KG & CF Training: Epoch 0008 Iter 0009 / 0041 | Time 0.1s | Iter Loss 0.9184 | Iter Mean Loss 0.9215
2023-12-24 12:58:31,972 - root - INFO - KG & CF Training: Epoch 0008 Iter 0010 / 0041 | Time 0.1s | Iter Loss 0.9236 | Iter Mean Loss 0.9217
2023-12-24 12:58:32,104 - root - INFO - KG & CF Training: Epoch 0008 Iter 0011 / 0041 | Time 0.1s | Iter Loss 0.9142 | Iter Mean Loss 0.9211
2023-12-24 12:58:32,218 - root - INFO - KG & CF Training: Epoch 0008 Iter 0012 / 0041 | Time 0.1s | Iter Loss 0.9154 | Iter Mean Loss 0.9206
2023-12-24 12:58:32,341 - root - INFO - KG & CF Training: Epoch 0008 Iter 0013 / 0041 | Time 0.1s | Iter Loss 0.9206 | Iter Mean Loss 0.9206
2023-12-24 12:58:32,450 - root - INFO - KG & CF Training: Epoch 0008 Iter 0014 / 0041 | Time 0.1s | Iter Loss 0.9147 | Iter Mean Loss 0.9202
2023-12-24 12:58:32,575 - root - INFO - KG & CF Training: Epoch 0008 Iter 0015 / 0041 | Time 0.1s | Iter Loss 0.9268 | Iter Mean Loss 0.9206
2023-12-24 12:58:32,728 - root - INFO - KG & CF Training: Epoch 0008 Iter 0016 / 0041 | Time 0.2s | Iter Loss 0.9272 | Iter Mean Loss 0.9210
2023-12-24 12:58:32,856 - root - INFO - KG & CF Training: Epoch 0008 Iter 0017 / 0041 | Time 0.1s | Iter Loss 0.9227 | Iter Mean Loss 0.9211
2023-12-24 12:58:32,970 - root - INFO - KG & CF Training: Epoch 0008 Iter 0018 / 0041 | Time 0.1s | Iter Loss 0.9150 | Iter Mean Loss 0.9208
2023-12-24 12:58:33,122 - root - INFO - KG & CF Training: Epoch 0008 Iter 0019 / 0041 | Time 0.2s | Iter Loss 0.9175 | Iter Mean Loss 0.9206
2023-12-24 12:58:33,268 - root - INFO - KG & CF Training: Epoch 0008 Iter 0020 / 0041 | Time 0.1s | Iter Loss 0.9143 | Iter Mean Loss 0.9203
2023-12-24 12:58:33,418 - root - INFO - KG & CF Training: Epoch 0008 Iter 0021 / 0041 | Time 0.1s | Iter Loss 0.9165 | Iter Mean Loss 0.9201
2023-12-24 12:58:33,537 - root - INFO - KG & CF Training: Epoch 0008 Iter 0022 / 0041 | Time 0.1s | Iter Loss 0.9167 | Iter Mean Loss 0.9200
2023-12-24 12:58:33,676 - root - INFO - KG & CF Training: Epoch 0008 Iter 0023 / 0041 | Time 0.1s | Iter Loss 0.9220 | Iter Mean Loss 0.9200
2023-12-24 12:58:33,830 - root - INFO - KG & CF Training: Epoch 0008 Iter 0024 / 0041 | Time 0.2s | Iter Loss 0.9218 | Iter Mean Loss 0.9201
2023-12-24 12:58:33,989 - root - INFO - KG & CF Training: Epoch 0008 Iter 0025 / 0041 | Time 0.2s | Iter Loss 0.9221 | Iter Mean Loss 0.9202
2023-12-24 12:58:34,138 - root - INFO - KG & CF Training: Epoch 0008 Iter 0026 / 0041 | Time 0.1s | Iter Loss 0.9188 | Iter Mean Loss 0.9201
2023-12-24 12:58:34,277 - root - INFO - KG & CF Training: Epoch 0008 Iter 0027 / 0041 | Time 0.1s | Iter Loss 0.9103 | Iter Mean Loss 0.9198
2023-12-24 12:58:34,442 - root - INFO - KG & CF Training: Epoch 0008 Iter 0028 / 0041 | Time 0.2s | Iter Loss 0.9097 | Iter Mean Loss 0.9194
2023-12-24 12:58:34,592 - root - INFO - KG & CF Training: Epoch 0008 Iter 0029 / 0041 | Time 0.2s | Iter Loss 0.9139 | Iter Mean Loss 0.9192
2023-12-24 12:58:34,750 - root - INFO - KG & CF Training: Epoch 0008 Iter 0030 / 0041 | Time 0.2s | Iter Loss 0.9263 | Iter Mean Loss 0.9195
2023-12-24 12:58:34,913 - root - INFO - KG & CF Training: Epoch 0008 Iter 0031 / 0041 | Time 0.2s | Iter Loss 0.9112 | Iter Mean Loss 0.9192
2023-12-24 12:58:35,054 - root - INFO - KG & CF Training: Epoch 0008 Iter 0032 / 0041 | Time 0.1s | Iter Loss 0.9141 | Iter Mean Loss 0.9190
2023-12-24 12:58:35,206 - root - INFO - KG & CF Training: Epoch 0008 Iter 0033 / 0041 | Time 0.2s | Iter Loss 0.9075 | Iter Mean Loss 0.9187
2023-12-24 12:58:35,359 - root - INFO - KG & CF Training: Epoch 0008 Iter 0034 / 0041 | Time 0.2s | Iter Loss 0.9195 | Iter Mean Loss 0.9187
2023-12-24 12:58:35,480 - root - INFO - KG & CF Training: Epoch 0008 Iter 0035 / 0041 | Time 0.1s | Iter Loss 0.9261 | Iter Mean Loss 0.9189
2023-12-24 12:58:35,606 - root - INFO - KG & CF Training: Epoch 0008 Iter 0036 / 0041 | Time 0.1s | Iter Loss 0.9133 | Iter Mean Loss 0.9188
2023-12-24 12:58:35,766 - root - INFO - KG & CF Training: Epoch 0008 Iter 0037 / 0041 | Time 0.2s | Iter Loss 0.9175 | Iter Mean Loss 0.9187
2023-12-24 12:58:35,930 - root - INFO - KG & CF Training: Epoch 0008 Iter 0038 / 0041 | Time 0.2s | Iter Loss 0.9166 | Iter Mean Loss 0.9187
2023-12-24 12:58:36,068 - root - INFO - KG & CF Training: Epoch 0008 Iter 0039 / 0041 | Time 0.1s | Iter Loss 0.9190 | Iter Mean Loss 0.9187
2023-12-24 12:58:36,226 - root - INFO - KG & CF Training: Epoch 0008 Iter 0040 / 0041 | Time 0.2s | Iter Loss 0.9081 | Iter Mean Loss 0.9184
2023-12-24 12:58:36,382 - root - INFO - KG & CF Training: Epoch 0008 Iter 0041 / 0041 | Time 0.2s | Iter Loss 0.9190 | Iter Mean Loss 0.9184
2023-12-24 12:58:36,382 - root - INFO - KG & CF Training: Epoch 0008 Total Iter 0041 | Total Time 5.6s | Iter Mean Loss 0.9184
2023-12-24 12:58:36,538 - root - INFO - KG & CF Training: Epoch 0009 Iter 0001 / 0041 | Time 0.2s | Iter Loss 0.9133 | Iter Mean Loss 0.9133
2023-12-24 12:58:36,666 - root - INFO - KG & CF Training: Epoch 0009 Iter 0002 / 0041 | Time 0.1s | Iter Loss 0.9141 | Iter Mean Loss 0.9137
2023-12-24 12:58:36,808 - root - INFO - KG & CF Training: Epoch 0009 Iter 0003 / 0041 | Time 0.1s | Iter Loss 0.9075 | Iter Mean Loss 0.9116
2023-12-24 12:58:36,951 - root - INFO - KG & CF Training: Epoch 0009 Iter 0004 / 0041 | Time 0.1s | Iter Loss 0.9184 | Iter Mean Loss 0.9133
2023-12-24 12:58:37,095 - root - INFO - KG & CF Training: Epoch 0009 Iter 0005 / 0041 | Time 0.1s | Iter Loss 0.9072 | Iter Mean Loss 0.9121
2023-12-24 12:58:37,216 - root - INFO - KG & CF Training: Epoch 0009 Iter 0006 / 0041 | Time 0.1s | Iter Loss 0.9170 | Iter Mean Loss 0.9129
2023-12-24 12:58:37,351 - root - INFO - KG & CF Training: Epoch 0009 Iter 0007 / 0041 | Time 0.1s | Iter Loss 0.9102 | Iter Mean Loss 0.9125
2023-12-24 12:58:37,491 - root - INFO - KG & CF Training: Epoch 0009 Iter 0008 / 0041 | Time 0.1s | Iter Loss 0.9098 | Iter Mean Loss 0.9122
2023-12-24 12:58:37,622 - root - INFO - KG & CF Training: Epoch 0009 Iter 0009 / 0041 | Time 0.1s | Iter Loss 0.9108 | Iter Mean Loss 0.9120
2023-12-24 12:58:37,763 - root - INFO - KG & CF Training: Epoch 0009 Iter 0010 / 0041 | Time 0.1s | Iter Loss 0.9218 | Iter Mean Loss 0.9130
2023-12-24 12:58:37,883 - root - INFO - KG & CF Training: Epoch 0009 Iter 0011 / 0041 | Time 0.1s | Iter Loss 0.9130 | Iter Mean Loss 0.9130
2023-12-24 12:58:38,038 - root - INFO - KG & CF Training: Epoch 0009 Iter 0012 / 0041 | Time 0.2s | Iter Loss 0.9096 | Iter Mean Loss 0.9127
2023-12-24 12:58:38,170 - root - INFO - KG & CF Training: Epoch 0009 Iter 0013 / 0041 | Time 0.1s | Iter Loss 0.9096 | Iter Mean Loss 0.9125
2023-12-24 12:58:38,299 - root - INFO - KG & CF Training: Epoch 0009 Iter 0014 / 0041 | Time 0.1s | Iter Loss 0.9101 | Iter Mean Loss 0.9123
2023-12-24 12:58:38,435 - root - INFO - KG & CF Training: Epoch 0009 Iter 0015 / 0041 | Time 0.1s | Iter Loss 0.9091 | Iter Mean Loss 0.9121
2023-12-24 12:58:38,571 - root - INFO - KG & CF Training: Epoch 0009 Iter 0016 / 0041 | Time 0.1s | Iter Loss 0.9113 | Iter Mean Loss 0.9120
2023-12-24 12:58:38,722 - root - INFO - KG & CF Training: Epoch 0009 Iter 0017 / 0041 | Time 0.1s | Iter Loss 0.9184 | Iter Mean Loss 0.9124
2023-12-24 12:58:38,854 - root - INFO - KG & CF Training: Epoch 0009 Iter 0018 / 0041 | Time 0.1s | Iter Loss 0.9053 | Iter Mean Loss 0.9120
2023-12-24 12:58:38,987 - root - INFO - KG & CF Training: Epoch 0009 Iter 0019 / 0041 | Time 0.1s | Iter Loss 0.9089 | Iter Mean Loss 0.9119
2023-12-24 12:58:39,123 - root - INFO - KG & CF Training: Epoch 0009 Iter 0020 / 0041 | Time 0.1s | Iter Loss 0.9077 | Iter Mean Loss 0.9116
2023-12-24 12:58:39,256 - root - INFO - KG & CF Training: Epoch 0009 Iter 0021 / 0041 | Time 0.1s | Iter Loss 0.9105 | Iter Mean Loss 0.9116
2023-12-24 12:58:39,382 - root - INFO - KG & CF Training: Epoch 0009 Iter 0022 / 0041 | Time 0.1s | Iter Loss 0.9054 | Iter Mean Loss 0.9113
2023-12-24 12:58:39,546 - root - INFO - KG & CF Training: Epoch 0009 Iter 0023 / 0041 | Time 0.2s | Iter Loss 0.9054 | Iter Mean Loss 0.9110
2023-12-24 12:58:39,695 - root - INFO - KG & CF Training: Epoch 0009 Iter 0024 / 0041 | Time 0.1s | Iter Loss 0.9132 | Iter Mean Loss 0.9111
2023-12-24 12:58:39,834 - root - INFO - KG & CF Training: Epoch 0009 Iter 0025 / 0041 | Time 0.1s | Iter Loss 0.9043 | Iter Mean Loss 0.9109
2023-12-24 12:58:39,970 - root - INFO - KG & CF Training: Epoch 0009 Iter 0026 / 0041 | Time 0.1s | Iter Loss 0.9061 | Iter Mean Loss 0.9107
2023-12-24 12:58:40,125 - root - INFO - KG & CF Training: Epoch 0009 Iter 0027 / 0041 | Time 0.2s | Iter Loss 0.9183 | Iter Mean Loss 0.9110
2023-12-24 12:58:40,262 - root - INFO - KG & CF Training: Epoch 0009 Iter 0028 / 0041 | Time 0.1s | Iter Loss 0.9023 | Iter Mean Loss 0.9107
2023-12-24 12:58:40,395 - root - INFO - KG & CF Training: Epoch 0009 Iter 0029 / 0041 | Time 0.1s | Iter Loss 0.9039 | Iter Mean Loss 0.9104
2023-12-24 12:58:40,520 - root - INFO - KG & CF Training: Epoch 0009 Iter 0030 / 0041 | Time 0.1s | Iter Loss 0.9076 | Iter Mean Loss 0.9103
2023-12-24 12:58:40,654 - root - INFO - KG & CF Training: Epoch 0009 Iter 0031 / 0041 | Time 0.1s | Iter Loss 0.9045 | Iter Mean Loss 0.9101
2023-12-24 12:58:40,782 - root - INFO - KG & CF Training: Epoch 0009 Iter 0032 / 0041 | Time 0.1s | Iter Loss 0.9081 | Iter Mean Loss 0.9101
2023-12-24 12:58:40,910 - root - INFO - KG & CF Training: Epoch 0009 Iter 0033 / 0041 | Time 0.1s | Iter Loss 0.9073 | Iter Mean Loss 0.9100
2023-12-24 12:58:41,060 - root - INFO - KG & CF Training: Epoch 0009 Iter 0034 / 0041 | Time 0.1s | Iter Loss 0.9107 | Iter Mean Loss 0.9100
2023-12-24 12:58:41,197 - root - INFO - KG & CF Training: Epoch 0009 Iter 0035 / 0041 | Time 0.1s | Iter Loss 0.9152 | Iter Mean Loss 0.9102
2023-12-24 12:58:41,325 - root - INFO - KG & CF Training: Epoch 0009 Iter 0036 / 0041 | Time 0.1s | Iter Loss 0.9016 | Iter Mean Loss 0.9099
2023-12-24 12:58:41,453 - root - INFO - KG & CF Training: Epoch 0009 Iter 0037 / 0041 | Time 0.1s | Iter Loss 0.9056 | Iter Mean Loss 0.9098
2023-12-24 12:58:41,577 - root - INFO - KG & CF Training: Epoch 0009 Iter 0038 / 0041 | Time 0.1s | Iter Loss 0.9086 | Iter Mean Loss 0.9098
2023-12-24 12:58:41,708 - root - INFO - KG & CF Training: Epoch 0009 Iter 0039 / 0041 | Time 0.1s | Iter Loss 0.8966 | Iter Mean Loss 0.9094
2023-12-24 12:58:41,843 - root - INFO - KG & CF Training: Epoch 0009 Iter 0040 / 0041 | Time 0.1s | Iter Loss 0.9028 | Iter Mean Loss 0.9093
2023-12-24 12:58:41,970 - root - INFO - KG & CF Training: Epoch 0009 Iter 0041 / 0041 | Time 0.1s | Iter Loss 0.9005 | Iter Mean Loss 0.9091
2023-12-24 12:58:41,971 - root - INFO - KG & CF Training: Epoch 0009 Total Iter 0041 | Total Time 5.6s | Iter Mean Loss 0.9091
2023-12-24 12:58:42,118 - root - INFO - KG & CF Training: Epoch 0010 Iter 0001 / 0041 | Time 0.1s | Iter Loss 0.9140 | Iter Mean Loss 0.9140
2023-12-24 12:58:42,249 - root - INFO - KG & CF Training: Epoch 0010 Iter 0002 / 0041 | Time 0.1s | Iter Loss 0.9084 | Iter Mean Loss 0.9112
2023-12-24 12:58:42,378 - root - INFO - KG & CF Training: Epoch 0010 Iter 0003 / 0041 | Time 0.1s | Iter Loss 0.9166 | Iter Mean Loss 0.9130
2023-12-24 12:58:42,512 - root - INFO - KG & CF Training: Epoch 0010 Iter 0004 / 0041 | Time 0.1s | Iter Loss 0.9057 | Iter Mean Loss 0.9112
2023-12-24 12:58:42,651 - root - INFO - KG & CF Training: Epoch 0010 Iter 0005 / 0041 | Time 0.1s | Iter Loss 0.9068 | Iter Mean Loss 0.9103
2023-12-24 12:58:42,784 - root - INFO - KG & CF Training: Epoch 0010 Iter 0006 / 0041 | Time 0.1s | Iter Loss 0.9048 | Iter Mean Loss 0.9094
2023-12-24 12:58:42,924 - root - INFO - KG & CF Training: Epoch 0010 Iter 0007 / 0041 | Time 0.1s | Iter Loss 0.9015 | Iter Mean Loss 0.9083
2023-12-24 12:58:43,052 - root - INFO - KG & CF Training: Epoch 0010 Iter 0008 / 0041 | Time 0.1s | Iter Loss 0.9046 | Iter Mean Loss 0.9078
2023-12-24 12:58:43,187 - root - INFO - KG & CF Training: Epoch 0010 Iter 0009 / 0041 | Time 0.1s | Iter Loss 0.9120 | Iter Mean Loss 0.9083
2023-12-24 12:58:43,329 - root - INFO - KG & CF Training: Epoch 0010 Iter 0010 / 0041 | Time 0.1s | Iter Loss 0.9045 | Iter Mean Loss 0.9079
2023-12-24 12:58:43,455 - root - INFO - KG & CF Training: Epoch 0010 Iter 0011 / 0041 | Time 0.1s | Iter Loss 0.8963 | Iter Mean Loss 0.9069
2023-12-24 12:58:43,596 - root - INFO - KG & CF Training: Epoch 0010 Iter 0012 / 0041 | Time 0.1s | Iter Loss 0.9136 | Iter Mean Loss 0.9074
2023-12-24 12:58:43,734 - root - INFO - KG & CF Training: Epoch 0010 Iter 0013 / 0041 | Time 0.1s | Iter Loss 0.9042 | Iter Mean Loss 0.9072
2023-12-24 12:58:43,878 - root - INFO - KG & CF Training: Epoch 0010 Iter 0014 / 0041 | Time 0.1s | Iter Loss 0.9071 | Iter Mean Loss 0.9072
2023-12-24 12:58:44,009 - root - INFO - KG & CF Training: Epoch 0010 Iter 0015 / 0041 | Time 0.1s | Iter Loss 0.9128 | Iter Mean Loss 0.9075
2023-12-24 12:58:44,146 - root - INFO - KG & CF Training: Epoch 0010 Iter 0016 / 0041 | Time 0.1s | Iter Loss 0.9050 | Iter Mean Loss 0.9074
2023-12-24 12:58:44,283 - root - INFO - KG & CF Training: Epoch 0010 Iter 0017 / 0041 | Time 0.1s | Iter Loss 0.9060 | Iter Mean Loss 0.9073
2023-12-24 12:58:44,423 - root - INFO - KG & CF Training: Epoch 0010 Iter 0018 / 0041 | Time 0.1s | Iter Loss 0.9096 | Iter Mean Loss 0.9074
2023-12-24 12:58:44,563 - root - INFO - KG & CF Training: Epoch 0010 Iter 0019 / 0041 | Time 0.1s | Iter Loss 0.9081 | Iter Mean Loss 0.9075
2023-12-24 12:58:44,683 - root - INFO - KG & CF Training: Epoch 0010 Iter 0020 / 0041 | Time 0.1s | Iter Loss 0.9137 | Iter Mean Loss 0.9078
2023-12-24 12:58:44,808 - root - INFO - KG & CF Training: Epoch 0010 Iter 0021 / 0041 | Time 0.1s | Iter Loss 0.9018 | Iter Mean Loss 0.9075
2023-12-24 12:58:44,941 - root - INFO - KG & CF Training: Epoch 0010 Iter 0022 / 0041 | Time 0.1s | Iter Loss 0.9120 | Iter Mean Loss 0.9077
2023-12-24 12:58:45,083 - root - INFO - KG & CF Training: Epoch 0010 Iter 0023 / 0041 | Time 0.1s | Iter Loss 0.9100 | Iter Mean Loss 0.9078
2023-12-24 12:58:45,221 - root - INFO - KG & CF Training: Epoch 0010 Iter 0024 / 0041 | Time 0.1s | Iter Loss 0.9057 | Iter Mean Loss 0.9077
2023-12-24 12:58:45,354 - root - INFO - KG & CF Training: Epoch 0010 Iter 0025 / 0041 | Time 0.1s | Iter Loss 0.9017 | Iter Mean Loss 0.9075
2023-12-24 12:58:45,481 - root - INFO - KG & CF Training: Epoch 0010 Iter 0026 / 0041 | Time 0.1s | Iter Loss 0.9070 | Iter Mean Loss 0.9075
2023-12-24 12:58:45,606 - root - INFO - KG & CF Training: Epoch 0010 Iter 0027 / 0041 | Time 0.1s | Iter Loss 0.8974 | Iter Mean Loss 0.9071
2023-12-24 12:58:45,743 - root - INFO - KG & CF Training: Epoch 0010 Iter 0028 / 0041 | Time 0.1s | Iter Loss 0.8977 | Iter Mean Loss 0.9067
2023-12-24 12:58:45,874 - root - INFO - KG & CF Training: Epoch 0010 Iter 0029 / 0041 | Time 0.1s | Iter Loss 0.9087 | Iter Mean Loss 0.9068
2023-12-24 12:58:46,021 - root - INFO - KG & CF Training: Epoch 0010 Iter 0030 / 0041 | Time 0.1s | Iter Loss 0.8999 | Iter Mean Loss 0.9066
2023-12-24 12:58:46,150 - root - INFO - KG & CF Training: Epoch 0010 Iter 0031 / 0041 | Time 0.1s | Iter Loss 0.9157 | Iter Mean Loss 0.9069
2023-12-24 12:58:46,277 - root - INFO - KG & CF Training: Epoch 0010 Iter 0032 / 0041 | Time 0.1s | Iter Loss 0.9094 | Iter Mean Loss 0.9070
2023-12-24 12:58:46,399 - root - INFO - KG & CF Training: Epoch 0010 Iter 0033 / 0041 | Time 0.1s | Iter Loss 0.9044 | Iter Mean Loss 0.9069
2023-12-24 12:58:46,527 - root - INFO - KG & CF Training: Epoch 0010 Iter 0034 / 0041 | Time 0.1s | Iter Loss 0.9014 | Iter Mean Loss 0.9067
2023-12-24 12:58:46,667 - root - INFO - KG & CF Training: Epoch 0010 Iter 0035 / 0041 | Time 0.1s | Iter Loss 0.9121 | Iter Mean Loss 0.9069
2023-12-24 12:58:46,806 - root - INFO - KG & CF Training: Epoch 0010 Iter 0036 / 0041 | Time 0.1s | Iter Loss 0.9099 | Iter Mean Loss 0.9070
2023-12-24 12:58:46,925 - root - INFO - KG & CF Training: Epoch 0010 Iter 0037 / 0041 | Time 0.1s | Iter Loss 0.9010 | Iter Mean Loss 0.9068
2023-12-24 12:58:47,065 - root - INFO - KG & CF Training: Epoch 0010 Iter 0038 / 0041 | Time 0.1s | Iter Loss 0.9067 | Iter Mean Loss 0.9068
2023-12-24 12:58:47,201 - root - INFO - KG & CF Training: Epoch 0010 Iter 0039 / 0041 | Time 0.1s | Iter Loss 0.9110 | Iter Mean Loss 0.9069
2023-12-24 12:58:47,343 - root - INFO - KG & CF Training: Epoch 0010 Iter 0040 / 0041 | Time 0.1s | Iter Loss 0.9113 | Iter Mean Loss 0.9070
2023-12-24 12:58:47,469 - root - INFO - KG & CF Training: Epoch 0010 Iter 0041 / 0041 | Time 0.1s | Iter Loss 0.9016 | Iter Mean Loss 0.9069
2023-12-24 12:58:47,469 - root - INFO - KG & CF Training: Epoch 0010 Total Iter 0041 | Total Time 5.5s | Iter Mean Loss 0.9069
2023-12-24 12:58:47,530 - root - INFO - CF Evaluation: Epoch 0010 | Total Time 0.1s | Precision [0.0595, 0.0597], Recall [0.0105, 0.0211], NDCG [0.0572, 0.0588]
2023-12-24 12:58:47,559 - root - INFO - Save model on epoch 0010!
2023-12-24 12:58:47,685 - root - INFO - KG & CF Training: Epoch 0011 Iter 0001 / 0041 | Time 0.1s | Iter Loss 0.9007 | Iter Mean Loss 0.9007
2023-12-24 12:58:47,802 - root - INFO - KG & CF Training: Epoch 0011 Iter 0002 / 0041 | Time 0.1s | Iter Loss 0.9141 | Iter Mean Loss 0.9074
2023-12-24 12:58:47,936 - root - INFO - KG & CF Training: Epoch 0011 Iter 0003 / 0041 | Time 0.1s | Iter Loss 0.8981 | Iter Mean Loss 0.9043
2023-12-24 12:58:48,090 - root - INFO - KG & CF Training: Epoch 0011 Iter 0004 / 0041 | Time 0.2s | Iter Loss 0.8977 | Iter Mean Loss 0.9026
2023-12-24 12:58:48,238 - root - INFO - KG & CF Training: Epoch 0011 Iter 0005 / 0041 | Time 0.1s | Iter Loss 0.9048 | Iter Mean Loss 0.9031
2023-12-24 12:58:48,368 - root - INFO - KG & CF Training: Epoch 0011 Iter 0006 / 0041 | Time 0.1s | Iter Loss 0.9063 | Iter Mean Loss 0.9036
2023-12-24 12:58:48,504 - root - INFO - KG & CF Training: Epoch 0011 Iter 0007 / 0041 | Time 0.1s | Iter Loss 0.8989 | Iter Mean Loss 0.9029
2023-12-24 12:58:48,649 - root - INFO - KG & CF Training: Epoch 0011 Iter 0008 / 0041 | Time 0.1s | Iter Loss 0.8980 | Iter Mean Loss 0.9023
2023-12-24 12:58:48,801 - root - INFO - KG & CF Training: Epoch 0011 Iter 0009 / 0041 | Time 0.2s | Iter Loss 0.9087 | Iter Mean Loss 0.9030
2023-12-24 12:58:48,947 - root - INFO - KG & CF Training: Epoch 0011 Iter 0010 / 0041 | Time 0.1s | Iter Loss 0.9010 | Iter Mean Loss 0.9028
2023-12-24 12:58:49,090 - root - INFO - KG & CF Training: Epoch 0011 Iter 0011 / 0041 | Time 0.1s | Iter Loss 0.9040 | Iter Mean Loss 0.9029
2023-12-24 12:58:49,202 - root - INFO - KG & CF Training: Epoch 0011 Iter 0012 / 0041 | Time 0.1s | Iter Loss 0.9058 | Iter Mean Loss 0.9032
2023-12-24 12:58:49,316 - root - INFO - KG & CF Training: Epoch 0011 Iter 0013 / 0041 | Time 0.1s | Iter Loss 0.8998 | Iter Mean Loss 0.9029
2023-12-24 12:58:49,437 - root - INFO - KG & CF Training: Epoch 0011 Iter 0014 / 0041 | Time 0.1s | Iter Loss 0.9020 | Iter Mean Loss 0.9028
2023-12-24 12:58:49,564 - root - INFO - KG & CF Training: Epoch 0011 Iter 0015 / 0041 | Time 0.1s | Iter Loss 0.9055 | Iter Mean Loss 0.9030
2023-12-24 12:58:49,704 - root - INFO - KG & CF Training: Epoch 0011 Iter 0016 / 0041 | Time 0.1s | Iter Loss 0.9032 | Iter Mean Loss 0.9030
2023-12-24 12:58:49,817 - root - INFO - KG & CF Training: Epoch 0011 Iter 0017 / 0041 | Time 0.1s | Iter Loss 0.9028 | Iter Mean Loss 0.9030
2023-12-24 12:58:49,957 - root - INFO - KG & CF Training: Epoch 0011 Iter 0018 / 0041 | Time 0.1s | Iter Loss 0.9073 | Iter Mean Loss 0.9033
2023-12-24 12:58:50,103 - root - INFO - KG & CF Training: Epoch 0011 Iter 0019 / 0041 | Time 0.1s | Iter Loss 0.8968 | Iter Mean Loss 0.9029
2023-12-24 12:58:50,257 - root - INFO - KG & CF Training: Epoch 0011 Iter 0020 / 0041 | Time 0.2s | Iter Loss 0.9114 | Iter Mean Loss 0.9033
2023-12-24 12:58:50,422 - root - INFO - KG & CF Training: Epoch 0011 Iter 0021 / 0041 | Time 0.2s | Iter Loss 0.8973 | Iter Mean Loss 0.9031
2023-12-24 12:58:50,585 - root - INFO - KG & CF Training: Epoch 0011 Iter 0022 / 0041 | Time 0.2s | Iter Loss 0.9051 | Iter Mean Loss 0.9031
2023-12-24 12:58:50,728 - root - INFO - KG & CF Training: Epoch 0011 Iter 0023 / 0041 | Time 0.1s | Iter Loss 0.9091 | Iter Mean Loss 0.9034
2023-12-24 12:58:50,858 - root - INFO - KG & CF Training: Epoch 0011 Iter 0024 / 0041 | Time 0.1s | Iter Loss 0.8975 | Iter Mean Loss 0.9032
2023-12-24 12:58:50,984 - root - INFO - KG & CF Training: Epoch 0011 Iter 0025 / 0041 | Time 0.1s | Iter Loss 0.9029 | Iter Mean Loss 0.9031
2023-12-24 12:58:51,113 - root - INFO - KG & CF Training: Epoch 0011 Iter 0026 / 0041 | Time 0.1s | Iter Loss 0.8984 | Iter Mean Loss 0.9030
2023-12-24 12:58:51,231 - root - INFO - KG & CF Training: Epoch 0011 Iter 0027 / 0041 | Time 0.1s | Iter Loss 0.8910 | Iter Mean Loss 0.9025
2023-12-24 12:58:51,350 - root - INFO - KG & CF Training: Epoch 0011 Iter 0028 / 0041 | Time 0.1s | Iter Loss 0.9003 | Iter Mean Loss 0.9024
2023-12-24 12:58:51,472 - root - INFO - KG & CF Training: Epoch 0011 Iter 0029 / 0041 | Time 0.1s | Iter Loss 0.8987 | Iter Mean Loss 0.9023
2023-12-24 12:58:51,614 - root - INFO - KG & CF Training: Epoch 0011 Iter 0030 / 0041 | Time 0.1s | Iter Loss 0.9047 | Iter Mean Loss 0.9024
2023-12-24 12:58:51,756 - root - INFO - KG & CF Training: Epoch 0011 Iter 0031 / 0041 | Time 0.1s | Iter Loss 0.9025 | Iter Mean Loss 0.9024
2023-12-24 12:58:51,881 - root - INFO - KG & CF Training: Epoch 0011 Iter 0032 / 0041 | Time 0.1s | Iter Loss 0.9026 | Iter Mean Loss 0.9024
2023-12-24 12:58:52,025 - root - INFO - KG & CF Training: Epoch 0011 Iter 0033 / 0041 | Time 0.1s | Iter Loss 0.8992 | Iter Mean Loss 0.9023
2023-12-24 12:58:52,137 - root - INFO - KG & CF Training: Epoch 0011 Iter 0034 / 0041 | Time 0.1s | Iter Loss 0.9058 | Iter Mean Loss 0.9024
2023-12-24 12:58:52,267 - root - INFO - KG & CF Training: Epoch 0011 Iter 0035 / 0041 | Time 0.1s | Iter Loss 0.9016 | Iter Mean Loss 0.9024
2023-12-24 12:58:52,407 - root - INFO - KG & CF Training: Epoch 0011 Iter 0036 / 0041 | Time 0.1s | Iter Loss 0.9111 | Iter Mean Loss 0.9026
2023-12-24 12:58:52,550 - root - INFO - KG & CF Training: Epoch 0011 Iter 0037 / 0041 | Time 0.1s | Iter Loss 0.9023 | Iter Mean Loss 0.9026
2023-12-24 12:58:52,696 - root - INFO - KG & CF Training: Epoch 0011 Iter 0038 / 0041 | Time 0.1s | Iter Loss 0.9026 | Iter Mean Loss 0.9026
2023-12-24 12:58:52,825 - root - INFO - KG & CF Training: Epoch 0011 Iter 0039 / 0041 | Time 0.1s | Iter Loss 0.9044 | Iter Mean Loss 0.9027
2023-12-24 12:58:52,981 - root - INFO - KG & CF Training: Epoch 0011 Iter 0040 / 0041 | Time 0.2s | Iter Loss 0.9014 | Iter Mean Loss 0.9026
2023-12-24 12:58:53,124 - root - INFO - KG & CF Training: Epoch 0011 Iter 0041 / 0041 | Time 0.1s | Iter Loss 0.9008 | Iter Mean Loss 0.9026
2023-12-24 12:58:53,125 - root - INFO - KG & CF Training: Epoch 0011 Total Iter 0041 | Total Time 5.6s | Iter Mean Loss 0.9026
2023-12-24 12:58:53,278 - root - INFO - KG & CF Training: Epoch 0012 Iter 0001 / 0041 | Time 0.2s | Iter Loss 0.9016 | Iter Mean Loss 0.9016
2023-12-24 12:58:53,444 - root - INFO - KG & CF Training: Epoch 0012 Iter 0002 / 0041 | Time 0.2s | Iter Loss 0.9080 | Iter Mean Loss 0.9048
2023-12-24 12:58:53,600 - root - INFO - KG & CF Training: Epoch 0012 Iter 0003 / 0041 | Time 0.2s | Iter Loss 0.8978 | Iter Mean Loss 0.9025
2023-12-24 12:58:53,740 - root - INFO - KG & CF Training: Epoch 0012 Iter 0004 / 0041 | Time 0.1s | Iter Loss 0.8999 | Iter Mean Loss 0.9018
2023-12-24 12:58:53,896 - root - INFO - KG & CF Training: Epoch 0012 Iter 0005 / 0041 | Time 0.2s | Iter Loss 0.9017 | Iter Mean Loss 0.9018
2023-12-24 12:58:54,039 - root - INFO - KG & CF Training: Epoch 0012 Iter 0006 / 0041 | Time 0.1s | Iter Loss 0.9067 | Iter Mean Loss 0.9026
2023-12-24 12:58:54,179 - root - INFO - KG & CF Training: Epoch 0012 Iter 0007 / 0041 | Time 0.1s | Iter Loss 0.9033 | Iter Mean Loss 0.9027
2023-12-24 12:58:54,321 - root - INFO - KG & CF Training: Epoch 0012 Iter 0008 / 0041 | Time 0.1s | Iter Loss 0.9024 | Iter Mean Loss 0.9027
2023-12-24 12:58:54,466 - root - INFO - KG & CF Training: Epoch 0012 Iter 0009 / 0041 | Time 0.1s | Iter Loss 0.9014 | Iter Mean Loss 0.9025
2023-12-24 12:58:54,607 - root - INFO - KG & CF Training: Epoch 0012 Iter 0010 / 0041 | Time 0.1s | Iter Loss 0.9111 | Iter Mean Loss 0.9034
2023-12-24 12:58:54,756 - root - INFO - KG & CF Training: Epoch 0012 Iter 0011 / 0041 | Time 0.1s | Iter Loss 0.9043 | Iter Mean Loss 0.9035
2023-12-24 12:58:54,895 - root - INFO - KG & CF Training: Epoch 0012 Iter 0012 / 0041 | Time 0.1s | Iter Loss 0.9011 | Iter Mean Loss 0.9033
2023-12-24 12:58:55,055 - root - INFO - KG & CF Training: Epoch 0012 Iter 0013 / 0041 | Time 0.2s | Iter Loss 0.9039 | Iter Mean Loss 0.9033
2023-12-24 12:58:55,204 - root - INFO - KG & CF Training: Epoch 0012 Iter 0014 / 0041 | Time 0.1s | Iter Loss 0.8999 | Iter Mean Loss 0.9031
2023-12-24 12:58:55,321 - root - INFO - KG & CF Training: Epoch 0012 Iter 0015 / 0041 | Time 0.1s | Iter Loss 0.9007 | Iter Mean Loss 0.9029
2023-12-24 12:58:55,457 - root - INFO - KG & CF Training: Epoch 0012 Iter 0016 / 0041 | Time 0.1s | Iter Loss 0.9006 | Iter Mean Loss 0.9028
2023-12-24 12:58:55,616 - root - INFO - KG & CF Training: Epoch 0012 Iter 0017 / 0041 | Time 0.2s | Iter Loss 0.9002 | Iter Mean Loss 0.9026
2023-12-24 12:58:55,774 - root - INFO - KG & CF Training: Epoch 0012 Iter 0018 / 0041 | Time 0.2s | Iter Loss 0.9023 | Iter Mean Loss 0.9026
2023-12-24 12:58:55,913 - root - INFO - KG & CF Training: Epoch 0012 Iter 0019 / 0041 | Time 0.1s | Iter Loss 0.9045 | Iter Mean Loss 0.9027
2023-12-24 12:58:56,053 - root - INFO - KG & CF Training: Epoch 0012 Iter 0020 / 0041 | Time 0.1s | Iter Loss 0.9036 | Iter Mean Loss 0.9027
2023-12-24 12:58:56,206 - root - INFO - KG & CF Training: Epoch 0012 Iter 0021 / 0041 | Time 0.2s | Iter Loss 0.8939 | Iter Mean Loss 0.9023
2023-12-24 12:58:56,358 - root - INFO - KG & CF Training: Epoch 0012 Iter 0022 / 0041 | Time 0.2s | Iter Loss 0.8998 | Iter Mean Loss 0.9022
2023-12-24 12:58:56,501 - root - INFO - KG & CF Training: Epoch 0012 Iter 0023 / 0041 | Time 0.1s | Iter Loss 0.8999 | Iter Mean Loss 0.9021
2023-12-24 12:58:56,668 - root - INFO - KG & CF Training: Epoch 0012 Iter 0024 / 0041 | Time 0.2s | Iter Loss 0.8977 | Iter Mean Loss 0.9019
2023-12-24 12:58:56,816 - root - INFO - KG & CF Training: Epoch 0012 Iter 0025 / 0041 | Time 0.1s | Iter Loss 0.8937 | Iter Mean Loss 0.9016
2023-12-24 12:58:56,978 - root - INFO - KG & CF Training: Epoch 0012 Iter 0026 / 0041 | Time 0.2s | Iter Loss 0.8968 | Iter Mean Loss 0.9014
2023-12-24 12:58:57,116 - root - INFO - KG & CF Training: Epoch 0012 Iter 0027 / 0041 | Time 0.1s | Iter Loss 0.9024 | Iter Mean Loss 0.9015
2023-12-24 12:58:57,268 - root - INFO - KG & CF Training: Epoch 0012 Iter 0028 / 0041 | Time 0.2s | Iter Loss 0.9008 | Iter Mean Loss 0.9014
2023-12-24 12:58:57,414 - root - INFO - KG & CF Training: Epoch 0012 Iter 0029 / 0041 | Time 0.1s | Iter Loss 0.8978 | Iter Mean Loss 0.9013
2023-12-24 12:58:57,546 - root - INFO - KG & CF Training: Epoch 0012 Iter 0030 / 0041 | Time 0.1s | Iter Loss 0.9025 | Iter Mean Loss 0.9013
2023-12-24 12:58:57,697 - root - INFO - KG & CF Training: Epoch 0012 Iter 0031 / 0041 | Time 0.2s | Iter Loss 0.8994 | Iter Mean Loss 0.9013
2023-12-24 12:58:57,848 - root - INFO - KG & CF Training: Epoch 0012 Iter 0032 / 0041 | Time 0.1s | Iter Loss 0.8984 | Iter Mean Loss 0.9012
2023-12-24 12:58:57,992 - root - INFO - KG & CF Training: Epoch 0012 Iter 0033 / 0041 | Time 0.1s | Iter Loss 0.9022 | Iter Mean Loss 0.9012
2023-12-24 12:58:58,144 - root - INFO - KG & CF Training: Epoch 0012 Iter 0034 / 0041 | Time 0.2s | Iter Loss 0.8925 | Iter Mean Loss 0.9010
2023-12-24 12:58:58,302 - root - INFO - KG & CF Training: Epoch 0012 Iter 0035 / 0041 | Time 0.2s | Iter Loss 0.9042 | Iter Mean Loss 0.9011
2023-12-24 12:58:58,441 - root - INFO - KG & CF Training: Epoch 0012 Iter 0036 / 0041 | Time 0.1s | Iter Loss 0.8979 | Iter Mean Loss 0.9010
2023-12-24 12:58:58,597 - root - INFO - KG & CF Training: Epoch 0012 Iter 0037 / 0041 | Time 0.2s | Iter Loss 0.9005 | Iter Mean Loss 0.9010
2023-12-24 12:58:58,749 - root - INFO - KG & CF Training: Epoch 0012 Iter 0038 / 0041 | Time 0.2s | Iter Loss 0.9035 | Iter Mean Loss 0.9010
2023-12-24 12:58:58,900 - root - INFO - KG & CF Training: Epoch 0012 Iter 0039 / 0041 | Time 0.2s | Iter Loss 0.8960 | Iter Mean Loss 0.9009
2023-12-24 12:58:59,042 - root - INFO - KG & CF Training: Epoch 0012 Iter 0040 / 0041 | Time 0.1s | Iter Loss 0.9026 | Iter Mean Loss 0.9009
2023-12-24 12:58:59,170 - root - INFO - KG & CF Training: Epoch 0012 Iter 0041 / 0041 | Time 0.1s | Iter Loss 0.8985 | Iter Mean Loss 0.9009
2023-12-24 12:58:59,170 - root - INFO - KG & CF Training: Epoch 0012 Total Iter 0041 | Total Time 6.0s | Iter Mean Loss 0.9009
2023-12-24 12:58:59,313 - root - INFO - KG & CF Training: Epoch 0013 Iter 0001 / 0041 | Time 0.1s | Iter Loss 0.9022 | Iter Mean Loss 0.9022
2023-12-24 12:58:59,462 - root - INFO - KG & CF Training: Epoch 0013 Iter 0002 / 0041 | Time 0.1s | Iter Loss 0.9083 | Iter Mean Loss 0.9052
2023-12-24 12:58:59,607 - root - INFO - KG & CF Training: Epoch 0013 Iter 0003 / 0041 | Time 0.1s | Iter Loss 0.8969 | Iter Mean Loss 0.9025
2023-12-24 12:58:59,758 - root - INFO - KG & CF Training: Epoch 0013 Iter 0004 / 0041 | Time 0.2s | Iter Loss 0.8922 | Iter Mean Loss 0.8999
2023-12-24 12:58:59,914 - root - INFO - KG & CF Training: Epoch 0013 Iter 0005 / 0041 | Time 0.2s | Iter Loss 0.8972 | Iter Mean Loss 0.8994
2023-12-24 12:59:00,061 - root - INFO - KG & CF Training: Epoch 0013 Iter 0006 / 0041 | Time 0.1s | Iter Loss 0.8974 | Iter Mean Loss 0.8990
2023-12-24 12:59:00,196 - root - INFO - KG & CF Training: Epoch 0013 Iter 0007 / 0041 | Time 0.1s | Iter Loss 0.8987 | Iter Mean Loss 0.8990
2023-12-24 12:59:00,330 - root - INFO - KG & CF Training: Epoch 0013 Iter 0008 / 0041 | Time 0.1s | Iter Loss 0.9036 | Iter Mean Loss 0.8996
2023-12-24 12:59:00,458 - root - INFO - KG & CF Training: Epoch 0013 Iter 0009 / 0041 | Time 0.1s | Iter Loss 0.8933 | Iter Mean Loss 0.8989
2023-12-24 12:59:00,621 - root - INFO - KG & CF Training: Epoch 0013 Iter 0010 / 0041 | Time 0.2s | Iter Loss 0.9072 | Iter Mean Loss 0.8997
2023-12-24 12:59:00,778 - root - INFO - KG & CF Training: Epoch 0013 Iter 0011 / 0041 | Time 0.2s | Iter Loss 0.9007 | Iter Mean Loss 0.8998
2023-12-24 12:59:00,941 - root - INFO - KG & CF Training: Epoch 0013 Iter 0012 / 0041 | Time 0.2s | Iter Loss 0.9018 | Iter Mean Loss 0.9000
2023-12-24 12:59:01,073 - root - INFO - KG & CF Training: Epoch 0013 Iter 0013 / 0041 | Time 0.1s | Iter Loss 0.8976 | Iter Mean Loss 0.8998
2023-12-24 12:59:01,193 - root - INFO - KG & CF Training: Epoch 0013 Iter 0014 / 0041 | Time 0.1s | Iter Loss 0.8996 | Iter Mean Loss 0.8998
2023-12-24 12:59:01,308 - root - INFO - KG & CF Training: Epoch 0013 Iter 0015 / 0041 | Time 0.1s | Iter Loss 0.8919 | Iter Mean Loss 0.8992
2023-12-24 12:59:01,424 - root - INFO - KG & CF Training: Epoch 0013 Iter 0016 / 0041 | Time 0.1s | Iter Loss 0.8979 | Iter Mean Loss 0.8992
2023-12-24 12:59:01,570 - root - INFO - KG & CF Training: Epoch 0013 Iter 0017 / 0041 | Time 0.1s | Iter Loss 0.9028 | Iter Mean Loss 0.8994
2023-12-24 12:59:01,688 - root - INFO - KG & CF Training: Epoch 0013 Iter 0018 / 0041 | Time 0.1s | Iter Loss 0.8928 | Iter Mean Loss 0.8990
2023-12-24 12:59:01,816 - root - INFO - KG & CF Training: Epoch 0013 Iter 0019 / 0041 | Time 0.1s | Iter Loss 0.9049 | Iter Mean Loss 0.8993
2023-12-24 12:59:01,941 - root - INFO - KG & CF Training: Epoch 0013 Iter 0020 / 0041 | Time 0.1s | Iter Loss 0.9068 | Iter Mean Loss 0.8997
2023-12-24 12:59:02,058 - root - INFO - KG & CF Training: Epoch 0013 Iter 0021 / 0041 | Time 0.1s | Iter Loss 0.8943 | Iter Mean Loss 0.8994
2023-12-24 12:59:02,182 - root - INFO - KG & CF Training: Epoch 0013 Iter 0022 / 0041 | Time 0.1s | Iter Loss 0.9046 | Iter Mean Loss 0.8997
2023-12-24 12:59:02,307 - root - INFO - KG & CF Training: Epoch 0013 Iter 0023 / 0041 | Time 0.1s | Iter Loss 0.9009 | Iter Mean Loss 0.8997
2023-12-24 12:59:02,427 - root - INFO - KG & CF Training: Epoch 0013 Iter 0024 / 0041 | Time 0.1s | Iter Loss 0.8991 | Iter Mean Loss 0.8997
2023-12-24 12:59:02,548 - root - INFO - KG & CF Training: Epoch 0013 Iter 0025 / 0041 | Time 0.1s | Iter Loss 0.8994 | Iter Mean Loss 0.8997
2023-12-24 12:59:02,674 - root - INFO - KG & CF Training: Epoch 0013 Iter 0026 / 0041 | Time 0.1s | Iter Loss 0.8909 | Iter Mean Loss 0.8993
2023-12-24 12:59:02,808 - root - INFO - KG & CF Training: Epoch 0013 Iter 0027 / 0041 | Time 0.1s | Iter Loss 0.9005 | Iter Mean Loss 0.8994
2023-12-24 12:59:02,940 - root - INFO - KG & CF Training: Epoch 0013 Iter 0028 / 0041 | Time 0.1s | Iter Loss 0.9042 | Iter Mean Loss 0.8996
2023-12-24 12:59:03,054 - root - INFO - KG & CF Training: Epoch 0013 Iter 0029 / 0041 | Time 0.1s | Iter Loss 0.8964 | Iter Mean Loss 0.8995
2023-12-24 12:59:03,180 - root - INFO - KG & CF Training: Epoch 0013 Iter 0030 / 0041 | Time 0.1s | Iter Loss 0.9065 | Iter Mean Loss 0.8997
2023-12-24 12:59:03,302 - root - INFO - KG & CF Training: Epoch 0013 Iter 0031 / 0041 | Time 0.1s | Iter Loss 0.9004 | Iter Mean Loss 0.8997
2023-12-24 12:59:03,435 - root - INFO - KG & CF Training: Epoch 0013 Iter 0032 / 0041 | Time 0.1s | Iter Loss 0.9029 | Iter Mean Loss 0.8998
2023-12-24 12:59:03,599 - root - INFO - KG & CF Training: Epoch 0013 Iter 0033 / 0041 | Time 0.2s | Iter Loss 0.8986 | Iter Mean Loss 0.8998
2023-12-24 12:59:03,734 - root - INFO - KG & CF Training: Epoch 0013 Iter 0034 / 0041 | Time 0.1s | Iter Loss 0.9042 | Iter Mean Loss 0.8999
2023-12-24 12:59:03,895 - root - INFO - KG & CF Training: Epoch 0013 Iter 0035 / 0041 | Time 0.2s | Iter Loss 0.9060 | Iter Mean Loss 0.9001
2023-12-24 12:59:04,044 - root - INFO - KG & CF Training: Epoch 0013 Iter 0036 / 0041 | Time 0.1s | Iter Loss 0.8961 | Iter Mean Loss 0.9000
2023-12-24 12:59:04,166 - root - INFO - KG & CF Training: Epoch 0013 Iter 0037 / 0041 | Time 0.1s | Iter Loss 0.8928 | Iter Mean Loss 0.8998
2023-12-24 12:59:04,287 - root - INFO - KG & CF Training: Epoch 0013 Iter 0038 / 0041 | Time 0.1s | Iter Loss 0.9104 | Iter Mean Loss 0.9000
2023-12-24 12:59:04,396 - root - INFO - KG & CF Training: Epoch 0013 Iter 0039 / 0041 | Time 0.1s | Iter Loss 0.8904 | Iter Mean Loss 0.8998
2023-12-24 12:59:04,521 - root - INFO - KG & CF Training: Epoch 0013 Iter 0040 / 0041 | Time 0.1s | Iter Loss 0.8979 | Iter Mean Loss 0.8998
2023-12-24 12:59:04,634 - root - INFO - KG & CF Training: Epoch 0013 Iter 0041 / 0041 | Time 0.1s | Iter Loss 0.8894 | Iter Mean Loss 0.8995
2023-12-24 12:59:04,634 - root - INFO - KG & CF Training: Epoch 0013 Total Iter 0041 | Total Time 5.5s | Iter Mean Loss 0.8995
2023-12-24 12:59:04,772 - root - INFO - KG & CF Training: Epoch 0014 Iter 0001 / 0041 | Time 0.1s | Iter Loss 0.8942 | Iter Mean Loss 0.8942
2023-12-24 12:59:04,923 - root - INFO - KG & CF Training: Epoch 0014 Iter 0002 / 0041 | Time 0.2s | Iter Loss 0.8870 | Iter Mean Loss 0.8906
2023-12-24 12:59:05,048 - root - INFO - KG & CF Training: Epoch 0014 Iter 0003 / 0041 | Time 0.1s | Iter Loss 0.9003 | Iter Mean Loss 0.8938
2023-12-24 12:59:05,163 - root - INFO - KG & CF Training: Epoch 0014 Iter 0004 / 0041 | Time 0.1s | Iter Loss 0.8951 | Iter Mean Loss 0.8941
2023-12-24 12:59:05,289 - root - INFO - KG & CF Training: Epoch 0014 Iter 0005 / 0041 | Time 0.1s | Iter Loss 0.8908 | Iter Mean Loss 0.8935
2023-12-24 12:59:05,424 - root - INFO - KG & CF Training: Epoch 0014 Iter 0006 / 0041 | Time 0.1s | Iter Loss 0.9007 | Iter Mean Loss 0.8947
2023-12-24 12:59:05,560 - root - INFO - KG & CF Training: Epoch 0014 Iter 0007 / 0041 | Time 0.1s | Iter Loss 0.9113 | Iter Mean Loss 0.8970
2023-12-24 12:59:05,685 - root - INFO - KG & CF Training: Epoch 0014 Iter 0008 / 0041 | Time 0.1s | Iter Loss 0.8975 | Iter Mean Loss 0.8971
2023-12-24 12:59:05,800 - root - INFO - KG & CF Training: Epoch 0014 Iter 0009 / 0041 | Time 0.1s | Iter Loss 0.8865 | Iter Mean Loss 0.8959
2023-12-24 12:59:05,922 - root - INFO - KG & CF Training: Epoch 0014 Iter 0010 / 0041 | Time 0.1s | Iter Loss 0.8965 | Iter Mean Loss 0.8960
2023-12-24 12:59:06,051 - root - INFO - KG & CF Training: Epoch 0014 Iter 0011 / 0041 | Time 0.1s | Iter Loss 0.8948 | Iter Mean Loss 0.8959
2023-12-24 12:59:06,192 - root - INFO - KG & CF Training: Epoch 0014 Iter 0012 / 0041 | Time 0.1s | Iter Loss 0.9010 | Iter Mean Loss 0.8963
2023-12-24 12:59:06,308 - root - INFO - KG & CF Training: Epoch 0014 Iter 0013 / 0041 | Time 0.1s | Iter Loss 0.9035 | Iter Mean Loss 0.8968
2023-12-24 12:59:06,430 - root - INFO - KG & CF Training: Epoch 0014 Iter 0014 / 0041 | Time 0.1s | Iter Loss 0.9015 | Iter Mean Loss 0.8972
2023-12-24 12:59:06,558 - root - INFO - KG & CF Training: Epoch 0014 Iter 0015 / 0041 | Time 0.1s | Iter Loss 0.9020 | Iter Mean Loss 0.8975
2023-12-24 12:59:06,671 - root - INFO - KG & CF Training: Epoch 0014 Iter 0016 / 0041 | Time 0.1s | Iter Loss 0.8991 | Iter Mean Loss 0.8976
2023-12-24 12:59:06,787 - root - INFO - KG & CF Training: Epoch 0014 Iter 0017 / 0041 | Time 0.1s | Iter Loss 0.8943 | Iter Mean Loss 0.8974
2023-12-24 12:59:06,914 - root - INFO - KG & CF Training: Epoch 0014 Iter 0018 / 0041 | Time 0.1s | Iter Loss 0.9046 | Iter Mean Loss 0.8978
2023-12-24 12:59:07,044 - root - INFO - KG & CF Training: Epoch 0014 Iter 0019 / 0041 | Time 0.1s | Iter Loss 0.9002 | Iter Mean Loss 0.8979
2023-12-24 12:59:07,162 - root - INFO - KG & CF Training: Epoch 0014 Iter 0020 / 0041 | Time 0.1s | Iter Loss 0.9043 | Iter Mean Loss 0.8983
2023-12-24 12:59:07,294 - root - INFO - KG & CF Training: Epoch 0014 Iter 0021 / 0041 | Time 0.1s | Iter Loss 0.8954 | Iter Mean Loss 0.8981
2023-12-24 12:59:07,417 - root - INFO - KG & CF Training: Epoch 0014 Iter 0022 / 0041 | Time 0.1s | Iter Loss 0.8962 | Iter Mean Loss 0.8980
2023-12-24 12:59:07,531 - root - INFO - KG & CF Training: Epoch 0014 Iter 0023 / 0041 | Time 0.1s | Iter Loss 0.8867 | Iter Mean Loss 0.8975
2023-12-24 12:59:07,644 - root - INFO - KG & CF Training: Epoch 0014 Iter 0024 / 0041 | Time 0.1s | Iter Loss 0.9012 | Iter Mean Loss 0.8977
2023-12-24 12:59:07,754 - root - INFO - KG & CF Training: Epoch 0014 Iter 0025 / 0041 | Time 0.1s | Iter Loss 0.8930 | Iter Mean Loss 0.8975
2023-12-24 12:59:07,887 - root - INFO - KG & CF Training: Epoch 0014 Iter 0026 / 0041 | Time 0.1s | Iter Loss 0.9059 | Iter Mean Loss 0.8978
2023-12-24 12:59:08,034 - root - INFO - KG & CF Training: Epoch 0014 Iter 0027 / 0041 | Time 0.1s | Iter Loss 0.8978 | Iter Mean Loss 0.8978
2023-12-24 12:59:08,155 - root - INFO - KG & CF Training: Epoch 0014 Iter 0028 / 0041 | Time 0.1s | Iter Loss 0.8944 | Iter Mean Loss 0.8977
2023-12-24 12:59:08,282 - root - INFO - KG & CF Training: Epoch 0014 Iter 0029 / 0041 | Time 0.1s | Iter Loss 0.8989 | Iter Mean Loss 0.8977
2023-12-24 12:59:08,413 - root - INFO - KG & CF Training: Epoch 0014 Iter 0030 / 0041 | Time 0.1s | Iter Loss 0.8906 | Iter Mean Loss 0.8975
2023-12-24 12:59:08,521 - root - INFO - KG & CF Training: Epoch 0014 Iter 0031 / 0041 | Time 0.1s | Iter Loss 0.8951 | Iter Mean Loss 0.8974
2023-12-24 12:59:08,651 - root - INFO - KG & CF Training: Epoch 0014 Iter 0032 / 0041 | Time 0.1s | Iter Loss 0.8978 | Iter Mean Loss 0.8974
2023-12-24 12:59:08,761 - root - INFO - KG & CF Training: Epoch 0014 Iter 0033 / 0041 | Time 0.1s | Iter Loss 0.8966 | Iter Mean Loss 0.8974
2023-12-24 12:59:08,892 - root - INFO - KG & CF Training: Epoch 0014 Iter 0034 / 0041 | Time 0.1s | Iter Loss 0.8953 | Iter Mean Loss 0.8974
2023-12-24 12:59:09,017 - root - INFO - KG & CF Training: Epoch 0014 Iter 0035 / 0041 | Time 0.1s | Iter Loss 0.8940 | Iter Mean Loss 0.8973
2023-12-24 12:59:09,142 - root - INFO - KG & CF Training: Epoch 0014 Iter 0036 / 0041 | Time 0.1s | Iter Loss 0.8964 | Iter Mean Loss 0.8972
2023-12-24 12:59:09,275 - root - INFO - KG & CF Training: Epoch 0014 Iter 0037 / 0041 | Time 0.1s | Iter Loss 0.8937 | Iter Mean Loss 0.8971
2023-12-24 12:59:09,396 - root - INFO - KG & CF Training: Epoch 0014 Iter 0038 / 0041 | Time 0.1s | Iter Loss 0.8939 | Iter Mean Loss 0.8971
2023-12-24 12:59:09,517 - root - INFO - KG & CF Training: Epoch 0014 Iter 0039 / 0041 | Time 0.1s | Iter Loss 0.8952 | Iter Mean Loss 0.8970
2023-12-24 12:59:09,633 - root - INFO - KG & CF Training: Epoch 0014 Iter 0040 / 0041 | Time 0.1s | Iter Loss 0.8992 | Iter Mean Loss 0.8971
2023-12-24 12:59:09,769 - root - INFO - KG & CF Training: Epoch 0014 Iter 0041 / 0041 | Time 0.1s | Iter Loss 0.8991 | Iter Mean Loss 0.8971
2023-12-24 12:59:09,769 - root - INFO - KG & CF Training: Epoch 0014 Total Iter 0041 | Total Time 5.1s | Iter Mean Loss 0.8971
2023-12-24 12:59:09,888 - root - INFO - KG & CF Training: Epoch 0015 Iter 0001 / 0041 | Time 0.1s | Iter Loss 0.8878 | Iter Mean Loss 0.8878
2023-12-24 12:59:10,029 - root - INFO - KG & CF Training: Epoch 0015 Iter 0002 / 0041 | Time 0.1s | Iter Loss 0.9079 | Iter Mean Loss 0.8979
2023-12-24 12:59:10,164 - root - INFO - KG & CF Training: Epoch 0015 Iter 0003 / 0041 | Time 0.1s | Iter Loss 0.9073 | Iter Mean Loss 0.9010
2023-12-24 12:59:10,278 - root - INFO - KG & CF Training: Epoch 0015 Iter 0004 / 0041 | Time 0.1s | Iter Loss 0.8912 | Iter Mean Loss 0.8986
2023-12-24 12:59:10,389 - root - INFO - KG & CF Training: Epoch 0015 Iter 0005 / 0041 | Time 0.1s | Iter Loss 0.9014 | Iter Mean Loss 0.8991
2023-12-24 12:59:10,513 - root - INFO - KG & CF Training: Epoch 0015 Iter 0006 / 0041 | Time 0.1s | Iter Loss 0.8995 | Iter Mean Loss 0.8992
2023-12-24 12:59:10,620 - root - INFO - KG & CF Training: Epoch 0015 Iter 0007 / 0041 | Time 0.1s | Iter Loss 0.8894 | Iter Mean Loss 0.8978
2023-12-24 12:59:10,737 - root - INFO - KG & CF Training: Epoch 0015 Iter 0008 / 0041 | Time 0.1s | Iter Loss 0.8932 | Iter Mean Loss 0.8972
2023-12-24 12:59:10,863 - root - INFO - KG & CF Training: Epoch 0015 Iter 0009 / 0041 | Time 0.1s | Iter Loss 0.8939 | Iter Mean Loss 0.8969
2023-12-24 12:59:10,990 - root - INFO - KG & CF Training: Epoch 0015 Iter 0010 / 0041 | Time 0.1s | Iter Loss 0.8943 | Iter Mean Loss 0.8966
2023-12-24 12:59:11,115 - root - INFO - KG & CF Training: Epoch 0015 Iter 0011 / 0041 | Time 0.1s | Iter Loss 0.8956 | Iter Mean Loss 0.8965
2023-12-24 12:59:11,239 - root - INFO - KG & CF Training: Epoch 0015 Iter 0012 / 0041 | Time 0.1s | Iter Loss 0.8960 | Iter Mean Loss 0.8965
2023-12-24 12:59:11,342 - root - INFO - KG & CF Training: Epoch 0015 Iter 0013 / 0041 | Time 0.1s | Iter Loss 0.8956 | Iter Mean Loss 0.8964
2023-12-24 12:59:11,448 - root - INFO - KG & CF Training: Epoch 0015 Iter 0014 / 0041 | Time 0.1s | Iter Loss 0.8960 | Iter Mean Loss 0.8964
2023-12-24 12:59:11,576 - root - INFO - KG & CF Training: Epoch 0015 Iter 0015 / 0041 | Time 0.1s | Iter Loss 0.8933 | Iter Mean Loss 0.8962
2023-12-24 12:59:11,706 - root - INFO - KG & CF Training: Epoch 0015 Iter 0016 / 0041 | Time 0.1s | Iter Loss 0.8914 | Iter Mean Loss 0.8959
2023-12-24 12:59:11,833 - root - INFO - KG & CF Training: Epoch 0015 Iter 0017 / 0041 | Time 0.1s | Iter Loss 0.8931 | Iter Mean Loss 0.8957
2023-12-24 12:59:11,946 - root - INFO - KG & CF Training: Epoch 0015 Iter 0018 / 0041 | Time 0.1s | Iter Loss 0.9008 | Iter Mean Loss 0.8960
2023-12-24 12:59:12,076 - root - INFO - KG & CF Training: Epoch 0015 Iter 0019 / 0041 | Time 0.1s | Iter Loss 0.8916 | Iter Mean Loss 0.8958
2023-12-24 12:59:12,179 - root - INFO - KG & CF Training: Epoch 0015 Iter 0020 / 0041 | Time 0.1s | Iter Loss 0.8903 | Iter Mean Loss 0.8955
2023-12-24 12:59:12,309 - root - INFO - KG & CF Training: Epoch 0015 Iter 0021 / 0041 | Time 0.1s | Iter Loss 0.8945 | Iter Mean Loss 0.8954
2023-12-24 12:59:12,422 - root - INFO - KG & CF Training: Epoch 0015 Iter 0022 / 0041 | Time 0.1s | Iter Loss 0.8920 | Iter Mean Loss 0.8953
2023-12-24 12:59:12,538 - root - INFO - KG & CF Training: Epoch 0015 Iter 0023 / 0041 | Time 0.1s | Iter Loss 0.8882 | Iter Mean Loss 0.8950
2023-12-24 12:59:12,660 - root - INFO - KG & CF Training: Epoch 0015 Iter 0024 / 0041 | Time 0.1s | Iter Loss 0.8948 | Iter Mean Loss 0.8950
2023-12-24 12:59:12,793 - root - INFO - KG & CF Training: Epoch 0015 Iter 0025 / 0041 | Time 0.1s | Iter Loss 0.8973 | Iter Mean Loss 0.8951
2023-12-24 12:59:12,904 - root - INFO - KG & CF Training: Epoch 0015 Iter 0026 / 0041 | Time 0.1s | Iter Loss 0.8877 | Iter Mean Loss 0.8948
2023-12-24 12:59:13,028 - root - INFO - KG & CF Training: Epoch 0015 Iter 0027 / 0041 | Time 0.1s | Iter Loss 0.9015 | Iter Mean Loss 0.8950
2023-12-24 12:59:13,148 - root - INFO - KG & CF Training: Epoch 0015 Iter 0028 / 0041 | Time 0.1s | Iter Loss 0.8958 | Iter Mean Loss 0.8951
2023-12-24 12:59:13,277 - root - INFO - KG & CF Training: Epoch 0015 Iter 0029 / 0041 | Time 0.1s | Iter Loss 0.8952 | Iter Mean Loss 0.8951
2023-12-24 12:59:13,398 - root - INFO - KG & CF Training: Epoch 0015 Iter 0030 / 0041 | Time 0.1s | Iter Loss 0.8942 | Iter Mean Loss 0.8950
2023-12-24 12:59:13,505 - root - INFO - KG & CF Training: Epoch 0015 Iter 0031 / 0041 | Time 0.1s | Iter Loss 0.9014 | Iter Mean Loss 0.8952
2023-12-24 12:59:13,624 - root - INFO - KG & CF Training: Epoch 0015 Iter 0032 / 0041 | Time 0.1s | Iter Loss 0.8990 | Iter Mean Loss 0.8953
2023-12-24 12:59:13,753 - root - INFO - KG & CF Training: Epoch 0015 Iter 0033 / 0041 | Time 0.1s | Iter Loss 0.8954 | Iter Mean Loss 0.8954
2023-12-24 12:59:13,871 - root - INFO - KG & CF Training: Epoch 0015 Iter 0034 / 0041 | Time 0.1s | Iter Loss 0.8935 | Iter Mean Loss 0.8953
2023-12-24 12:59:13,992 - root - INFO - KG & CF Training: Epoch 0015 Iter 0035 / 0041 | Time 0.1s | Iter Loss 0.8956 | Iter Mean Loss 0.8953
2023-12-24 12:59:14,120 - root - INFO - KG & CF Training: Epoch 0015 Iter 0036 / 0041 | Time 0.1s | Iter Loss 0.8980 | Iter Mean Loss 0.8954
2023-12-24 12:59:14,248 - root - INFO - KG & CF Training: Epoch 0015 Iter 0037 / 0041 | Time 0.1s | Iter Loss 0.9004 | Iter Mean Loss 0.8955
2023-12-24 12:59:14,373 - root - INFO - KG & CF Training: Epoch 0015 Iter 0038 / 0041 | Time 0.1s | Iter Loss 0.8916 | Iter Mean Loss 0.8954
2023-12-24 12:59:14,482 - root - INFO - KG & CF Training: Epoch 0015 Iter 0039 / 0041 | Time 0.1s | Iter Loss 0.8851 | Iter Mean Loss 0.8951
2023-12-24 12:59:14,613 - root - INFO - KG & CF Training: Epoch 0015 Iter 0040 / 0041 | Time 0.1s | Iter Loss 0.8918 | Iter Mean Loss 0.8951
2023-12-24 12:59:14,743 - root - INFO - KG & CF Training: Epoch 0015 Iter 0041 / 0041 | Time 0.1s | Iter Loss 0.8889 | Iter Mean Loss 0.8949
2023-12-24 12:59:14,743 - root - INFO - KG & CF Training: Epoch 0015 Total Iter 0041 | Total Time 5.0s | Iter Mean Loss 0.8949
2023-12-24 12:59:14,862 - root - INFO - KG & CF Training: Epoch 0016 Iter 0001 / 0041 | Time 0.1s | Iter Loss 0.8954 | Iter Mean Loss 0.8954
2023-12-24 12:59:14,980 - root - INFO - KG & CF Training: Epoch 0016 Iter 0002 / 0041 | Time 0.1s | Iter Loss 0.8955 | Iter Mean Loss 0.8954
2023-12-24 12:59:15,110 - root - INFO - KG & CF Training: Epoch 0016 Iter 0003 / 0041 | Time 0.1s | Iter Loss 0.8944 | Iter Mean Loss 0.8951
2023-12-24 12:59:15,228 - root - INFO - KG & CF Training: Epoch 0016 Iter 0004 / 0041 | Time 0.1s | Iter Loss 0.9038 | Iter Mean Loss 0.8973
2023-12-24 12:59:15,356 - root - INFO - KG & CF Training: Epoch 0016 Iter 0005 / 0041 | Time 0.1s | Iter Loss 0.8932 | Iter Mean Loss 0.8965
2023-12-24 12:59:15,470 - root - INFO - KG & CF Training: Epoch 0016 Iter 0006 / 0041 | Time 0.1s | Iter Loss 0.9004 | Iter Mean Loss 0.8971
2023-12-24 12:59:15,590 - root - INFO - KG & CF Training: Epoch 0016 Iter 0007 / 0041 | Time 0.1s | Iter Loss 0.9069 | Iter Mean Loss 0.8985
2023-12-24 12:59:15,712 - root - INFO - KG & CF Training: Epoch 0016 Iter 0008 / 0041 | Time 0.1s | Iter Loss 0.8991 | Iter Mean Loss 0.8986
2023-12-24 12:59:15,835 - root - INFO - KG & CF Training: Epoch 0016 Iter 0009 / 0041 | Time 0.1s | Iter Loss 0.8971 | Iter Mean Loss 0.8984
2023-12-24 12:59:15,958 - root - INFO - KG & CF Training: Epoch 0016 Iter 0010 / 0041 | Time 0.1s | Iter Loss 0.8860 | Iter Mean Loss 0.8972
2023-12-24 12:59:16,079 - root - INFO - KG & CF Training: Epoch 0016 Iter 0011 / 0041 | Time 0.1s | Iter Loss 0.8997 | Iter Mean Loss 0.8974
2023-12-24 12:59:16,188 - root - INFO - KG & CF Training: Epoch 0016 Iter 0012 / 0041 | Time 0.1s | Iter Loss 0.8983 | Iter Mean Loss 0.8975
2023-12-24 12:59:16,319 - root - INFO - KG & CF Training: Epoch 0016 Iter 0013 / 0041 | Time 0.1s | Iter Loss 0.8898 | Iter Mean Loss 0.8969
2023-12-24 12:59:16,439 - root - INFO - KG & CF Training: Epoch 0016 Iter 0014 / 0041 | Time 0.1s | Iter Loss 0.8942 | Iter Mean Loss 0.8967
2023-12-24 12:59:16,569 - root - INFO - KG & CF Training: Epoch 0016 Iter 0015 / 0041 | Time 0.1s | Iter Loss 0.8950 | Iter Mean Loss 0.8966
2023-12-24 12:59:16,681 - root - INFO - KG & CF Training: Epoch 0016 Iter 0016 / 0041 | Time 0.1s | Iter Loss 0.8987 | Iter Mean Loss 0.8967
2023-12-24 12:59:16,800 - root - INFO - KG & CF Training: Epoch 0016 Iter 0017 / 0041 | Time 0.1s | Iter Loss 0.8907 | Iter Mean Loss 0.8964
2023-12-24 12:59:16,935 - root - INFO - KG & CF Training: Epoch 0016 Iter 0018 / 0041 | Time 0.1s | Iter Loss 0.8958 | Iter Mean Loss 0.8963
2023-12-24 12:59:17,073 - root - INFO - KG & CF Training: Epoch 0016 Iter 0019 / 0041 | Time 0.1s | Iter Loss 0.8860 | Iter Mean Loss 0.8958
2023-12-24 12:59:17,205 - root - INFO - KG & CF Training: Epoch 0016 Iter 0020 / 0041 | Time 0.1s | Iter Loss 0.8974 | Iter Mean Loss 0.8959
2023-12-24 12:59:17,341 - root - INFO - KG & CF Training: Epoch 0016 Iter 0021 / 0041 | Time 0.1s | Iter Loss 0.8948 | Iter Mean Loss 0.8958
2023-12-24 12:59:17,480 - root - INFO - KG & CF Training: Epoch 0016 Iter 0022 / 0041 | Time 0.1s | Iter Loss 0.8967 | Iter Mean Loss 0.8959
2023-12-24 12:59:17,600 - root - INFO - KG & CF Training: Epoch 0016 Iter 0023 / 0041 | Time 0.1s | Iter Loss 0.9005 | Iter Mean Loss 0.8961
2023-12-24 12:59:17,739 - root - INFO - KG & CF Training: Epoch 0016 Iter 0024 / 0041 | Time 0.1s | Iter Loss 0.8915 | Iter Mean Loss 0.8959
2023-12-24 12:59:17,875 - root - INFO - KG & CF Training: Epoch 0016 Iter 0025 / 0041 | Time 0.1s | Iter Loss 0.8968 | Iter Mean Loss 0.8959
2023-12-24 12:59:18,030 - root - INFO - KG & CF Training: Epoch 0016 Iter 0026 / 0041 | Time 0.2s | Iter Loss 0.8974 | Iter Mean Loss 0.8960
2023-12-24 12:59:18,146 - root - INFO - KG & CF Training: Epoch 0016 Iter 0027 / 0041 | Time 0.1s | Iter Loss 0.8984 | Iter Mean Loss 0.8961
2023-12-24 12:59:18,277 - root - INFO - KG & CF Training: Epoch 0016 Iter 0028 / 0041 | Time 0.1s | Iter Loss 0.8968 | Iter Mean Loss 0.8961
2023-12-24 12:59:18,389 - root - INFO - KG & CF Training: Epoch 0016 Iter 0029 / 0041 | Time 0.1s | Iter Loss 0.9061 | Iter Mean Loss 0.8964
2023-12-24 12:59:18,511 - root - INFO - KG & CF Training: Epoch 0016 Iter 0030 / 0041 | Time 0.1s | Iter Loss 0.8946 | Iter Mean Loss 0.8964
2023-12-24 12:59:18,634 - root - INFO - KG & CF Training: Epoch 0016 Iter 0031 / 0041 | Time 0.1s | Iter Loss 0.8940 | Iter Mean Loss 0.8963
2023-12-24 12:59:18,752 - root - INFO - KG & CF Training: Epoch 0016 Iter 0032 / 0041 | Time 0.1s | Iter Loss 0.8942 | Iter Mean Loss 0.8962
2023-12-24 12:59:18,884 - root - INFO - KG & CF Training: Epoch 0016 Iter 0033 / 0041 | Time 0.1s | Iter Loss 0.8867 | Iter Mean Loss 0.8959
2023-12-24 12:59:19,025 - root - INFO - KG & CF Training: Epoch 0016 Iter 0034 / 0041 | Time 0.1s | Iter Loss 0.8927 | Iter Mean Loss 0.8958
2023-12-24 12:59:19,163 - root - INFO - KG & CF Training: Epoch 0016 Iter 0035 / 0041 | Time 0.1s | Iter Loss 0.8973 | Iter Mean Loss 0.8959
2023-12-24 12:59:19,276 - root - INFO - KG & CF Training: Epoch 0016 Iter 0036 / 0041 | Time 0.1s | Iter Loss 0.9016 | Iter Mean Loss 0.8960
2023-12-24 12:59:19,406 - root - INFO - KG & CF Training: Epoch 0016 Iter 0037 / 0041 | Time 0.1s | Iter Loss 0.8956 | Iter Mean Loss 0.8960
2023-12-24 12:59:19,528 - root - INFO - KG & CF Training: Epoch 0016 Iter 0038 / 0041 | Time 0.1s | Iter Loss 0.8951 | Iter Mean Loss 0.8960
2023-12-24 12:59:19,638 - root - INFO - KG & CF Training: Epoch 0016 Iter 0039 / 0041 | Time 0.1s | Iter Loss 0.9043 | Iter Mean Loss 0.8962
2023-12-24 12:59:19,752 - root - INFO - KG & CF Training: Epoch 0016 Iter 0040 / 0041 | Time 0.1s | Iter Loss 0.8969 | Iter Mean Loss 0.8962
2023-12-24 12:59:19,863 - root - INFO - KG & CF Training: Epoch 0016 Iter 0041 / 0041 | Time 0.1s | Iter Loss 0.8985 | Iter Mean Loss 0.8963
2023-12-24 12:59:19,864 - root - INFO - KG & CF Training: Epoch 0016 Total Iter 0041 | Total Time 5.1s | Iter Mean Loss 0.8963
2023-12-24 12:59:19,987 - root - INFO - KG & CF Training: Epoch 0017 Iter 0001 / 0041 | Time 0.1s | Iter Loss 0.8924 | Iter Mean Loss 0.8924
2023-12-24 12:59:20,111 - root - INFO - KG & CF Training: Epoch 0017 Iter 0002 / 0041 | Time 0.1s | Iter Loss 0.9035 | Iter Mean Loss 0.8979
2023-12-24 12:59:20,241 - root - INFO - KG & CF Training: Epoch 0017 Iter 0003 / 0041 | Time 0.1s | Iter Loss 0.8949 | Iter Mean Loss 0.8969
2023-12-24 12:59:20,368 - root - INFO - KG & CF Training: Epoch 0017 Iter 0004 / 0041 | Time 0.1s | Iter Loss 0.8940 | Iter Mean Loss 0.8962
2023-12-24 12:59:20,479 - root - INFO - KG & CF Training: Epoch 0017 Iter 0005 / 0041 | Time 0.1s | Iter Loss 0.8967 | Iter Mean Loss 0.8963
2023-12-24 12:59:20,608 - root - INFO - KG & CF Training: Epoch 0017 Iter 0006 / 0041 | Time 0.1s | Iter Loss 0.8913 | Iter Mean Loss 0.8955
2023-12-24 12:59:20,734 - root - INFO - KG & CF Training: Epoch 0017 Iter 0007 / 0041 | Time 0.1s | Iter Loss 0.8995 | Iter Mean Loss 0.8960
2023-12-24 12:59:20,855 - root - INFO - KG & CF Training: Epoch 0017 Iter 0008 / 0041 | Time 0.1s | Iter Loss 0.9028 | Iter Mean Loss 0.8969
2023-12-24 12:59:20,981 - root - INFO - KG & CF Training: Epoch 0017 Iter 0009 / 0041 | Time 0.1s | Iter Loss 0.8976 | Iter Mean Loss 0.8970
