2023-12-24 13:00:33,863 - root - INFO - Namespace(seed=2022, data_name='Douban', data_dir='data/', cuda=False, gpu_id=0, use_pretrain=0, pretrain_model_path='trained_model/Embedding_based.pth', cf_batch_size=1024, kg_batch_size=2048, test_batch_size=2048, embed_dim=32, relation_dim=32, KG_embedding_type='TransE', inject_embedding_type='concat', kg_l2loss_lambda=0.0001, cf_l2loss_lambda=0.0001, lr=0.001, n_epoch=1000, stopping_steps=10, print_every=1, evaluate_every=10, Ks='[5, 10]', save_dir='trained_model/Douban/Embedding_based/dim32_lr0.001_l20.0001_TransE_concat/')
2023-12-24 13:01:17,319 - root - INFO - n_users:      447
2023-12-24 13:01:17,319 - root - INFO - n_items:      578
2023-12-24 13:01:17,320 - root - INFO - n_entities:   143007
2023-12-24 13:01:17,333 - root - INFO - n_relations:  100
2023-12-24 13:01:17,333 - root - INFO - n_cf_train:   41830
2023-12-24 13:01:17,333 - root - INFO - n_cf_test:    10840
2023-12-24 13:01:17,334 - root - INFO - n_kg_data:    505120
2023-12-24 13:01:17,387 - root - INFO - Embedding_based(
  (user_embed): Embedding(447, 32)
  (item_embed): Embedding(578, 32)
  (entity_embed): Embedding(143007, 32)
  (relation_embed): Embedding(100, 32)
)
2023-12-24 13:01:17,509 - root - INFO - KG & CF Training: Epoch 0001 Iter 0001 / 0041 | Time 0.1s | Iter Loss 1.4012 | Iter Mean Loss 1.4012
2023-12-24 13:01:17,638 - root - INFO - KG & CF Training: Epoch 0001 Iter 0002 / 0041 | Time 0.1s | Iter Loss 1.3622 | Iter Mean Loss 1.3817
2023-12-24 13:01:17,752 - root - INFO - KG & CF Training: Epoch 0001 Iter 0003 / 0041 | Time 0.1s | Iter Loss 1.3302 | Iter Mean Loss 1.3645
2023-12-24 13:01:17,883 - root - INFO - KG & CF Training: Epoch 0001 Iter 0004 / 0041 | Time 0.1s | Iter Loss 1.3022 | Iter Mean Loss 1.3490
2023-12-24 13:01:18,002 - root - INFO - KG & CF Training: Epoch 0001 Iter 0005 / 0041 | Time 0.1s | Iter Loss 1.2838 | Iter Mean Loss 1.3359
2023-12-24 13:01:18,116 - root - INFO - KG & CF Training: Epoch 0001 Iter 0006 / 0041 | Time 0.1s | Iter Loss 1.2701 | Iter Mean Loss 1.3249
2023-12-24 13:01:18,234 - root - INFO - KG & CF Training: Epoch 0001 Iter 0007 / 0041 | Time 0.1s | Iter Loss 1.2557 | Iter Mean Loss 1.3150
2023-12-24 13:01:18,357 - root - INFO - KG & CF Training: Epoch 0001 Iter 0008 / 0041 | Time 0.1s | Iter Loss 1.2473 | Iter Mean Loss 1.3066
2023-12-24 13:01:18,477 - root - INFO - KG & CF Training: Epoch 0001 Iter 0009 / 0041 | Time 0.1s | Iter Loss 1.2371 | Iter Mean Loss 1.2989
2023-12-24 13:01:18,594 - root - INFO - KG & CF Training: Epoch 0001 Iter 0010 / 0041 | Time 0.1s | Iter Loss 1.2323 | Iter Mean Loss 1.2922
2023-12-24 13:01:18,720 - root - INFO - KG & CF Training: Epoch 0001 Iter 0011 / 0041 | Time 0.1s | Iter Loss 1.2272 | Iter Mean Loss 1.2863
2023-12-24 13:01:18,843 - root - INFO - KG & CF Training: Epoch 0001 Iter 0012 / 0041 | Time 0.1s | Iter Loss 1.2186 | Iter Mean Loss 1.2806
2023-12-24 13:01:18,971 - root - INFO - KG & CF Training: Epoch 0001 Iter 0013 / 0041 | Time 0.1s | Iter Loss 1.2159 | Iter Mean Loss 1.2757
2023-12-24 13:01:19,092 - root - INFO - KG & CF Training: Epoch 0001 Iter 0014 / 0041 | Time 0.1s | Iter Loss 1.2085 | Iter Mean Loss 1.2709
2023-12-24 13:01:19,194 - root - INFO - KG & CF Training: Epoch 0001 Iter 0015 / 0041 | Time 0.1s | Iter Loss 1.2060 | Iter Mean Loss 1.2665
2023-12-24 13:01:19,324 - root - INFO - KG & CF Training: Epoch 0001 Iter 0016 / 0041 | Time 0.1s | Iter Loss 1.2000 | Iter Mean Loss 1.2624
2023-12-24 13:01:19,445 - root - INFO - KG & CF Training: Epoch 0001 Iter 0017 / 0041 | Time 0.1s | Iter Loss 1.1942 | Iter Mean Loss 1.2584
2023-12-24 13:01:19,570 - root - INFO - KG & CF Training: Epoch 0001 Iter 0018 / 0041 | Time 0.1s | Iter Loss 1.1897 | Iter Mean Loss 1.2546
2023-12-24 13:01:19,710 - root - INFO - KG & CF Training: Epoch 0001 Iter 0019 / 0041 | Time 0.1s | Iter Loss 1.1936 | Iter Mean Loss 1.2514
2023-12-24 13:01:19,864 - root - INFO - KG & CF Training: Epoch 0001 Iter 0020 / 0041 | Time 0.2s | Iter Loss 1.1890 | Iter Mean Loss 1.2482
2023-12-24 13:01:19,970 - root - INFO - KG & CF Training: Epoch 0001 Iter 0021 / 0041 | Time 0.1s | Iter Loss 1.1814 | Iter Mean Loss 1.2450
2023-12-24 13:01:20,092 - root - INFO - KG & CF Training: Epoch 0001 Iter 0022 / 0041 | Time 0.1s | Iter Loss 1.1783 | Iter Mean Loss 1.2420
2023-12-24 13:01:20,229 - root - INFO - KG & CF Training: Epoch 0001 Iter 0023 / 0041 | Time 0.1s | Iter Loss 1.1782 | Iter Mean Loss 1.2392
2023-12-24 13:01:20,407 - root - INFO - KG & CF Training: Epoch 0001 Iter 0024 / 0041 | Time 0.2s | Iter Loss 1.1709 | Iter Mean Loss 1.2364
2023-12-24 13:01:20,565 - root - INFO - KG & CF Training: Epoch 0001 Iter 0025 / 0041 | Time 0.2s | Iter Loss 1.1637 | Iter Mean Loss 1.2335
2023-12-24 13:01:20,733 - root - INFO - KG & CF Training: Epoch 0001 Iter 0026 / 0041 | Time 0.2s | Iter Loss 1.1633 | Iter Mean Loss 1.2308
2023-12-24 13:01:20,913 - root - INFO - KG & CF Training: Epoch 0001 Iter 0027 / 0041 | Time 0.2s | Iter Loss 1.1657 | Iter Mean Loss 1.2284
2023-12-24 13:01:21,032 - root - INFO - KG & CF Training: Epoch 0001 Iter 0028 / 0041 | Time 0.1s | Iter Loss 1.1593 | Iter Mean Loss 1.2259
2023-12-24 13:01:21,179 - root - INFO - KG & CF Training: Epoch 0001 Iter 0029 / 0041 | Time 0.1s | Iter Loss 1.1583 | Iter Mean Loss 1.2236
2023-12-24 13:01:21,331 - root - INFO - KG & CF Training: Epoch 0001 Iter 0030 / 0041 | Time 0.2s | Iter Loss 1.1548 | Iter Mean Loss 1.2213
2023-12-24 13:01:21,456 - root - INFO - KG & CF Training: Epoch 0001 Iter 0031 / 0041 | Time 0.1s | Iter Loss 1.1445 | Iter Mean Loss 1.2188
2023-12-24 13:01:21,570 - root - INFO - KG & CF Training: Epoch 0001 Iter 0032 / 0041 | Time 0.1s | Iter Loss 1.1457 | Iter Mean Loss 1.2165
2023-12-24 13:01:21,688 - root - INFO - KG & CF Training: Epoch 0001 Iter 0033 / 0041 | Time 0.1s | Iter Loss 1.1391 | Iter Mean Loss 1.2142
2023-12-24 13:01:21,853 - root - INFO - KG & CF Training: Epoch 0001 Iter 0034 / 0041 | Time 0.2s | Iter Loss 1.1430 | Iter Mean Loss 1.2121
2023-12-24 13:01:22,008 - root - INFO - KG & CF Training: Epoch 0001 Iter 0035 / 0041 | Time 0.2s | Iter Loss 1.1346 | Iter Mean Loss 1.2099
2023-12-24 13:01:22,167 - root - INFO - KG & CF Training: Epoch 0001 Iter 0036 / 0041 | Time 0.2s | Iter Loss 1.1317 | Iter Mean Loss 1.2077
2023-12-24 13:01:22,324 - root - INFO - KG & CF Training: Epoch 0001 Iter 0037 / 0041 | Time 0.2s | Iter Loss 1.1360 | Iter Mean Loss 1.2058
2023-12-24 13:01:22,460 - root - INFO - KG & CF Training: Epoch 0001 Iter 0038 / 0041 | Time 0.1s | Iter Loss 1.1319 | Iter Mean Loss 1.2038
2023-12-24 13:01:22,601 - root - INFO - KG & CF Training: Epoch 0001 Iter 0039 / 0041 | Time 0.1s | Iter Loss 1.1255 | Iter Mean Loss 1.2018
2023-12-24 13:01:22,728 - root - INFO - KG & CF Training: Epoch 0001 Iter 0040 / 0041 | Time 0.1s | Iter Loss 1.1243 | Iter Mean Loss 1.1999
2023-12-24 13:01:22,878 - root - INFO - KG & CF Training: Epoch 0001 Iter 0041 / 0041 | Time 0.1s | Iter Loss 1.1235 | Iter Mean Loss 1.1980
2023-12-24 13:01:22,879 - root - INFO - KG & CF Training: Epoch 0001 Total Iter 0041 | Total Time 5.5s | Iter Mean Loss 1.1980
2023-12-24 13:01:23,008 - root - INFO - KG & CF Training: Epoch 0002 Iter 0001 / 0041 | Time 0.1s | Iter Loss 1.1181 | Iter Mean Loss 1.1181
2023-12-24 13:01:23,154 - root - INFO - KG & CF Training: Epoch 0002 Iter 0002 / 0041 | Time 0.1s | Iter Loss 1.1152 | Iter Mean Loss 1.1167
2023-12-24 13:01:23,291 - root - INFO - KG & CF Training: Epoch 0002 Iter 0003 / 0041 | Time 0.1s | Iter Loss 1.1150 | Iter Mean Loss 1.1161
2023-12-24 13:01:23,431 - root - INFO - KG & CF Training: Epoch 0002 Iter 0004 / 0041 | Time 0.1s | Iter Loss 1.1095 | Iter Mean Loss 1.1145
2023-12-24 13:01:23,562 - root - INFO - KG & CF Training: Epoch 0002 Iter 0005 / 0041 | Time 0.1s | Iter Loss 1.1131 | Iter Mean Loss 1.1142
2023-12-24 13:01:23,708 - root - INFO - KG & CF Training: Epoch 0002 Iter 0006 / 0041 | Time 0.1s | Iter Loss 1.1040 | Iter Mean Loss 1.1125
2023-12-24 13:01:23,847 - root - INFO - KG & CF Training: Epoch 0002 Iter 0007 / 0041 | Time 0.1s | Iter Loss 1.1062 | Iter Mean Loss 1.1116
2023-12-24 13:01:24,002 - root - INFO - KG & CF Training: Epoch 0002 Iter 0008 / 0041 | Time 0.2s | Iter Loss 1.1067 | Iter Mean Loss 1.1110
2023-12-24 13:01:24,153 - root - INFO - KG & CF Training: Epoch 0002 Iter 0009 / 0041 | Time 0.2s | Iter Loss 1.0984 | Iter Mean Loss 1.1096
2023-12-24 13:01:24,303 - root - INFO - KG & CF Training: Epoch 0002 Iter 0010 / 0041 | Time 0.2s | Iter Loss 1.0989 | Iter Mean Loss 1.1085
2023-12-24 13:01:24,426 - root - INFO - KG & CF Training: Epoch 0002 Iter 0011 / 0041 | Time 0.1s | Iter Loss 1.0946 | Iter Mean Loss 1.1073
2023-12-24 13:01:24,548 - root - INFO - KG & CF Training: Epoch 0002 Iter 0012 / 0041 | Time 0.1s | Iter Loss 1.0917 | Iter Mean Loss 1.1060
2023-12-24 13:01:24,670 - root - INFO - KG & CF Training: Epoch 0002 Iter 0013 / 0041 | Time 0.1s | Iter Loss 1.0882 | Iter Mean Loss 1.1046
2023-12-24 13:01:24,809 - root - INFO - KG & CF Training: Epoch 0002 Iter 0014 / 0041 | Time 0.1s | Iter Loss 1.0887 | Iter Mean Loss 1.1035
2023-12-24 13:01:24,974 - root - INFO - KG & CF Training: Epoch 0002 Iter 0015 / 0041 | Time 0.2s | Iter Loss 1.0913 | Iter Mean Loss 1.1026
2023-12-24 13:01:25,102 - root - INFO - KG & CF Training: Epoch 0002 Iter 0016 / 0041 | Time 0.1s | Iter Loss 1.0861 | Iter Mean Loss 1.1016
2023-12-24 13:01:25,255 - root - INFO - KG & CF Training: Epoch 0002 Iter 0017 / 0041 | Time 0.2s | Iter Loss 1.0812 | Iter Mean Loss 1.1004
2023-12-24 13:01:25,395 - root - INFO - KG & CF Training: Epoch 0002 Iter 0018 / 0041 | Time 0.1s | Iter Loss 1.0818 | Iter Mean Loss 1.0994
2023-12-24 13:01:25,524 - root - INFO - KG & CF Training: Epoch 0002 Iter 0019 / 0041 | Time 0.1s | Iter Loss 1.0806 | Iter Mean Loss 1.0984
2023-12-24 13:01:25,657 - root - INFO - KG & CF Training: Epoch 0002 Iter 0020 / 0041 | Time 0.1s | Iter Loss 1.0799 | Iter Mean Loss 1.0975
2023-12-24 13:01:25,791 - root - INFO - KG & CF Training: Epoch 0002 Iter 0021 / 0041 | Time 0.1s | Iter Loss 1.0784 | Iter Mean Loss 1.0966
2023-12-24 13:01:25,906 - root - INFO - KG & CF Training: Epoch 0002 Iter 0022 / 0041 | Time 0.1s | Iter Loss 1.0779 | Iter Mean Loss 1.0957
2023-12-24 13:01:26,034 - root - INFO - KG & CF Training: Epoch 0002 Iter 0023 / 0041 | Time 0.1s | Iter Loss 1.0682 | Iter Mean Loss 1.0945
2023-12-24 13:01:26,183 - root - INFO - KG & CF Training: Epoch 0002 Iter 0024 / 0041 | Time 0.1s | Iter Loss 1.0686 | Iter Mean Loss 1.0934
2023-12-24 13:01:26,324 - root - INFO - KG & CF Training: Epoch 0002 Iter 0025 / 0041 | Time 0.1s | Iter Loss 1.0694 | Iter Mean Loss 1.0925
2023-12-24 13:01:26,442 - root - INFO - KG & CF Training: Epoch 0002 Iter 0026 / 0041 | Time 0.1s | Iter Loss 1.0656 | Iter Mean Loss 1.0914
2023-12-24 13:01:26,581 - root - INFO - KG & CF Training: Epoch 0002 Iter 0027 / 0041 | Time 0.1s | Iter Loss 1.0630 | Iter Mean Loss 1.0904
2023-12-24 13:01:26,708 - root - INFO - KG & CF Training: Epoch 0002 Iter 0028 / 0041 | Time 0.1s | Iter Loss 1.0598 | Iter Mean Loss 1.0893
2023-12-24 13:01:26,846 - root - INFO - KG & CF Training: Epoch 0002 Iter 0029 / 0041 | Time 0.1s | Iter Loss 1.0565 | Iter Mean Loss 1.0882
2023-12-24 13:01:26,988 - root - INFO - KG & CF Training: Epoch 0002 Iter 0030 / 0041 | Time 0.1s | Iter Loss 1.0630 | Iter Mean Loss 1.0873
2023-12-24 13:01:27,126 - root - INFO - KG & CF Training: Epoch 0002 Iter 0031 / 0041 | Time 0.1s | Iter Loss 1.0541 | Iter Mean Loss 1.0862
2023-12-24 13:01:27,266 - root - INFO - KG & CF Training: Epoch 0002 Iter 0032 / 0041 | Time 0.1s | Iter Loss 1.0566 | Iter Mean Loss 1.0853
2023-12-24 13:01:27,394 - root - INFO - KG & CF Training: Epoch 0002 Iter 0033 / 0041 | Time 0.1s | Iter Loss 1.0493 | Iter Mean Loss 1.0842
2023-12-24 13:01:27,532 - root - INFO - KG & CF Training: Epoch 0002 Iter 0034 / 0041 | Time 0.1s | Iter Loss 1.0556 | Iter Mean Loss 1.0834
2023-12-24 13:01:27,658 - root - INFO - KG & CF Training: Epoch 0002 Iter 0035 / 0041 | Time 0.1s | Iter Loss 1.0536 | Iter Mean Loss 1.0825
2023-12-24 13:01:27,793 - root - INFO - KG & CF Training: Epoch 0002 Iter 0036 / 0041 | Time 0.1s | Iter Loss 1.0493 | Iter Mean Loss 1.0816
2023-12-24 13:01:27,917 - root - INFO - KG & CF Training: Epoch 0002 Iter 0037 / 0041 | Time 0.1s | Iter Loss 1.0429 | Iter Mean Loss 1.0806
2023-12-24 13:01:28,048 - root - INFO - KG & CF Training: Epoch 0002 Iter 0038 / 0041 | Time 0.1s | Iter Loss 1.0487 | Iter Mean Loss 1.0797
2023-12-24 13:01:28,155 - root - INFO - KG & CF Training: Epoch 0002 Iter 0039 / 0041 | Time 0.1s | Iter Loss 1.0403 | Iter Mean Loss 1.0787
2023-12-24 13:01:28,290 - root - INFO - KG & CF Training: Epoch 0002 Iter 0040 / 0041 | Time 0.1s | Iter Loss 1.0388 | Iter Mean Loss 1.0777
2023-12-24 13:01:28,415 - root - INFO - KG & CF Training: Epoch 0002 Iter 0041 / 0041 | Time 0.1s | Iter Loss 1.0376 | Iter Mean Loss 1.0767
2023-12-24 13:01:28,415 - root - INFO - KG & CF Training: Epoch 0002 Total Iter 0041 | Total Time 5.5s | Iter Mean Loss 1.0767
2023-12-24 13:01:28,584 - root - INFO - KG & CF Training: Epoch 0003 Iter 0001 / 0041 | Time 0.2s | Iter Loss 1.0418 | Iter Mean Loss 1.0418
2023-12-24 13:01:28,736 - root - INFO - KG & CF Training: Epoch 0003 Iter 0002 / 0041 | Time 0.2s | Iter Loss 1.0400 | Iter Mean Loss 1.0409
2023-12-24 13:01:28,841 - root - INFO - KG & CF Training: Epoch 0003 Iter 0003 / 0041 | Time 0.1s | Iter Loss 1.0366 | Iter Mean Loss 1.0395
2023-12-24 13:01:28,970 - root - INFO - KG & CF Training: Epoch 0003 Iter 0004 / 0041 | Time 0.1s | Iter Loss 1.0339 | Iter Mean Loss 1.0381
2023-12-24 13:01:29,093 - root - INFO - KG & CF Training: Epoch 0003 Iter 0005 / 0041 | Time 0.1s | Iter Loss 1.0331 | Iter Mean Loss 1.0371
2023-12-24 13:01:29,233 - root - INFO - KG & CF Training: Epoch 0003 Iter 0006 / 0041 | Time 0.1s | Iter Loss 1.0316 | Iter Mean Loss 1.0362
2023-12-24 13:01:29,374 - root - INFO - KG & CF Training: Epoch 0003 Iter 0007 / 0041 | Time 0.1s | Iter Loss 1.0278 | Iter Mean Loss 1.0350
2023-12-24 13:01:29,494 - root - INFO - KG & CF Training: Epoch 0003 Iter 0008 / 0041 | Time 0.1s | Iter Loss 1.0297 | Iter Mean Loss 1.0343
2023-12-24 13:01:29,613 - root - INFO - KG & CF Training: Epoch 0003 Iter 0009 / 0041 | Time 0.1s | Iter Loss 1.0267 | Iter Mean Loss 1.0335
2023-12-24 13:01:29,734 - root - INFO - KG & CF Training: Epoch 0003 Iter 0010 / 0041 | Time 0.1s | Iter Loss 1.0223 | Iter Mean Loss 1.0323
2023-12-24 13:01:29,865 - root - INFO - KG & CF Training: Epoch 0003 Iter 0011 / 0041 | Time 0.1s | Iter Loss 1.0246 | Iter Mean Loss 1.0316
2023-12-24 13:01:29,987 - root - INFO - KG & CF Training: Epoch 0003 Iter 0012 / 0041 | Time 0.1s | Iter Loss 1.0231 | Iter Mean Loss 1.0309
2023-12-24 13:01:30,115 - root - INFO - KG & CF Training: Epoch 0003 Iter 0013 / 0041 | Time 0.1s | Iter Loss 1.0263 | Iter Mean Loss 1.0306
2023-12-24 13:01:30,246 - root - INFO - KG & CF Training: Epoch 0003 Iter 0014 / 0041 | Time 0.1s | Iter Loss 1.0234 | Iter Mean Loss 1.0301
2023-12-24 13:01:30,411 - root - INFO - KG & CF Training: Epoch 0003 Iter 0015 / 0041 | Time 0.2s | Iter Loss 1.0252 | Iter Mean Loss 1.0297
2023-12-24 13:01:30,539 - root - INFO - KG & CF Training: Epoch 0003 Iter 0016 / 0041 | Time 0.1s | Iter Loss 1.0243 | Iter Mean Loss 1.0294
2023-12-24 13:01:30,662 - root - INFO - KG & CF Training: Epoch 0003 Iter 0017 / 0041 | Time 0.1s | Iter Loss 1.0140 | Iter Mean Loss 1.0285
2023-12-24 13:01:30,785 - root - INFO - KG & CF Training: Epoch 0003 Iter 0018 / 0041 | Time 0.1s | Iter Loss 1.0095 | Iter Mean Loss 1.0274
2023-12-24 13:01:30,916 - root - INFO - KG & CF Training: Epoch 0003 Iter 0019 / 0041 | Time 0.1s | Iter Loss 1.0136 | Iter Mean Loss 1.0267
2023-12-24 13:01:31,034 - root - INFO - KG & CF Training: Epoch 0003 Iter 0020 / 0041 | Time 0.1s | Iter Loss 1.0164 | Iter Mean Loss 1.0262
2023-12-24 13:01:31,158 - root - INFO - KG & CF Training: Epoch 0003 Iter 0021 / 0041 | Time 0.1s | Iter Loss 1.0123 | Iter Mean Loss 1.0255
2023-12-24 13:01:31,282 - root - INFO - KG & CF Training: Epoch 0003 Iter 0022 / 0041 | Time 0.1s | Iter Loss 1.0105 | Iter Mean Loss 1.0249
2023-12-24 13:01:31,439 - root - INFO - KG & CF Training: Epoch 0003 Iter 0023 / 0041 | Time 0.2s | Iter Loss 1.0083 | Iter Mean Loss 1.0241
2023-12-24 13:01:31,589 - root - INFO - KG & CF Training: Epoch 0003 Iter 0024 / 0041 | Time 0.1s | Iter Loss 1.0129 | Iter Mean Loss 1.0237
2023-12-24 13:01:31,725 - root - INFO - KG & CF Training: Epoch 0003 Iter 0025 / 0041 | Time 0.1s | Iter Loss 1.0135 | Iter Mean Loss 1.0233
2023-12-24 13:01:31,840 - root - INFO - KG & CF Training: Epoch 0003 Iter 0026 / 0041 | Time 0.1s | Iter Loss 1.0114 | Iter Mean Loss 1.0228
2023-12-24 13:01:31,959 - root - INFO - KG & CF Training: Epoch 0003 Iter 0027 / 0041 | Time 0.1s | Iter Loss 1.0042 | Iter Mean Loss 1.0221
2023-12-24 13:01:32,100 - root - INFO - KG & CF Training: Epoch 0003 Iter 0028 / 0041 | Time 0.1s | Iter Loss 1.0007 | Iter Mean Loss 1.0213
2023-12-24 13:01:32,231 - root - INFO - KG & CF Training: Epoch 0003 Iter 0029 / 0041 | Time 0.1s | Iter Loss 1.0062 | Iter Mean Loss 1.0208
2023-12-24 13:01:32,406 - root - INFO - KG & CF Training: Epoch 0003 Iter 0030 / 0041 | Time 0.2s | Iter Loss 1.0022 | Iter Mean Loss 1.0202
2023-12-24 13:01:32,524 - root - INFO - KG & CF Training: Epoch 0003 Iter 0031 / 0041 | Time 0.1s | Iter Loss 0.9996 | Iter Mean Loss 1.0195
2023-12-24 13:01:32,644 - root - INFO - KG & CF Training: Epoch 0003 Iter 0032 / 0041 | Time 0.1s | Iter Loss 0.9986 | Iter Mean Loss 1.0189
2023-12-24 13:01:32,777 - root - INFO - KG & CF Training: Epoch 0003 Iter 0033 / 0041 | Time 0.1s | Iter Loss 0.9968 | Iter Mean Loss 1.0182
2023-12-24 13:01:32,928 - root - INFO - KG & CF Training: Epoch 0003 Iter 0034 / 0041 | Time 0.2s | Iter Loss 0.9981 | Iter Mean Loss 1.0176
2023-12-24 13:01:33,066 - root - INFO - KG & CF Training: Epoch 0003 Iter 0035 / 0041 | Time 0.1s | Iter Loss 1.0004 | Iter Mean Loss 1.0171
2023-12-24 13:01:33,186 - root - INFO - KG & CF Training: Epoch 0003 Iter 0036 / 0041 | Time 0.1s | Iter Loss 0.9986 | Iter Mean Loss 1.0166
2023-12-24 13:01:33,326 - root - INFO - KG & CF Training: Epoch 0003 Iter 0037 / 0041 | Time 0.1s | Iter Loss 0.9914 | Iter Mean Loss 1.0159
2023-12-24 13:01:33,451 - root - INFO - KG & CF Training: Epoch 0003 Iter 0038 / 0041 | Time 0.1s | Iter Loss 0.9962 | Iter Mean Loss 1.0154
2023-12-24 13:01:33,589 - root - INFO - KG & CF Training: Epoch 0003 Iter 0039 / 0041 | Time 0.1s | Iter Loss 0.9957 | Iter Mean Loss 1.0149
2023-12-24 13:01:33,722 - root - INFO - KG & CF Training: Epoch 0003 Iter 0040 / 0041 | Time 0.1s | Iter Loss 0.9887 | Iter Mean Loss 1.0143
2023-12-24 13:01:33,831 - root - INFO - KG & CF Training: Epoch 0003 Iter 0041 / 0041 | Time 0.1s | Iter Loss 0.9922 | Iter Mean Loss 1.0137
2023-12-24 13:01:33,832 - root - INFO - KG & CF Training: Epoch 0003 Total Iter 0041 | Total Time 5.4s | Iter Mean Loss 1.0137
2023-12-24 13:01:33,934 - root - INFO - KG & CF Training: Epoch 0004 Iter 0001 / 0041 | Time 0.1s | Iter Loss 0.9901 | Iter Mean Loss 0.9901
2023-12-24 13:01:34,047 - root - INFO - KG & CF Training: Epoch 0004 Iter 0002 / 0041 | Time 0.1s | Iter Loss 0.9888 | Iter Mean Loss 0.9895
2023-12-24 13:01:34,180 - root - INFO - KG & CF Training: Epoch 0004 Iter 0003 / 0041 | Time 0.1s | Iter Loss 0.9889 | Iter Mean Loss 0.9893
2023-12-24 13:01:34,307 - root - INFO - KG & CF Training: Epoch 0004 Iter 0004 / 0041 | Time 0.1s | Iter Loss 0.9921 | Iter Mean Loss 0.9900
2023-12-24 13:01:34,422 - root - INFO - KG & CF Training: Epoch 0004 Iter 0005 / 0041 | Time 0.1s | Iter Loss 0.9874 | Iter Mean Loss 0.9894
2023-12-24 13:01:34,549 - root - INFO - KG & CF Training: Epoch 0004 Iter 0006 / 0041 | Time 0.1s | Iter Loss 0.9876 | Iter Mean Loss 0.9891
2023-12-24 13:01:34,667 - root - INFO - KG & CF Training: Epoch 0004 Iter 0007 / 0041 | Time 0.1s | Iter Loss 0.9831 | Iter Mean Loss 0.9883
2023-12-24 13:01:34,802 - root - INFO - KG & CF Training: Epoch 0004 Iter 0008 / 0041 | Time 0.1s | Iter Loss 0.9819 | Iter Mean Loss 0.9875
2023-12-24 13:01:34,922 - root - INFO - KG & CF Training: Epoch 0004 Iter 0009 / 0041 | Time 0.1s | Iter Loss 0.9890 | Iter Mean Loss 0.9876
2023-12-24 13:01:35,041 - root - INFO - KG & CF Training: Epoch 0004 Iter 0010 / 0041 | Time 0.1s | Iter Loss 0.9781 | Iter Mean Loss 0.9867
2023-12-24 13:01:35,162 - root - INFO - KG & CF Training: Epoch 0004 Iter 0011 / 0041 | Time 0.1s | Iter Loss 0.9752 | Iter Mean Loss 0.9856
2023-12-24 13:01:35,282 - root - INFO - KG & CF Training: Epoch 0004 Iter 0012 / 0041 | Time 0.1s | Iter Loss 0.9806 | Iter Mean Loss 0.9852
2023-12-24 13:01:35,399 - root - INFO - KG & CF Training: Epoch 0004 Iter 0013 / 0041 | Time 0.1s | Iter Loss 0.9860 | Iter Mean Loss 0.9853
2023-12-24 13:01:35,511 - root - INFO - KG & CF Training: Epoch 0004 Iter 0014 / 0041 | Time 0.1s | Iter Loss 0.9851 | Iter Mean Loss 0.9853
2023-12-24 13:01:35,637 - root - INFO - KG & CF Training: Epoch 0004 Iter 0015 / 0041 | Time 0.1s | Iter Loss 0.9809 | Iter Mean Loss 0.9850
2023-12-24 13:01:35,772 - root - INFO - KG & CF Training: Epoch 0004 Iter 0016 / 0041 | Time 0.1s | Iter Loss 0.9771 | Iter Mean Loss 0.9845
2023-12-24 13:01:35,900 - root - INFO - KG & CF Training: Epoch 0004 Iter 0017 / 0041 | Time 0.1s | Iter Loss 0.9714 | Iter Mean Loss 0.9837
2023-12-24 13:01:36,014 - root - INFO - KG & CF Training: Epoch 0004 Iter 0018 / 0041 | Time 0.1s | Iter Loss 0.9756 | Iter Mean Loss 0.9833
2023-12-24 13:01:36,141 - root - INFO - KG & CF Training: Epoch 0004 Iter 0019 / 0041 | Time 0.1s | Iter Loss 0.9735 | Iter Mean Loss 0.9828
2023-12-24 13:01:36,265 - root - INFO - KG & CF Training: Epoch 0004 Iter 0020 / 0041 | Time 0.1s | Iter Loss 0.9733 | Iter Mean Loss 0.9823
2023-12-24 13:01:36,384 - root - INFO - KG & CF Training: Epoch 0004 Iter 0021 / 0041 | Time 0.1s | Iter Loss 0.9774 | Iter Mean Loss 0.9821
2023-12-24 13:01:36,488 - root - INFO - KG & CF Training: Epoch 0004 Iter 0022 / 0041 | Time 0.1s | Iter Loss 0.9737 | Iter Mean Loss 0.9817
2023-12-24 13:01:36,610 - root - INFO - KG & CF Training: Epoch 0004 Iter 0023 / 0041 | Time 0.1s | Iter Loss 0.9679 | Iter Mean Loss 0.9811
2023-12-24 13:01:36,730 - root - INFO - KG & CF Training: Epoch 0004 Iter 0024 / 0041 | Time 0.1s | Iter Loss 0.9713 | Iter Mean Loss 0.9807
2023-12-24 13:01:36,850 - root - INFO - KG & CF Training: Epoch 0004 Iter 0025 / 0041 | Time 0.1s | Iter Loss 0.9669 | Iter Mean Loss 0.9801
2023-12-24 13:01:36,976 - root - INFO - KG & CF Training: Epoch 0004 Iter 0026 / 0041 | Time 0.1s | Iter Loss 0.9659 | Iter Mean Loss 0.9796
2023-12-24 13:01:37,098 - root - INFO - KG & CF Training: Epoch 0004 Iter 0027 / 0041 | Time 0.1s | Iter Loss 0.9685 | Iter Mean Loss 0.9792
2023-12-24 13:01:37,217 - root - INFO - KG & CF Training: Epoch 0004 Iter 0028 / 0041 | Time 0.1s | Iter Loss 0.9649 | Iter Mean Loss 0.9786
2023-12-24 13:01:37,344 - root - INFO - KG & CF Training: Epoch 0004 Iter 0029 / 0041 | Time 0.1s | Iter Loss 0.9665 | Iter Mean Loss 0.9782
2023-12-24 13:01:37,472 - root - INFO - KG & CF Training: Epoch 0004 Iter 0030 / 0041 | Time 0.1s | Iter Loss 0.9677 | Iter Mean Loss 0.9779
2023-12-24 13:01:37,586 - root - INFO - KG & CF Training: Epoch 0004 Iter 0031 / 0041 | Time 0.1s | Iter Loss 0.9699 | Iter Mean Loss 0.9776
2023-12-24 13:01:37,710 - root - INFO - KG & CF Training: Epoch 0004 Iter 0032 / 0041 | Time 0.1s | Iter Loss 0.9680 | Iter Mean Loss 0.9773
2023-12-24 13:01:37,842 - root - INFO - KG & CF Training: Epoch 0004 Iter 0033 / 0041 | Time 0.1s | Iter Loss 0.9595 | Iter Mean Loss 0.9768
2023-12-24 13:01:37,962 - root - INFO - KG & CF Training: Epoch 0004 Iter 0034 / 0041 | Time 0.1s | Iter Loss 0.9572 | Iter Mean Loss 0.9762
2023-12-24 13:01:38,088 - root - INFO - KG & CF Training: Epoch 0004 Iter 0035 / 0041 | Time 0.1s | Iter Loss 0.9646 | Iter Mean Loss 0.9759
2023-12-24 13:01:38,226 - root - INFO - KG & CF Training: Epoch 0004 Iter 0036 / 0041 | Time 0.1s | Iter Loss 0.9642 | Iter Mean Loss 0.9756
2023-12-24 13:01:38,341 - root - INFO - KG & CF Training: Epoch 0004 Iter 0037 / 0041 | Time 0.1s | Iter Loss 0.9588 | Iter Mean Loss 0.9751
2023-12-24 13:01:38,470 - root - INFO - KG & CF Training: Epoch 0004 Iter 0038 / 0041 | Time 0.1s | Iter Loss 0.9628 | Iter Mean Loss 0.9748
2023-12-24 13:01:38,584 - root - INFO - KG & CF Training: Epoch 0004 Iter 0039 / 0041 | Time 0.1s | Iter Loss 0.9614 | Iter Mean Loss 0.9744
2023-12-24 13:01:38,710 - root - INFO - KG & CF Training: Epoch 0004 Iter 0040 / 0041 | Time 0.1s | Iter Loss 0.9640 | Iter Mean Loss 0.9742
2023-12-24 13:01:38,856 - root - INFO - KG & CF Training: Epoch 0004 Iter 0041 / 0041 | Time 0.1s | Iter Loss 0.9499 | Iter Mean Loss 0.9736
2023-12-24 13:01:38,856 - root - INFO - KG & CF Training: Epoch 0004 Total Iter 0041 | Total Time 5.0s | Iter Mean Loss 0.9736
2023-12-24 13:01:38,960 - root - INFO - KG & CF Training: Epoch 0005 Iter 0001 / 0041 | Time 0.1s | Iter Loss 0.9600 | Iter Mean Loss 0.9600
2023-12-24 13:01:39,072 - root - INFO - KG & CF Training: Epoch 0005 Iter 0002 / 0041 | Time 0.1s | Iter Loss 0.9535 | Iter Mean Loss 0.9567
2023-12-24 13:01:39,197 - root - INFO - KG & CF Training: Epoch 0005 Iter 0003 / 0041 | Time 0.1s | Iter Loss 0.9608 | Iter Mean Loss 0.9581
2023-12-24 13:01:39,328 - root - INFO - KG & CF Training: Epoch 0005 Iter 0004 / 0041 | Time 0.1s | Iter Loss 0.9590 | Iter Mean Loss 0.9583
2023-12-24 13:01:39,446 - root - INFO - KG & CF Training: Epoch 0005 Iter 0005 / 0041 | Time 0.1s | Iter Loss 0.9556 | Iter Mean Loss 0.9578
2023-12-24 13:01:39,576 - root - INFO - KG & CF Training: Epoch 0005 Iter 0006 / 0041 | Time 0.1s | Iter Loss 0.9567 | Iter Mean Loss 0.9576
2023-12-24 13:01:39,700 - root - INFO - KG & CF Training: Epoch 0005 Iter 0007 / 0041 | Time 0.1s | Iter Loss 0.9546 | Iter Mean Loss 0.9572
2023-12-24 13:01:39,820 - root - INFO - KG & CF Training: Epoch 0005 Iter 0008 / 0041 | Time 0.1s | Iter Loss 0.9493 | Iter Mean Loss 0.9562
2023-12-24 13:01:39,933 - root - INFO - KG & CF Training: Epoch 0005 Iter 0009 / 0041 | Time 0.1s | Iter Loss 0.9493 | Iter Mean Loss 0.9554
2023-12-24 13:01:40,057 - root - INFO - KG & CF Training: Epoch 0005 Iter 0010 / 0041 | Time 0.1s | Iter Loss 0.9467 | Iter Mean Loss 0.9545
2023-12-24 13:01:40,169 - root - INFO - KG & CF Training: Epoch 0005 Iter 0011 / 0041 | Time 0.1s | Iter Loss 0.9496 | Iter Mean Loss 0.9541
2023-12-24 13:01:40,291 - root - INFO - KG & CF Training: Epoch 0005 Iter 0012 / 0041 | Time 0.1s | Iter Loss 0.9498 | Iter Mean Loss 0.9537
2023-12-24 13:01:40,399 - root - INFO - KG & CF Training: Epoch 0005 Iter 0013 / 0041 | Time 0.1s | Iter Loss 0.9520 | Iter Mean Loss 0.9536
2023-12-24 13:01:40,521 - root - INFO - KG & CF Training: Epoch 0005 Iter 0014 / 0041 | Time 0.1s | Iter Loss 0.9545 | Iter Mean Loss 0.9537
2023-12-24 13:01:40,647 - root - INFO - KG & CF Training: Epoch 0005 Iter 0015 / 0041 | Time 0.1s | Iter Loss 0.9557 | Iter Mean Loss 0.9538
2023-12-24 13:01:40,766 - root - INFO - KG & CF Training: Epoch 0005 Iter 0016 / 0041 | Time 0.1s | Iter Loss 0.9493 | Iter Mean Loss 0.9535
2023-12-24 13:01:40,894 - root - INFO - KG & CF Training: Epoch 0005 Iter 0017 / 0041 | Time 0.1s | Iter Loss 0.9479 | Iter Mean Loss 0.9532
2023-12-24 13:01:41,013 - root - INFO - KG & CF Training: Epoch 0005 Iter 0018 / 0041 | Time 0.1s | Iter Loss 0.9463 | Iter Mean Loss 0.9528
2023-12-24 13:01:41,120 - root - INFO - KG & CF Training: Epoch 0005 Iter 0019 / 0041 | Time 0.1s | Iter Loss 0.9509 | Iter Mean Loss 0.9527
2023-12-24 13:01:41,243 - root - INFO - KG & CF Training: Epoch 0005 Iter 0020 / 0041 | Time 0.1s | Iter Loss 0.9492 | Iter Mean Loss 0.9525
2023-12-24 13:01:41,364 - root - INFO - KG & CF Training: Epoch 0005 Iter 0021 / 0041 | Time 0.1s | Iter Loss 0.9422 | Iter Mean Loss 0.9520
2023-12-24 13:01:41,484 - root - INFO - KG & CF Training: Epoch 0005 Iter 0022 / 0041 | Time 0.1s | Iter Loss 0.9501 | Iter Mean Loss 0.9520
2023-12-24 13:01:41,615 - root - INFO - KG & CF Training: Epoch 0005 Iter 0023 / 0041 | Time 0.1s | Iter Loss 0.9415 | Iter Mean Loss 0.9515
2023-12-24 13:01:41,736 - root - INFO - KG & CF Training: Epoch 0005 Iter 0024 / 0041 | Time 0.1s | Iter Loss 0.9392 | Iter Mean Loss 0.9510
2023-12-24 13:01:41,862 - root - INFO - KG & CF Training: Epoch 0005 Iter 0025 / 0041 | Time 0.1s | Iter Loss 0.9442 | Iter Mean Loss 0.9507
2023-12-24 13:01:41,984 - root - INFO - KG & CF Training: Epoch 0005 Iter 0026 / 0041 | Time 0.1s | Iter Loss 0.9460 | Iter Mean Loss 0.9505
2023-12-24 13:01:42,098 - root - INFO - KG & CF Training: Epoch 0005 Iter 0027 / 0041 | Time 0.1s | Iter Loss 0.9456 | Iter Mean Loss 0.9504
2023-12-24 13:01:42,226 - root - INFO - KG & CF Training: Epoch 0005 Iter 0028 / 0041 | Time 0.1s | Iter Loss 0.9378 | Iter Mean Loss 0.9499
2023-12-24 13:01:42,359 - root - INFO - KG & CF Training: Epoch 0005 Iter 0029 / 0041 | Time 0.1s | Iter Loss 0.9406 | Iter Mean Loss 0.9496
2023-12-24 13:01:42,471 - root - INFO - KG & CF Training: Epoch 0005 Iter 0030 / 0041 | Time 0.1s | Iter Loss 0.9388 | Iter Mean Loss 0.9492
2023-12-24 13:01:42,601 - root - INFO - KG & CF Training: Epoch 0005 Iter 0031 / 0041 | Time 0.1s | Iter Loss 0.9449 | Iter Mean Loss 0.9491
2023-12-24 13:01:42,733 - root - INFO - KG & CF Training: Epoch 0005 Iter 0032 / 0041 | Time 0.1s | Iter Loss 0.9469 | Iter Mean Loss 0.9490
2023-12-24 13:01:42,852 - root - INFO - KG & CF Training: Epoch 0005 Iter 0033 / 0041 | Time 0.1s | Iter Loss 0.9421 | Iter Mean Loss 0.9488
2023-12-24 13:01:42,972 - root - INFO - KG & CF Training: Epoch 0005 Iter 0034 / 0041 | Time 0.1s | Iter Loss 0.9452 | Iter Mean Loss 0.9487
2023-12-24 13:01:43,085 - root - INFO - KG & CF Training: Epoch 0005 Iter 0035 / 0041 | Time 0.1s | Iter Loss 0.9418 | Iter Mean Loss 0.9485
2023-12-24 13:01:43,205 - root - INFO - KG & CF Training: Epoch 0005 Iter 0036 / 0041 | Time 0.1s | Iter Loss 0.9384 | Iter Mean Loss 0.9482
2023-12-24 13:01:43,339 - root - INFO - KG & CF Training: Epoch 0005 Iter 0037 / 0041 | Time 0.1s | Iter Loss 0.9358 | Iter Mean Loss 0.9479
2023-12-24 13:01:43,477 - root - INFO - KG & CF Training: Epoch 0005 Iter 0038 / 0041 | Time 0.1s | Iter Loss 0.9357 | Iter Mean Loss 0.9476
2023-12-24 13:01:43,605 - root - INFO - KG & CF Training: Epoch 0005 Iter 0039 / 0041 | Time 0.1s | Iter Loss 0.9328 | Iter Mean Loss 0.9472
2023-12-24 13:01:43,733 - root - INFO - KG & CF Training: Epoch 0005 Iter 0040 / 0041 | Time 0.1s | Iter Loss 0.9367 | Iter Mean Loss 0.9469
2023-12-24 13:01:43,860 - root - INFO - KG & CF Training: Epoch 0005 Iter 0041 / 0041 | Time 0.1s | Iter Loss 0.9314 | Iter Mean Loss 0.9465
2023-12-24 13:01:43,861 - root - INFO - KG & CF Training: Epoch 0005 Total Iter 0041 | Total Time 5.0s | Iter Mean Loss 0.9465
2023-12-24 13:01:43,979 - root - INFO - KG & CF Training: Epoch 0006 Iter 0001 / 0041 | Time 0.1s | Iter Loss 0.9393 | Iter Mean Loss 0.9393
2023-12-24 13:01:44,100 - root - INFO - KG & CF Training: Epoch 0006 Iter 0002 / 0041 | Time 0.1s | Iter Loss 0.9342 | Iter Mean Loss 0.9367
2023-12-24 13:01:44,226 - root - INFO - KG & CF Training: Epoch 0006 Iter 0003 / 0041 | Time 0.1s | Iter Loss 0.9349 | Iter Mean Loss 0.9361
2023-12-24 13:01:44,349 - root - INFO - KG & CF Training: Epoch 0006 Iter 0004 / 0041 | Time 0.1s | Iter Loss 0.9335 | Iter Mean Loss 0.9355
2023-12-24 13:01:44,482 - root - INFO - KG & CF Training: Epoch 0006 Iter 0005 / 0041 | Time 0.1s | Iter Loss 0.9381 | Iter Mean Loss 0.9360
2023-12-24 13:01:44,609 - root - INFO - KG & CF Training: Epoch 0006 Iter 0006 / 0041 | Time 0.1s | Iter Loss 0.9393 | Iter Mean Loss 0.9366
2023-12-24 13:01:44,719 - root - INFO - KG & CF Training: Epoch 0006 Iter 0007 / 0041 | Time 0.1s | Iter Loss 0.9298 | Iter Mean Loss 0.9356
2023-12-24 13:01:44,840 - root - INFO - KG & CF Training: Epoch 0006 Iter 0008 / 0041 | Time 0.1s | Iter Loss 0.9310 | Iter Mean Loss 0.9350
2023-12-24 13:01:44,961 - root - INFO - KG & CF Training: Epoch 0006 Iter 0009 / 0041 | Time 0.1s | Iter Loss 0.9326 | Iter Mean Loss 0.9348
2023-12-24 13:01:45,076 - root - INFO - KG & CF Training: Epoch 0006 Iter 0010 / 0041 | Time 0.1s | Iter Loss 0.9264 | Iter Mean Loss 0.9339
2023-12-24 13:01:45,211 - root - INFO - KG & CF Training: Epoch 0006 Iter 0011 / 0041 | Time 0.1s | Iter Loss 0.9333 | Iter Mean Loss 0.9339
2023-12-24 13:01:45,342 - root - INFO - KG & CF Training: Epoch 0006 Iter 0012 / 0041 | Time 0.1s | Iter Loss 0.9351 | Iter Mean Loss 0.9340
2023-12-24 13:01:45,451 - root - INFO - KG & CF Training: Epoch 0006 Iter 0013 / 0041 | Time 0.1s | Iter Loss 0.9228 | Iter Mean Loss 0.9331
2023-12-24 13:01:45,569 - root - INFO - KG & CF Training: Epoch 0006 Iter 0014 / 0041 | Time 0.1s | Iter Loss 0.9331 | Iter Mean Loss 0.9331
2023-12-24 13:01:45,692 - root - INFO - KG & CF Training: Epoch 0006 Iter 0015 / 0041 | Time 0.1s | Iter Loss 0.9255 | Iter Mean Loss 0.9326
2023-12-24 13:01:45,808 - root - INFO - KG & CF Training: Epoch 0006 Iter 0016 / 0041 | Time 0.1s | Iter Loss 0.9289 | Iter Mean Loss 0.9324
2023-12-24 13:01:45,939 - root - INFO - KG & CF Training: Epoch 0006 Iter 0017 / 0041 | Time 0.1s | Iter Loss 0.9332 | Iter Mean Loss 0.9324
2023-12-24 13:01:46,063 - root - INFO - KG & CF Training: Epoch 0006 Iter 0018 / 0041 | Time 0.1s | Iter Loss 0.9283 | Iter Mean Loss 0.9322
2023-12-24 13:01:46,177 - root - INFO - KG & CF Training: Epoch 0006 Iter 0019 / 0041 | Time 0.1s | Iter Loss 0.9176 | Iter Mean Loss 0.9314
2023-12-24 13:01:46,305 - root - INFO - KG & CF Training: Epoch 0006 Iter 0020 / 0041 | Time 0.1s | Iter Loss 0.9270 | Iter Mean Loss 0.9312
2023-12-24 13:01:46,424 - root - INFO - KG & CF Training: Epoch 0006 Iter 0021 / 0041 | Time 0.1s | Iter Loss 0.9311 | Iter Mean Loss 0.9312
2023-12-24 13:01:46,542 - root - INFO - KG & CF Training: Epoch 0006 Iter 0022 / 0041 | Time 0.1s | Iter Loss 0.9242 | Iter Mean Loss 0.9309
2023-12-24 13:01:46,677 - root - INFO - KG & CF Training: Epoch 0006 Iter 0023 / 0041 | Time 0.1s | Iter Loss 0.9299 | Iter Mean Loss 0.9308
2023-12-24 13:01:46,812 - root - INFO - KG & CF Training: Epoch 0006 Iter 0024 / 0041 | Time 0.1s | Iter Loss 0.9287 | Iter Mean Loss 0.9307
2023-12-24 13:01:46,931 - root - INFO - KG & CF Training: Epoch 0006 Iter 0025 / 0041 | Time 0.1s | Iter Loss 0.9221 | Iter Mean Loss 0.9304
2023-12-24 13:01:47,057 - root - INFO - KG & CF Training: Epoch 0006 Iter 0026 / 0041 | Time 0.1s | Iter Loss 0.9286 | Iter Mean Loss 0.9303
2023-12-24 13:01:47,185 - root - INFO - KG & CF Training: Epoch 0006 Iter 0027 / 0041 | Time 0.1s | Iter Loss 0.9249 | Iter Mean Loss 0.9301
2023-12-24 13:01:47,315 - root - INFO - KG & CF Training: Epoch 0006 Iter 0028 / 0041 | Time 0.1s | Iter Loss 0.9252 | Iter Mean Loss 0.9300
2023-12-24 13:01:47,438 - root - INFO - KG & CF Training: Epoch 0006 Iter 0029 / 0041 | Time 0.1s | Iter Loss 0.9268 | Iter Mean Loss 0.9298
2023-12-24 13:01:47,558 - root - INFO - KG & CF Training: Epoch 0006 Iter 0030 / 0041 | Time 0.1s | Iter Loss 0.9219 | Iter Mean Loss 0.9296
2023-12-24 13:01:47,672 - root - INFO - KG & CF Training: Epoch 0006 Iter 0031 / 0041 | Time 0.1s | Iter Loss 0.9254 | Iter Mean Loss 0.9294
2023-12-24 13:01:47,796 - root - INFO - KG & CF Training: Epoch 0006 Iter 0032 / 0041 | Time 0.1s | Iter Loss 0.9225 | Iter Mean Loss 0.9292
2023-12-24 13:01:47,920 - root - INFO - KG & CF Training: Epoch 0006 Iter 0033 / 0041 | Time 0.1s | Iter Loss 0.9249 | Iter Mean Loss 0.9291
2023-12-24 13:01:48,046 - root - INFO - KG & CF Training: Epoch 0006 Iter 0034 / 0041 | Time 0.1s | Iter Loss 0.9228 | Iter Mean Loss 0.9289
2023-12-24 13:01:48,163 - root - INFO - KG & CF Training: Epoch 0006 Iter 0035 / 0041 | Time 0.1s | Iter Loss 0.9198 | Iter Mean Loss 0.9286
2023-12-24 13:01:48,294 - root - INFO - KG & CF Training: Epoch 0006 Iter 0036 / 0041 | Time 0.1s | Iter Loss 0.9200 | Iter Mean Loss 0.9284
2023-12-24 13:01:48,409 - root - INFO - KG & CF Training: Epoch 0006 Iter 0037 / 0041 | Time 0.1s | Iter Loss 0.9226 | Iter Mean Loss 0.9283
2023-12-24 13:01:48,537 - root - INFO - KG & CF Training: Epoch 0006 Iter 0038 / 0041 | Time 0.1s | Iter Loss 0.9285 | Iter Mean Loss 0.9283
2023-12-24 13:01:48,649 - root - INFO - KG & CF Training: Epoch 0006 Iter 0039 / 0041 | Time 0.1s | Iter Loss 0.9260 | Iter Mean Loss 0.9282
2023-12-24 13:01:48,787 - root - INFO - KG & CF Training: Epoch 0006 Iter 0040 / 0041 | Time 0.1s | Iter Loss 0.9205 | Iter Mean Loss 0.9280
2023-12-24 13:01:48,928 - root - INFO - KG & CF Training: Epoch 0006 Iter 0041 / 0041 | Time 0.1s | Iter Loss 0.9182 | Iter Mean Loss 0.9278
2023-12-24 13:01:48,928 - root - INFO - KG & CF Training: Epoch 0006 Total Iter 0041 | Total Time 5.1s | Iter Mean Loss 0.9278
2023-12-24 13:01:49,083 - root - INFO - KG & CF Training: Epoch 0007 Iter 0001 / 0041 | Time 0.2s | Iter Loss 0.9203 | Iter Mean Loss 0.9203
2023-12-24 13:01:49,235 - root - INFO - KG & CF Training: Epoch 0007 Iter 0002 / 0041 | Time 0.2s | Iter Loss 0.9124 | Iter Mean Loss 0.9163
2023-12-24 13:01:49,375 - root - INFO - KG & CF Training: Epoch 0007 Iter 0003 / 0041 | Time 0.1s | Iter Loss 0.9140 | Iter Mean Loss 0.9155
2023-12-24 13:01:49,525 - root - INFO - KG & CF Training: Epoch 0007 Iter 0004 / 0041 | Time 0.1s | Iter Loss 0.9226 | Iter Mean Loss 0.9173
2023-12-24 13:01:49,659 - root - INFO - KG & CF Training: Epoch 0007 Iter 0005 / 0041 | Time 0.1s | Iter Loss 0.9118 | Iter Mean Loss 0.9162
2023-12-24 13:01:49,785 - root - INFO - KG & CF Training: Epoch 0007 Iter 0006 / 0041 | Time 0.1s | Iter Loss 0.9187 | Iter Mean Loss 0.9166
2023-12-24 13:01:49,940 - root - INFO - KG & CF Training: Epoch 0007 Iter 0007 / 0041 | Time 0.2s | Iter Loss 0.9124 | Iter Mean Loss 0.9160
2023-12-24 13:01:50,068 - root - INFO - KG & CF Training: Epoch 0007 Iter 0008 / 0041 | Time 0.1s | Iter Loss 0.9190 | Iter Mean Loss 0.9164
2023-12-24 13:01:50,211 - root - INFO - KG & CF Training: Epoch 0007 Iter 0009 / 0041 | Time 0.1s | Iter Loss 0.9142 | Iter Mean Loss 0.9161
2023-12-24 13:01:50,353 - root - INFO - KG & CF Training: Epoch 0007 Iter 0010 / 0041 | Time 0.1s | Iter Loss 0.9132 | Iter Mean Loss 0.9159
2023-12-24 13:01:50,496 - root - INFO - KG & CF Training: Epoch 0007 Iter 0011 / 0041 | Time 0.1s | Iter Loss 0.9169 | Iter Mean Loss 0.9160
2023-12-24 13:01:50,646 - root - INFO - KG & CF Training: Epoch 0007 Iter 0012 / 0041 | Time 0.2s | Iter Loss 0.9163 | Iter Mean Loss 0.9160
2023-12-24 13:01:50,806 - root - INFO - KG & CF Training: Epoch 0007 Iter 0013 / 0041 | Time 0.2s | Iter Loss 0.9136 | Iter Mean Loss 0.9158
2023-12-24 13:01:50,963 - root - INFO - KG & CF Training: Epoch 0007 Iter 0014 / 0041 | Time 0.2s | Iter Loss 0.9098 | Iter Mean Loss 0.9154
2023-12-24 13:01:51,117 - root - INFO - KG & CF Training: Epoch 0007 Iter 0015 / 0041 | Time 0.2s | Iter Loss 0.9121 | Iter Mean Loss 0.9151
2023-12-24 13:01:51,271 - root - INFO - KG & CF Training: Epoch 0007 Iter 0016 / 0041 | Time 0.2s | Iter Loss 0.9134 | Iter Mean Loss 0.9150
2023-12-24 13:01:51,440 - root - INFO - KG & CF Training: Epoch 0007 Iter 0017 / 0041 | Time 0.2s | Iter Loss 0.9181 | Iter Mean Loss 0.9152
2023-12-24 13:01:51,593 - root - INFO - KG & CF Training: Epoch 0007 Iter 0018 / 0041 | Time 0.2s | Iter Loss 0.9166 | Iter Mean Loss 0.9153
2023-12-24 13:01:51,705 - root - INFO - KG & CF Training: Epoch 0007 Iter 0019 / 0041 | Time 0.1s | Iter Loss 0.9113 | Iter Mean Loss 0.9151
2023-12-24 13:01:51,851 - root - INFO - KG & CF Training: Epoch 0007 Iter 0020 / 0041 | Time 0.1s | Iter Loss 0.9126 | Iter Mean Loss 0.9150
2023-12-24 13:01:51,983 - root - INFO - KG & CF Training: Epoch 0007 Iter 0021 / 0041 | Time 0.1s | Iter Loss 0.9197 | Iter Mean Loss 0.9152
2023-12-24 13:01:52,116 - root - INFO - KG & CF Training: Epoch 0007 Iter 0022 / 0041 | Time 0.1s | Iter Loss 0.9156 | Iter Mean Loss 0.9152
2023-12-24 13:01:52,270 - root - INFO - KG & CF Training: Epoch 0007 Iter 0023 / 0041 | Time 0.2s | Iter Loss 0.9150 | Iter Mean Loss 0.9152
2023-12-24 13:01:52,402 - root - INFO - KG & CF Training: Epoch 0007 Iter 0024 / 0041 | Time 0.1s | Iter Loss 0.9175 | Iter Mean Loss 0.9153
2023-12-24 13:01:52,546 - root - INFO - KG & CF Training: Epoch 0007 Iter 0025 / 0041 | Time 0.1s | Iter Loss 0.9117 | Iter Mean Loss 0.9152
2023-12-24 13:01:52,678 - root - INFO - KG & CF Training: Epoch 0007 Iter 0026 / 0041 | Time 0.1s | Iter Loss 0.9120 | Iter Mean Loss 0.9150
2023-12-24 13:01:52,823 - root - INFO - KG & CF Training: Epoch 0007 Iter 0027 / 0041 | Time 0.1s | Iter Loss 0.9140 | Iter Mean Loss 0.9150
2023-12-24 13:01:52,957 - root - INFO - KG & CF Training: Epoch 0007 Iter 0028 / 0041 | Time 0.1s | Iter Loss 0.9142 | Iter Mean Loss 0.9150
2023-12-24 13:01:53,080 - root - INFO - KG & CF Training: Epoch 0007 Iter 0029 / 0041 | Time 0.1s | Iter Loss 0.9177 | Iter Mean Loss 0.9151
2023-12-24 13:01:53,213 - root - INFO - KG & CF Training: Epoch 0007 Iter 0030 / 0041 | Time 0.1s | Iter Loss 0.9125 | Iter Mean Loss 0.9150
2023-12-24 13:01:53,346 - root - INFO - KG & CF Training: Epoch 0007 Iter 0031 / 0041 | Time 0.1s | Iter Loss 0.9142 | Iter Mean Loss 0.9149
2023-12-24 13:01:53,469 - root - INFO - KG & CF Training: Epoch 0007 Iter 0032 / 0041 | Time 0.1s | Iter Loss 0.9121 | Iter Mean Loss 0.9149
2023-12-24 13:01:53,597 - root - INFO - KG & CF Training: Epoch 0007 Iter 0033 / 0041 | Time 0.1s | Iter Loss 0.9135 | Iter Mean Loss 0.9148
2023-12-24 13:01:53,718 - root - INFO - KG & CF Training: Epoch 0007 Iter 0034 / 0041 | Time 0.1s | Iter Loss 0.9171 | Iter Mean Loss 0.9149
2023-12-24 13:01:53,838 - root - INFO - KG & CF Training: Epoch 0007 Iter 0035 / 0041 | Time 0.1s | Iter Loss 0.9136 | Iter Mean Loss 0.9148
2023-12-24 13:01:53,954 - root - INFO - KG & CF Training: Epoch 0007 Iter 0036 / 0041 | Time 0.1s | Iter Loss 0.9085 | Iter Mean Loss 0.9147
2023-12-24 13:01:54,065 - root - INFO - KG & CF Training: Epoch 0007 Iter 0037 / 0041 | Time 0.1s | Iter Loss 0.9205 | Iter Mean Loss 0.9148
2023-12-24 13:01:54,187 - root - INFO - KG & CF Training: Epoch 0007 Iter 0038 / 0041 | Time 0.1s | Iter Loss 0.9141 | Iter Mean Loss 0.9148
2023-12-24 13:01:54,316 - root - INFO - KG & CF Training: Epoch 0007 Iter 0039 / 0041 | Time 0.1s | Iter Loss 0.9090 | Iter Mean Loss 0.9147
2023-12-24 13:01:54,439 - root - INFO - KG & CF Training: Epoch 0007 Iter 0040 / 0041 | Time 0.1s | Iter Loss 0.9134 | Iter Mean Loss 0.9146
2023-12-24 13:01:54,555 - root - INFO - KG & CF Training: Epoch 0007 Iter 0041 / 0041 | Time 0.1s | Iter Loss 0.9079 | Iter Mean Loss 0.9145
2023-12-24 13:01:54,555 - root - INFO - KG & CF Training: Epoch 0007 Total Iter 0041 | Total Time 5.6s | Iter Mean Loss 0.9145
2023-12-24 13:01:54,698 - root - INFO - KG & CF Training: Epoch 0008 Iter 0001 / 0041 | Time 0.1s | Iter Loss 0.9107 | Iter Mean Loss 0.9107
2023-12-24 13:01:54,798 - root - INFO - KG & CF Training: Epoch 0008 Iter 0002 / 0041 | Time 0.1s | Iter Loss 0.9127 | Iter Mean Loss 0.9117
2023-12-24 13:01:54,918 - root - INFO - KG & CF Training: Epoch 0008 Iter 0003 / 0041 | Time 0.1s | Iter Loss 0.9087 | Iter Mean Loss 0.9107
2023-12-24 13:01:55,051 - root - INFO - KG & CF Training: Epoch 0008 Iter 0004 / 0041 | Time 0.1s | Iter Loss 0.9130 | Iter Mean Loss 0.9113
2023-12-24 13:01:55,176 - root - INFO - KG & CF Training: Epoch 0008 Iter 0005 / 0041 | Time 0.1s | Iter Loss 0.9146 | Iter Mean Loss 0.9119
2023-12-24 13:01:55,296 - root - INFO - KG & CF Training: Epoch 0008 Iter 0006 / 0041 | Time 0.1s | Iter Loss 0.9057 | Iter Mean Loss 0.9109
2023-12-24 13:01:55,424 - root - INFO - KG & CF Training: Epoch 0008 Iter 0007 / 0041 | Time 0.1s | Iter Loss 0.9057 | Iter Mean Loss 0.9102
2023-12-24 13:01:55,554 - root - INFO - KG & CF Training: Epoch 0008 Iter 0008 / 0041 | Time 0.1s | Iter Loss 0.9116 | Iter Mean Loss 0.9103
2023-12-24 13:01:55,675 - root - INFO - KG & CF Training: Epoch 0008 Iter 0009 / 0041 | Time 0.1s | Iter Loss 0.9038 | Iter Mean Loss 0.9096
2023-12-24 13:01:55,796 - root - INFO - KG & CF Training: Epoch 0008 Iter 0010 / 0041 | Time 0.1s | Iter Loss 0.9103 | Iter Mean Loss 0.9097
2023-12-24 13:01:55,911 - root - INFO - KG & CF Training: Epoch 0008 Iter 0011 / 0041 | Time 0.1s | Iter Loss 0.9063 | Iter Mean Loss 0.9094
2023-12-24 13:01:56,025 - root - INFO - KG & CF Training: Epoch 0008 Iter 0012 / 0041 | Time 0.1s | Iter Loss 0.9081 | Iter Mean Loss 0.9093
2023-12-24 13:01:56,139 - root - INFO - KG & CF Training: Epoch 0008 Iter 0013 / 0041 | Time 0.1s | Iter Loss 0.9104 | Iter Mean Loss 0.9093
2023-12-24 13:01:56,263 - root - INFO - KG & CF Training: Epoch 0008 Iter 0014 / 0041 | Time 0.1s | Iter Loss 0.9043 | Iter Mean Loss 0.9090
2023-12-24 13:01:56,390 - root - INFO - KG & CF Training: Epoch 0008 Iter 0015 / 0041 | Time 0.1s | Iter Loss 0.9115 | Iter Mean Loss 0.9092
2023-12-24 13:01:56,511 - root - INFO - KG & CF Training: Epoch 0008 Iter 0016 / 0041 | Time 0.1s | Iter Loss 0.9101 | Iter Mean Loss 0.9092
2023-12-24 13:01:56,634 - root - INFO - KG & CF Training: Epoch 0008 Iter 0017 / 0041 | Time 0.1s | Iter Loss 0.9107 | Iter Mean Loss 0.9093
2023-12-24 13:01:56,746 - root - INFO - KG & CF Training: Epoch 0008 Iter 0018 / 0041 | Time 0.1s | Iter Loss 0.9062 | Iter Mean Loss 0.9091
2023-12-24 13:01:56,865 - root - INFO - KG & CF Training: Epoch 0008 Iter 0019 / 0041 | Time 0.1s | Iter Loss 0.9070 | Iter Mean Loss 0.9090
2023-12-24 13:01:56,980 - root - INFO - KG & CF Training: Epoch 0008 Iter 0020 / 0041 | Time 0.1s | Iter Loss 0.9036 | Iter Mean Loss 0.9087
2023-12-24 13:01:57,107 - root - INFO - KG & CF Training: Epoch 0008 Iter 0021 / 0041 | Time 0.1s | Iter Loss 0.9080 | Iter Mean Loss 0.9087
2023-12-24 13:01:57,223 - root - INFO - KG & CF Training: Epoch 0008 Iter 0022 / 0041 | Time 0.1s | Iter Loss 0.9080 | Iter Mean Loss 0.9087
2023-12-24 13:01:57,346 - root - INFO - KG & CF Training: Epoch 0008 Iter 0023 / 0041 | Time 0.1s | Iter Loss 0.9101 | Iter Mean Loss 0.9087
2023-12-24 13:01:57,464 - root - INFO - KG & CF Training: Epoch 0008 Iter 0024 / 0041 | Time 0.1s | Iter Loss 0.9107 | Iter Mean Loss 0.9088
2023-12-24 13:01:57,591 - root - INFO - KG & CF Training: Epoch 0008 Iter 0025 / 0041 | Time 0.1s | Iter Loss 0.9122 | Iter Mean Loss 0.9090
2023-12-24 13:01:57,744 - root - INFO - KG & CF Training: Epoch 0008 Iter 0026 / 0041 | Time 0.2s | Iter Loss 0.9053 | Iter Mean Loss 0.9088
2023-12-24 13:01:57,858 - root - INFO - KG & CF Training: Epoch 0008 Iter 0027 / 0041 | Time 0.1s | Iter Loss 0.9028 | Iter Mean Loss 0.9086
2023-12-24 13:01:58,001 - root - INFO - KG & CF Training: Epoch 0008 Iter 0028 / 0041 | Time 0.1s | Iter Loss 0.9068 | Iter Mean Loss 0.9085
2023-12-24 13:01:58,146 - root - INFO - KG & CF Training: Epoch 0008 Iter 0029 / 0041 | Time 0.1s | Iter Loss 0.9055 | Iter Mean Loss 0.9084
2023-12-24 13:01:58,270 - root - INFO - KG & CF Training: Epoch 0008 Iter 0030 / 0041 | Time 0.1s | Iter Loss 0.9057 | Iter Mean Loss 0.9083
2023-12-24 13:01:58,395 - root - INFO - KG & CF Training: Epoch 0008 Iter 0031 / 0041 | Time 0.1s | Iter Loss 0.9024 | Iter Mean Loss 0.9081
2023-12-24 13:01:58,507 - root - INFO - KG & CF Training: Epoch 0008 Iter 0032 / 0041 | Time 0.1s | Iter Loss 0.9048 | Iter Mean Loss 0.9080
2023-12-24 13:01:58,647 - root - INFO - KG & CF Training: Epoch 0008 Iter 0033 / 0041 | Time 0.1s | Iter Loss 0.8988 | Iter Mean Loss 0.9078
2023-12-24 13:01:58,773 - root - INFO - KG & CF Training: Epoch 0008 Iter 0034 / 0041 | Time 0.1s | Iter Loss 0.9046 | Iter Mean Loss 0.9077
2023-12-24 13:01:58,889 - root - INFO - KG & CF Training: Epoch 0008 Iter 0035 / 0041 | Time 0.1s | Iter Loss 0.9064 | Iter Mean Loss 0.9076
2023-12-24 13:01:59,004 - root - INFO - KG & CF Training: Epoch 0008 Iter 0036 / 0041 | Time 0.1s | Iter Loss 0.9059 | Iter Mean Loss 0.9076
2023-12-24 13:01:59,118 - root - INFO - KG & CF Training: Epoch 0008 Iter 0037 / 0041 | Time 0.1s | Iter Loss 0.9031 | Iter Mean Loss 0.9075
2023-12-24 13:01:59,242 - root - INFO - KG & CF Training: Epoch 0008 Iter 0038 / 0041 | Time 0.1s | Iter Loss 0.9048 | Iter Mean Loss 0.9074
2023-12-24 13:01:59,363 - root - INFO - KG & CF Training: Epoch 0008 Iter 0039 / 0041 | Time 0.1s | Iter Loss 0.9021 | Iter Mean Loss 0.9073
2023-12-24 13:01:59,491 - root - INFO - KG & CF Training: Epoch 0008 Iter 0040 / 0041 | Time 0.1s | Iter Loss 0.8955 | Iter Mean Loss 0.9070
2023-12-24 13:01:59,610 - root - INFO - KG & CF Training: Epoch 0008 Iter 0041 / 0041 | Time 0.1s | Iter Loss 0.9024 | Iter Mean Loss 0.9069
2023-12-24 13:01:59,611 - root - INFO - KG & CF Training: Epoch 0008 Total Iter 0041 | Total Time 5.1s | Iter Mean Loss 0.9069
2023-12-24 13:01:59,734 - root - INFO - KG & CF Training: Epoch 0009 Iter 0001 / 0041 | Time 0.1s | Iter Loss 0.8988 | Iter Mean Loss 0.8988
2023-12-24 13:01:59,849 - root - INFO - KG & CF Training: Epoch 0009 Iter 0002 / 0041 | Time 0.1s | Iter Loss 0.9066 | Iter Mean Loss 0.9027
2023-12-24 13:01:59,971 - root - INFO - KG & CF Training: Epoch 0009 Iter 0003 / 0041 | Time 0.1s | Iter Loss 0.9014 | Iter Mean Loss 0.9023
2023-12-24 13:02:00,089 - root - INFO - KG & CF Training: Epoch 0009 Iter 0004 / 0041 | Time 0.1s | Iter Loss 0.9035 | Iter Mean Loss 0.9026
2023-12-24 13:02:00,253 - root - INFO - KG & CF Training: Epoch 0009 Iter 0005 / 0041 | Time 0.2s | Iter Loss 0.8956 | Iter Mean Loss 0.9012
2023-12-24 13:02:00,381 - root - INFO - KG & CF Training: Epoch 0009 Iter 0006 / 0041 | Time 0.1s | Iter Loss 0.9029 | Iter Mean Loss 0.9015
2023-12-24 13:02:00,522 - root - INFO - KG & CF Training: Epoch 0009 Iter 0007 / 0041 | Time 0.1s | Iter Loss 0.9043 | Iter Mean Loss 0.9019
2023-12-24 13:02:00,659 - root - INFO - KG & CF Training: Epoch 0009 Iter 0008 / 0041 | Time 0.1s | Iter Loss 0.9002 | Iter Mean Loss 0.9017
2023-12-24 13:02:00,798 - root - INFO - KG & CF Training: Epoch 0009 Iter 0009 / 0041 | Time 0.1s | Iter Loss 0.9031 | Iter Mean Loss 0.9018
2023-12-24 13:02:00,910 - root - INFO - KG & CF Training: Epoch 0009 Iter 0010 / 0041 | Time 0.1s | Iter Loss 0.9050 | Iter Mean Loss 0.9021
2023-12-24 13:02:01,077 - root - INFO - KG & CF Training: Epoch 0009 Iter 0011 / 0041 | Time 0.2s | Iter Loss 0.9021 | Iter Mean Loss 0.9021
2023-12-24 13:02:01,224 - root - INFO - KG & CF Training: Epoch 0009 Iter 0012 / 0041 | Time 0.1s | Iter Loss 0.8995 | Iter Mean Loss 0.9019
2023-12-24 13:02:01,364 - root - INFO - KG & CF Training: Epoch 0009 Iter 0013 / 0041 | Time 0.1s | Iter Loss 0.9057 | Iter Mean Loss 0.9022
2023-12-24 13:02:01,480 - root - INFO - KG & CF Training: Epoch 0009 Iter 0014 / 0041 | Time 0.1s | Iter Loss 0.9051 | Iter Mean Loss 0.9024
2023-12-24 13:02:01,607 - root - INFO - KG & CF Training: Epoch 0009 Iter 0015 / 0041 | Time 0.1s | Iter Loss 0.9005 | Iter Mean Loss 0.9023
2023-12-24 13:02:01,738 - root - INFO - KG & CF Training: Epoch 0009 Iter 0016 / 0041 | Time 0.1s | Iter Loss 0.9054 | Iter Mean Loss 0.9025
2023-12-24 13:02:01,868 - root - INFO - KG & CF Training: Epoch 0009 Iter 0017 / 0041 | Time 0.1s | Iter Loss 0.9013 | Iter Mean Loss 0.9024
2023-12-24 13:02:02,002 - root - INFO - KG & CF Training: Epoch 0009 Iter 0018 / 0041 | Time 0.1s | Iter Loss 0.8999 | Iter Mean Loss 0.9023
2023-12-24 13:02:02,121 - root - INFO - KG & CF Training: Epoch 0009 Iter 0019 / 0041 | Time 0.1s | Iter Loss 0.9008 | Iter Mean Loss 0.9022
2023-12-24 13:02:02,245 - root - INFO - KG & CF Training: Epoch 0009 Iter 0020 / 0041 | Time 0.1s | Iter Loss 0.9005 | Iter Mean Loss 0.9021
2023-12-24 13:02:02,369 - root - INFO - KG & CF Training: Epoch 0009 Iter 0021 / 0041 | Time 0.1s | Iter Loss 0.9025 | Iter Mean Loss 0.9021
2023-12-24 13:02:02,496 - root - INFO - KG & CF Training: Epoch 0009 Iter 0022 / 0041 | Time 0.1s | Iter Loss 0.8988 | Iter Mean Loss 0.9020
2023-12-24 13:02:02,606 - root - INFO - KG & CF Training: Epoch 0009 Iter 0023 / 0041 | Time 0.1s | Iter Loss 0.8993 | Iter Mean Loss 0.9019
2023-12-24 13:02:02,724 - root - INFO - KG & CF Training: Epoch 0009 Iter 0024 / 0041 | Time 0.1s | Iter Loss 0.8984 | Iter Mean Loss 0.9017
2023-12-24 13:02:02,838 - root - INFO - KG & CF Training: Epoch 0009 Iter 0025 / 0041 | Time 0.1s | Iter Loss 0.8974 | Iter Mean Loss 0.9015
2023-12-24 13:02:02,952 - root - INFO - KG & CF Training: Epoch 0009 Iter 0026 / 0041 | Time 0.1s | Iter Loss 0.8969 | Iter Mean Loss 0.9014
2023-12-24 13:02:03,079 - root - INFO - KG & CF Training: Epoch 0009 Iter 0027 / 0041 | Time 0.1s | Iter Loss 0.9007 | Iter Mean Loss 0.9013
2023-12-24 13:02:03,192 - root - INFO - KG & CF Training: Epoch 0009 Iter 0028 / 0041 | Time 0.1s | Iter Loss 0.9000 | Iter Mean Loss 0.9013
2023-12-24 13:02:03,332 - root - INFO - KG & CF Training: Epoch 0009 Iter 0029 / 0041 | Time 0.1s | Iter Loss 0.9017 | Iter Mean Loss 0.9013
2023-12-24 13:02:03,449 - root - INFO - KG & CF Training: Epoch 0009 Iter 0030 / 0041 | Time 0.1s | Iter Loss 0.8971 | Iter Mean Loss 0.9012
2023-12-24 13:02:03,565 - root - INFO - KG & CF Training: Epoch 0009 Iter 0031 / 0041 | Time 0.1s | Iter Loss 0.8929 | Iter Mean Loss 0.9009
2023-12-24 13:02:03,687 - root - INFO - KG & CF Training: Epoch 0009 Iter 0032 / 0041 | Time 0.1s | Iter Loss 0.8990 | Iter Mean Loss 0.9008
2023-12-24 13:02:03,812 - root - INFO - KG & CF Training: Epoch 0009 Iter 0033 / 0041 | Time 0.1s | Iter Loss 0.8968 | Iter Mean Loss 0.9007
2023-12-24 13:02:03,934 - root - INFO - KG & CF Training: Epoch 0009 Iter 0034 / 0041 | Time 0.1s | Iter Loss 0.8957 | Iter Mean Loss 0.9006
2023-12-24 13:02:04,061 - root - INFO - KG & CF Training: Epoch 0009 Iter 0035 / 0041 | Time 0.1s | Iter Loss 0.8956 | Iter Mean Loss 0.9004
2023-12-24 13:02:04,179 - root - INFO - KG & CF Training: Epoch 0009 Iter 0036 / 0041 | Time 0.1s | Iter Loss 0.8930 | Iter Mean Loss 0.9002
2023-12-24 13:02:04,305 - root - INFO - KG & CF Training: Epoch 0009 Iter 0037 / 0041 | Time 0.1s | Iter Loss 0.8991 | Iter Mean Loss 0.9002
2023-12-24 13:02:04,424 - root - INFO - KG & CF Training: Epoch 0009 Iter 0038 / 0041 | Time 0.1s | Iter Loss 0.9033 | Iter Mean Loss 0.9003
2023-12-24 13:02:04,543 - root - INFO - KG & CF Training: Epoch 0009 Iter 0039 / 0041 | Time 0.1s | Iter Loss 0.8964 | Iter Mean Loss 0.9002
2023-12-24 13:02:04,675 - root - INFO - KG & CF Training: Epoch 0009 Iter 0040 / 0041 | Time 0.1s | Iter Loss 0.8944 | Iter Mean Loss 0.9000
2023-12-24 13:02:04,806 - root - INFO - KG & CF Training: Epoch 0009 Iter 0041 / 0041 | Time 0.1s | Iter Loss 0.8969 | Iter Mean Loss 0.8999
2023-12-24 13:02:04,807 - root - INFO - KG & CF Training: Epoch 0009 Total Iter 0041 | Total Time 5.2s | Iter Mean Loss 0.8999
2023-12-24 13:02:04,924 - root - INFO - KG & CF Training: Epoch 0010 Iter 0001 / 0041 | Time 0.1s | Iter Loss 0.8961 | Iter Mean Loss 0.8961
2023-12-24 13:02:05,045 - root - INFO - KG & CF Training: Epoch 0010 Iter 0002 / 0041 | Time 0.1s | Iter Loss 0.8968 | Iter Mean Loss 0.8964
2023-12-24 13:02:05,180 - root - INFO - KG & CF Training: Epoch 0010 Iter 0003 / 0041 | Time 0.1s | Iter Loss 0.9011 | Iter Mean Loss 0.8980
2023-12-24 13:02:05,304 - root - INFO - KG & CF Training: Epoch 0010 Iter 0004 / 0041 | Time 0.1s | Iter Loss 0.9003 | Iter Mean Loss 0.8986
2023-12-24 13:02:05,431 - root - INFO - KG & CF Training: Epoch 0010 Iter 0005 / 0041 | Time 0.1s | Iter Loss 0.8995 | Iter Mean Loss 0.8988
2023-12-24 13:02:05,556 - root - INFO - KG & CF Training: Epoch 0010 Iter 0006 / 0041 | Time 0.1s | Iter Loss 0.8996 | Iter Mean Loss 0.8989
2023-12-24 13:02:05,685 - root - INFO - KG & CF Training: Epoch 0010 Iter 0007 / 0041 | Time 0.1s | Iter Loss 0.8924 | Iter Mean Loss 0.8980
2023-12-24 13:02:05,801 - root - INFO - KG & CF Training: Epoch 0010 Iter 0008 / 0041 | Time 0.1s | Iter Loss 0.8977 | Iter Mean Loss 0.8979
2023-12-24 13:02:05,914 - root - INFO - KG & CF Training: Epoch 0010 Iter 0009 / 0041 | Time 0.1s | Iter Loss 0.8955 | Iter Mean Loss 0.8977
2023-12-24 13:02:06,043 - root - INFO - KG & CF Training: Epoch 0010 Iter 0010 / 0041 | Time 0.1s | Iter Loss 0.8975 | Iter Mean Loss 0.8977
2023-12-24 13:02:06,158 - root - INFO - KG & CF Training: Epoch 0010 Iter 0011 / 0041 | Time 0.1s | Iter Loss 0.8921 | Iter Mean Loss 0.8971
2023-12-24 13:02:06,291 - root - INFO - KG & CF Training: Epoch 0010 Iter 0012 / 0041 | Time 0.1s | Iter Loss 0.8968 | Iter Mean Loss 0.8971
2023-12-24 13:02:06,406 - root - INFO - KG & CF Training: Epoch 0010 Iter 0013 / 0041 | Time 0.1s | Iter Loss 0.8963 | Iter Mean Loss 0.8971
2023-12-24 13:02:06,528 - root - INFO - KG & CF Training: Epoch 0010 Iter 0014 / 0041 | Time 0.1s | Iter Loss 0.8941 | Iter Mean Loss 0.8968
2023-12-24 13:02:06,638 - root - INFO - KG & CF Training: Epoch 0010 Iter 0015 / 0041 | Time 0.1s | Iter Loss 0.8973 | Iter Mean Loss 0.8969
2023-12-24 13:02:06,752 - root - INFO - KG & CF Training: Epoch 0010 Iter 0016 / 0041 | Time 0.1s | Iter Loss 0.8945 | Iter Mean Loss 0.8967
2023-12-24 13:02:06,897 - root - INFO - KG & CF Training: Epoch 0010 Iter 0017 / 0041 | Time 0.1s | Iter Loss 0.8942 | Iter Mean Loss 0.8966
2023-12-24 13:02:07,038 - root - INFO - KG & CF Training: Epoch 0010 Iter 0018 / 0041 | Time 0.1s | Iter Loss 0.8980 | Iter Mean Loss 0.8967
2023-12-24 13:02:07,163 - root - INFO - KG & CF Training: Epoch 0010 Iter 0019 / 0041 | Time 0.1s | Iter Loss 0.8971 | Iter Mean Loss 0.8967
2023-12-24 13:02:07,284 - root - INFO - KG & CF Training: Epoch 0010 Iter 0020 / 0041 | Time 0.1s | Iter Loss 0.8945 | Iter Mean Loss 0.8966
2023-12-24 13:02:07,449 - root - INFO - KG & CF Training: Epoch 0010 Iter 0021 / 0041 | Time 0.2s | Iter Loss 0.8992 | Iter Mean Loss 0.8967
2023-12-24 13:02:07,588 - root - INFO - KG & CF Training: Epoch 0010 Iter 0022 / 0041 | Time 0.1s | Iter Loss 0.8982 | Iter Mean Loss 0.8968
2023-12-24 13:02:07,712 - root - INFO - KG & CF Training: Epoch 0010 Iter 0023 / 0041 | Time 0.1s | Iter Loss 0.8982 | Iter Mean Loss 0.8968
2023-12-24 13:02:07,859 - root - INFO - KG & CF Training: Epoch 0010 Iter 0024 / 0041 | Time 0.1s | Iter Loss 0.8942 | Iter Mean Loss 0.8967
2023-12-24 13:02:08,013 - root - INFO - KG & CF Training: Epoch 0010 Iter 0025 / 0041 | Time 0.2s | Iter Loss 0.8912 | Iter Mean Loss 0.8965
2023-12-24 13:02:08,150 - root - INFO - KG & CF Training: Epoch 0010 Iter 0026 / 0041 | Time 0.1s | Iter Loss 0.9010 | Iter Mean Loss 0.8967
2023-12-24 13:02:08,296 - root - INFO - KG & CF Training: Epoch 0010 Iter 0027 / 0041 | Time 0.1s | Iter Loss 0.8884 | Iter Mean Loss 0.8964
2023-12-24 13:02:08,457 - root - INFO - KG & CF Training: Epoch 0010 Iter 0028 / 0041 | Time 0.2s | Iter Loss 0.8934 | Iter Mean Loss 0.8963
2023-12-24 13:02:08,592 - root - INFO - KG & CF Training: Epoch 0010 Iter 0029 / 0041 | Time 0.1s | Iter Loss 0.9016 | Iter Mean Loss 0.8964
2023-12-24 13:02:08,713 - root - INFO - KG & CF Training: Epoch 0010 Iter 0030 / 0041 | Time 0.1s | Iter Loss 0.8937 | Iter Mean Loss 0.8964
2023-12-24 13:02:08,834 - root - INFO - KG & CF Training: Epoch 0010 Iter 0031 / 0041 | Time 0.1s | Iter Loss 0.8972 | Iter Mean Loss 0.8964
2023-12-24 13:02:08,962 - root - INFO - KG & CF Training: Epoch 0010 Iter 0032 / 0041 | Time 0.1s | Iter Loss 0.8984 | Iter Mean Loss 0.8964
2023-12-24 13:02:09,123 - root - INFO - KG & CF Training: Epoch 0010 Iter 0033 / 0041 | Time 0.2s | Iter Loss 0.8933 | Iter Mean Loss 0.8963
2023-12-24 13:02:09,268 - root - INFO - KG & CF Training: Epoch 0010 Iter 0034 / 0041 | Time 0.1s | Iter Loss 0.8949 | Iter Mean Loss 0.8963
2023-12-24 13:02:09,390 - root - INFO - KG & CF Training: Epoch 0010 Iter 0035 / 0041 | Time 0.1s | Iter Loss 0.8964 | Iter Mean Loss 0.8963
2023-12-24 13:02:09,515 - root - INFO - KG & CF Training: Epoch 0010 Iter 0036 / 0041 | Time 0.1s | Iter Loss 0.8960 | Iter Mean Loss 0.8963
2023-12-24 13:02:09,640 - root - INFO - KG & CF Training: Epoch 0010 Iter 0037 / 0041 | Time 0.1s | Iter Loss 0.8921 | Iter Mean Loss 0.8962
2023-12-24 13:02:09,756 - root - INFO - KG & CF Training: Epoch 0010 Iter 0038 / 0041 | Time 0.1s | Iter Loss 0.8929 | Iter Mean Loss 0.8961
2023-12-24 13:02:09,888 - root - INFO - KG & CF Training: Epoch 0010 Iter 0039 / 0041 | Time 0.1s | Iter Loss 0.9007 | Iter Mean Loss 0.8962
2023-12-24 13:02:10,021 - root - INFO - KG & CF Training: Epoch 0010 Iter 0040 / 0041 | Time 0.1s | Iter Loss 0.8972 | Iter Mean Loss 0.8962
2023-12-24 13:02:10,172 - root - INFO - KG & CF Training: Epoch 0010 Iter 0041 / 0041 | Time 0.1s | Iter Loss 0.8913 | Iter Mean Loss 0.8961
2023-12-24 13:02:10,173 - root - INFO - KG & CF Training: Epoch 0010 Total Iter 0041 | Total Time 5.4s | Iter Mean Loss 0.8961
2023-12-24 13:02:10,235 - root - INFO - CF Evaluation: Epoch 0010 | Total Time 0.1s | Precision [0.0416, 0.0477], Recall [0.0080, 0.0193], NDCG [0.0414, 0.0468]
2023-12-24 13:02:10,262 - root - INFO - Save model on epoch 0010!
2023-12-24 13:02:10,368 - root - INFO - KG & CF Training: Epoch 0011 Iter 0001 / 0041 | Time 0.1s | Iter Loss 0.8925 | Iter Mean Loss 0.8925
2023-12-24 13:02:10,488 - root - INFO - KG & CF Training: Epoch 0011 Iter 0002 / 0041 | Time 0.1s | Iter Loss 0.8979 | Iter Mean Loss 0.8952
2023-12-24 13:02:10,638 - root - INFO - KG & CF Training: Epoch 0011 Iter 0003 / 0041 | Time 0.1s | Iter Loss 0.8967 | Iter Mean Loss 0.8957
2023-12-24 13:02:10,794 - root - INFO - KG & CF Training: Epoch 0011 Iter 0004 / 0041 | Time 0.2s | Iter Loss 0.8980 | Iter Mean Loss 0.8963
2023-12-24 13:02:10,918 - root - INFO - KG & CF Training: Epoch 0011 Iter 0005 / 0041 | Time 0.1s | Iter Loss 0.8924 | Iter Mean Loss 0.8955
2023-12-24 13:02:11,059 - root - INFO - KG & CF Training: Epoch 0011 Iter 0006 / 0041 | Time 0.1s | Iter Loss 0.8901 | Iter Mean Loss 0.8946
2023-12-24 13:02:11,200 - root - INFO - KG & CF Training: Epoch 0011 Iter 0007 / 0041 | Time 0.1s | Iter Loss 0.8912 | Iter Mean Loss 0.8941
2023-12-24 13:02:11,340 - root - INFO - KG & CF Training: Epoch 0011 Iter 0008 / 0041 | Time 0.1s | Iter Loss 0.8899 | Iter Mean Loss 0.8936
2023-12-24 13:02:11,449 - root - INFO - KG & CF Training: Epoch 0011 Iter 0009 / 0041 | Time 0.1s | Iter Loss 0.8956 | Iter Mean Loss 0.8938
2023-12-24 13:02:11,600 - root - INFO - KG & CF Training: Epoch 0011 Iter 0010 / 0041 | Time 0.1s | Iter Loss 0.8929 | Iter Mean Loss 0.8937
2023-12-24 13:02:11,717 - root - INFO - KG & CF Training: Epoch 0011 Iter 0011 / 0041 | Time 0.1s | Iter Loss 0.8928 | Iter Mean Loss 0.8936
2023-12-24 13:02:11,850 - root - INFO - KG & CF Training: Epoch 0011 Iter 0012 / 0041 | Time 0.1s | Iter Loss 0.8937 | Iter Mean Loss 0.8936
2023-12-24 13:02:11,995 - root - INFO - KG & CF Training: Epoch 0011 Iter 0013 / 0041 | Time 0.1s | Iter Loss 0.8900 | Iter Mean Loss 0.8934
2023-12-24 13:02:12,137 - root - INFO - KG & CF Training: Epoch 0011 Iter 0014 / 0041 | Time 0.1s | Iter Loss 0.8947 | Iter Mean Loss 0.8935
2023-12-24 13:02:12,281 - root - INFO - KG & CF Training: Epoch 0011 Iter 0015 / 0041 | Time 0.1s | Iter Loss 0.8980 | Iter Mean Loss 0.8938
2023-12-24 13:02:12,401 - root - INFO - KG & CF Training: Epoch 0011 Iter 0016 / 0041 | Time 0.1s | Iter Loss 0.8935 | Iter Mean Loss 0.8937
2023-12-24 13:02:12,523 - root - INFO - KG & CF Training: Epoch 0011 Iter 0017 / 0041 | Time 0.1s | Iter Loss 0.8951 | Iter Mean Loss 0.8938
2023-12-24 13:02:12,654 - root - INFO - KG & CF Training: Epoch 0011 Iter 0018 / 0041 | Time 0.1s | Iter Loss 0.8949 | Iter Mean Loss 0.8939
2023-12-24 13:02:12,779 - root - INFO - KG & CF Training: Epoch 0011 Iter 0019 / 0041 | Time 0.1s | Iter Loss 0.8970 | Iter Mean Loss 0.8940
2023-12-24 13:02:12,900 - root - INFO - KG & CF Training: Epoch 0011 Iter 0020 / 0041 | Time 0.1s | Iter Loss 0.8970 | Iter Mean Loss 0.8942
2023-12-24 13:02:13,006 - root - INFO - KG & CF Training: Epoch 0011 Iter 0021 / 0041 | Time 0.1s | Iter Loss 0.8876 | Iter Mean Loss 0.8939
2023-12-24 13:02:13,138 - root - INFO - KG & CF Training: Epoch 0011 Iter 0022 / 0041 | Time 0.1s | Iter Loss 0.8988 | Iter Mean Loss 0.8941
2023-12-24 13:02:13,279 - root - INFO - KG & CF Training: Epoch 0011 Iter 0023 / 0041 | Time 0.1s | Iter Loss 0.8952 | Iter Mean Loss 0.8942
2023-12-24 13:02:13,391 - root - INFO - KG & CF Training: Epoch 0011 Iter 0024 / 0041 | Time 0.1s | Iter Loss 0.8902 | Iter Mean Loss 0.8940
2023-12-24 13:02:13,534 - root - INFO - KG & CF Training: Epoch 0011 Iter 0025 / 0041 | Time 0.1s | Iter Loss 0.8918 | Iter Mean Loss 0.8939
2023-12-24 13:02:13,676 - root - INFO - KG & CF Training: Epoch 0011 Iter 0026 / 0041 | Time 0.1s | Iter Loss 0.8918 | Iter Mean Loss 0.8938
2023-12-24 13:02:13,800 - root - INFO - KG & CF Training: Epoch 0011 Iter 0027 / 0041 | Time 0.1s | Iter Loss 0.8890 | Iter Mean Loss 0.8936
2023-12-24 13:02:13,923 - root - INFO - KG & CF Training: Epoch 0011 Iter 0028 / 0041 | Time 0.1s | Iter Loss 0.8895 | Iter Mean Loss 0.8935
2023-12-24 13:02:14,075 - root - INFO - KG & CF Training: Epoch 0011 Iter 0029 / 0041 | Time 0.2s | Iter Loss 0.8942 | Iter Mean Loss 0.8935
2023-12-24 13:02:14,219 - root - INFO - KG & CF Training: Epoch 0011 Iter 0030 / 0041 | Time 0.1s | Iter Loss 0.8914 | Iter Mean Loss 0.8934
2023-12-24 13:02:14,368 - root - INFO - KG & CF Training: Epoch 0011 Iter 0031 / 0041 | Time 0.1s | Iter Loss 0.8935 | Iter Mean Loss 0.8934
2023-12-24 13:02:14,520 - root - INFO - KG & CF Training: Epoch 0011 Iter 0032 / 0041 | Time 0.2s | Iter Loss 0.8919 | Iter Mean Loss 0.8934
2023-12-24 13:02:14,646 - root - INFO - KG & CF Training: Epoch 0011 Iter 0033 / 0041 | Time 0.1s | Iter Loss 0.8934 | Iter Mean Loss 0.8934
2023-12-24 13:02:14,788 - root - INFO - KG & CF Training: Epoch 0011 Iter 0034 / 0041 | Time 0.1s | Iter Loss 0.8909 | Iter Mean Loss 0.8933
2023-12-24 13:02:14,905 - root - INFO - KG & CF Training: Epoch 0011 Iter 0035 / 0041 | Time 0.1s | Iter Loss 0.8967 | Iter Mean Loss 0.8934
2023-12-24 13:02:15,028 - root - INFO - KG & CF Training: Epoch 0011 Iter 0036 / 0041 | Time 0.1s | Iter Loss 0.8912 | Iter Mean Loss 0.8934
2023-12-24 13:02:15,144 - root - INFO - KG & CF Training: Epoch 0011 Iter 0037 / 0041 | Time 0.1s | Iter Loss 0.8899 | Iter Mean Loss 0.8933
2023-12-24 13:02:15,264 - root - INFO - KG & CF Training: Epoch 0011 Iter 0038 / 0041 | Time 0.1s | Iter Loss 0.8924 | Iter Mean Loss 0.8932
2023-12-24 13:02:15,385 - root - INFO - KG & CF Training: Epoch 0011 Iter 0039 / 0041 | Time 0.1s | Iter Loss 0.8933 | Iter Mean Loss 0.8932
2023-12-24 13:02:15,505 - root - INFO - KG & CF Training: Epoch 0011 Iter 0040 / 0041 | Time 0.1s | Iter Loss 0.8977 | Iter Mean Loss 0.8934
2023-12-24 13:02:15,633 - root - INFO - KG & CF Training: Epoch 0011 Iter 0041 / 0041 | Time 0.1s | Iter Loss 0.8916 | Iter Mean Loss 0.8933
2023-12-24 13:02:15,633 - root - INFO - KG & CF Training: Epoch 0011 Total Iter 0041 | Total Time 5.4s | Iter Mean Loss 0.8933
2023-12-24 13:02:15,750 - root - INFO - KG & CF Training: Epoch 0012 Iter 0001 / 0041 | Time 0.1s | Iter Loss 0.8921 | Iter Mean Loss 0.8921
2023-12-24 13:02:15,860 - root - INFO - KG & CF Training: Epoch 0012 Iter 0002 / 0041 | Time 0.1s | Iter Loss 0.8939 | Iter Mean Loss 0.8930
2023-12-24 13:02:15,966 - root - INFO - KG & CF Training: Epoch 0012 Iter 0003 / 0041 | Time 0.1s | Iter Loss 0.8930 | Iter Mean Loss 0.8930
2023-12-24 13:02:16,086 - root - INFO - KG & CF Training: Epoch 0012 Iter 0004 / 0041 | Time 0.1s | Iter Loss 0.8925 | Iter Mean Loss 0.8929
2023-12-24 13:02:16,205 - root - INFO - KG & CF Training: Epoch 0012 Iter 0005 / 0041 | Time 0.1s | Iter Loss 0.8887 | Iter Mean Loss 0.8920
2023-12-24 13:02:16,330 - root - INFO - KG & CF Training: Epoch 0012 Iter 0006 / 0041 | Time 0.1s | Iter Loss 0.8930 | Iter Mean Loss 0.8922
2023-12-24 13:02:16,449 - root - INFO - KG & CF Training: Epoch 0012 Iter 0007 / 0041 | Time 0.1s | Iter Loss 0.8966 | Iter Mean Loss 0.8928
2023-12-24 13:02:16,579 - root - INFO - KG & CF Training: Epoch 0012 Iter 0008 / 0041 | Time 0.1s | Iter Loss 0.8909 | Iter Mean Loss 0.8926
2023-12-24 13:02:16,700 - root - INFO - KG & CF Training: Epoch 0012 Iter 0009 / 0041 | Time 0.1s | Iter Loss 0.8915 | Iter Mean Loss 0.8925
2023-12-24 13:02:16,824 - root - INFO - KG & CF Training: Epoch 0012 Iter 0010 / 0041 | Time 0.1s | Iter Loss 0.8965 | Iter Mean Loss 0.8929
2023-12-24 13:02:16,947 - root - INFO - KG & CF Training: Epoch 0012 Iter 0011 / 0041 | Time 0.1s | Iter Loss 0.8910 | Iter Mean Loss 0.8927
