2023-12-24 10:27:25,049 - root - INFO - Namespace(seed=2022, data_name='Douban', data_dir='data/', cuda=False, gpu_id=0, use_pretrain=0, pretrain_model_path='trained_model/Embedding_based.pth', cf_batch_size=1024, kg_batch_size=2048, test_batch_size=2048, embed_dim=32, relation_dim=32, KG_embedding_type='TransE', inject_embedding_type='add', kg_l2loss_lambda=0.0001, cf_l2loss_lambda=0.0001, lr=0.001, n_epoch=10, stopping_steps=10, print_every=1, evaluate_every=10, Ks='[5, 10]', save_dir='trained_model/Douban/Embedding_based/dim32_lr0.001_l20.0001_TransE_add/')
2023-12-24 10:28:08,072 - root - INFO - n_users:      447
2023-12-24 10:28:08,072 - root - INFO - n_items:      578
2023-12-24 10:28:08,073 - root - INFO - n_entities:   143007
2023-12-24 10:28:08,074 - root - INFO - n_relations:  100
2023-12-24 10:28:08,074 - root - INFO - n_cf_train:   41830
2023-12-24 10:28:08,075 - root - INFO - n_cf_test:    10840
2023-12-24 10:28:08,075 - root - INFO - n_kg_data:    505120
2023-12-24 10:28:08,125 - root - INFO - Embedding_based(
  (user_embed): Embedding(447, 32)
  (item_embed): Embedding(578, 32)
  (entity_embed): Embedding(143007, 32)
  (relation_embed): Embedding(100, 32)
)
2023-12-24 10:28:08,239 - root - INFO - KG & CF Training: Epoch 0001 Iter 0001 / 0041 | Time 0.1s | Iter Loss 1.4012 | Iter Mean Loss 1.4012
2023-12-24 10:28:08,359 - root - INFO - KG & CF Training: Epoch 0001 Iter 0002 / 0041 | Time 0.1s | Iter Loss 1.3615 | Iter Mean Loss 1.3813
2023-12-24 10:28:08,486 - root - INFO - KG & CF Training: Epoch 0001 Iter 0003 / 0041 | Time 0.1s | Iter Loss 1.3319 | Iter Mean Loss 1.3649
2023-12-24 10:28:08,607 - root - INFO - KG & CF Training: Epoch 0001 Iter 0004 / 0041 | Time 0.1s | Iter Loss 1.3035 | Iter Mean Loss 1.3495
2023-12-24 10:28:08,713 - root - INFO - KG & CF Training: Epoch 0001 Iter 0005 / 0041 | Time 0.1s | Iter Loss 1.2854 | Iter Mean Loss 1.3367
2023-12-24 10:28:08,832 - root - INFO - KG & CF Training: Epoch 0001 Iter 0006 / 0041 | Time 0.1s | Iter Loss 1.2691 | Iter Mean Loss 1.3254
2023-12-24 10:28:08,958 - root - INFO - KG & CF Training: Epoch 0001 Iter 0007 / 0041 | Time 0.1s | Iter Loss 1.2530 | Iter Mean Loss 1.3151
2023-12-24 10:28:09,060 - root - INFO - KG & CF Training: Epoch 0001 Iter 0008 / 0041 | Time 0.1s | Iter Loss 1.2468 | Iter Mean Loss 1.3065
2023-12-24 10:28:09,176 - root - INFO - KG & CF Training: Epoch 0001 Iter 0009 / 0041 | Time 0.1s | Iter Loss 1.2358 | Iter Mean Loss 1.2987
2023-12-24 10:28:09,292 - root - INFO - KG & CF Training: Epoch 0001 Iter 0010 / 0041 | Time 0.1s | Iter Loss 1.2317 | Iter Mean Loss 1.2920
2023-12-24 10:28:09,399 - root - INFO - KG & CF Training: Epoch 0001 Iter 0011 / 0041 | Time 0.1s | Iter Loss 1.2271 | Iter Mean Loss 1.2861
2023-12-24 10:28:09,515 - root - INFO - KG & CF Training: Epoch 0001 Iter 0012 / 0041 | Time 0.1s | Iter Loss 1.2166 | Iter Mean Loss 1.2803
2023-12-24 10:28:09,630 - root - INFO - KG & CF Training: Epoch 0001 Iter 0013 / 0041 | Time 0.1s | Iter Loss 1.2145 | Iter Mean Loss 1.2752
2023-12-24 10:28:09,759 - root - INFO - KG & CF Training: Epoch 0001 Iter 0014 / 0041 | Time 0.1s | Iter Loss 1.2057 | Iter Mean Loss 1.2703
2023-12-24 10:28:09,875 - root - INFO - KG & CF Training: Epoch 0001 Iter 0015 / 0041 | Time 0.1s | Iter Loss 1.2044 | Iter Mean Loss 1.2659
2023-12-24 10:28:09,983 - root - INFO - KG & CF Training: Epoch 0001 Iter 0016 / 0041 | Time 0.1s | Iter Loss 1.2003 | Iter Mean Loss 1.2618
2023-12-24 10:28:10,107 - root - INFO - KG & CF Training: Epoch 0001 Iter 0017 / 0041 | Time 0.1s | Iter Loss 1.1948 | Iter Mean Loss 1.2578
2023-12-24 10:28:10,226 - root - INFO - KG & CF Training: Epoch 0001 Iter 0018 / 0041 | Time 0.1s | Iter Loss 1.1886 | Iter Mean Loss 1.2540
2023-12-24 10:28:10,350 - root - INFO - KG & CF Training: Epoch 0001 Iter 0019 / 0041 | Time 0.1s | Iter Loss 1.1900 | Iter Mean Loss 1.2506
2023-12-24 10:28:10,461 - root - INFO - KG & CF Training: Epoch 0001 Iter 0020 / 0041 | Time 0.1s | Iter Loss 1.1859 | Iter Mean Loss 1.2474
2023-12-24 10:28:10,575 - root - INFO - KG & CF Training: Epoch 0001 Iter 0021 / 0041 | Time 0.1s | Iter Loss 1.1796 | Iter Mean Loss 1.2442
2023-12-24 10:28:10,699 - root - INFO - KG & CF Training: Epoch 0001 Iter 0022 / 0041 | Time 0.1s | Iter Loss 1.1756 | Iter Mean Loss 1.2410
2023-12-24 10:28:10,820 - root - INFO - KG & CF Training: Epoch 0001 Iter 0023 / 0041 | Time 0.1s | Iter Loss 1.1754 | Iter Mean Loss 1.2382
2023-12-24 10:28:10,936 - root - INFO - KG & CF Training: Epoch 0001 Iter 0024 / 0041 | Time 0.1s | Iter Loss 1.1708 | Iter Mean Loss 1.2354
2023-12-24 10:28:11,040 - root - INFO - KG & CF Training: Epoch 0001 Iter 0025 / 0041 | Time 0.1s | Iter Loss 1.1628 | Iter Mean Loss 1.2325
2023-12-24 10:28:11,162 - root - INFO - KG & CF Training: Epoch 0001 Iter 0026 / 0041 | Time 0.1s | Iter Loss 1.1598 | Iter Mean Loss 1.2297
2023-12-24 10:28:11,287 - root - INFO - KG & CF Training: Epoch 0001 Iter 0027 / 0041 | Time 0.1s | Iter Loss 1.1614 | Iter Mean Loss 1.2272
2023-12-24 10:28:11,397 - root - INFO - KG & CF Training: Epoch 0001 Iter 0028 / 0041 | Time 0.1s | Iter Loss 1.1568 | Iter Mean Loss 1.2246
2023-12-24 10:28:11,514 - root - INFO - KG & CF Training: Epoch 0001 Iter 0029 / 0041 | Time 0.1s | Iter Loss 1.1560 | Iter Mean Loss 1.2223
2023-12-24 10:28:11,623 - root - INFO - KG & CF Training: Epoch 0001 Iter 0030 / 0041 | Time 0.1s | Iter Loss 1.1496 | Iter Mean Loss 1.2199
2023-12-24 10:28:11,726 - root - INFO - KG & CF Training: Epoch 0001 Iter 0031 / 0041 | Time 0.1s | Iter Loss 1.1431 | Iter Mean Loss 1.2174
2023-12-24 10:28:11,835 - root - INFO - KG & CF Training: Epoch 0001 Iter 0032 / 0041 | Time 0.1s | Iter Loss 1.1421 | Iter Mean Loss 1.2150
2023-12-24 10:28:11,938 - root - INFO - KG & CF Training: Epoch 0001 Iter 0033 / 0041 | Time 0.1s | Iter Loss 1.1373 | Iter Mean Loss 1.2127
2023-12-24 10:28:12,046 - root - INFO - KG & CF Training: Epoch 0001 Iter 0034 / 0041 | Time 0.1s | Iter Loss 1.1380 | Iter Mean Loss 1.2105
2023-12-24 10:28:12,162 - root - INFO - KG & CF Training: Epoch 0001 Iter 0035 / 0041 | Time 0.1s | Iter Loss 1.1346 | Iter Mean Loss 1.2083
2023-12-24 10:28:12,277 - root - INFO - KG & CF Training: Epoch 0001 Iter 0036 / 0041 | Time 0.1s | Iter Loss 1.1280 | Iter Mean Loss 1.2061
2023-12-24 10:28:12,394 - root - INFO - KG & CF Training: Epoch 0001 Iter 0037 / 0041 | Time 0.1s | Iter Loss 1.1339 | Iter Mean Loss 1.2041
2023-12-24 10:28:12,508 - root - INFO - KG & CF Training: Epoch 0001 Iter 0038 / 0041 | Time 0.1s | Iter Loss 1.1300 | Iter Mean Loss 1.2022
2023-12-24 10:28:12,625 - root - INFO - KG & CF Training: Epoch 0001 Iter 0039 / 0041 | Time 0.1s | Iter Loss 1.1222 | Iter Mean Loss 1.2001
2023-12-24 10:28:12,743 - root - INFO - KG & CF Training: Epoch 0001 Iter 0040 / 0041 | Time 0.1s | Iter Loss 1.1204 | Iter Mean Loss 1.1981
2023-12-24 10:28:12,859 - root - INFO - KG & CF Training: Epoch 0001 Iter 0041 / 0041 | Time 0.1s | Iter Loss 1.1196 | Iter Mean Loss 1.1962
2023-12-24 10:28:12,859 - root - INFO - KG & CF Training: Epoch 0001 Total Iter 0041 | Total Time 4.7s | Iter Mean Loss 1.1962
2023-12-24 10:28:12,967 - root - INFO - KG & CF Training: Epoch 0002 Iter 0001 / 0041 | Time 0.1s | Iter Loss 1.1132 | Iter Mean Loss 1.1132
2023-12-24 10:28:13,078 - root - INFO - KG & CF Training: Epoch 0002 Iter 0002 / 0041 | Time 0.1s | Iter Loss 1.1116 | Iter Mean Loss 1.1124
2023-12-24 10:28:13,188 - root - INFO - KG & CF Training: Epoch 0002 Iter 0003 / 0041 | Time 0.1s | Iter Loss 1.1103 | Iter Mean Loss 1.1117
2023-12-24 10:28:13,304 - root - INFO - KG & CF Training: Epoch 0002 Iter 0004 / 0041 | Time 0.1s | Iter Loss 1.1059 | Iter Mean Loss 1.1103
2023-12-24 10:28:13,427 - root - INFO - KG & CF Training: Epoch 0002 Iter 0005 / 0041 | Time 0.1s | Iter Loss 1.1110 | Iter Mean Loss 1.1104
2023-12-24 10:28:13,535 - root - INFO - KG & CF Training: Epoch 0002 Iter 0006 / 0041 | Time 0.1s | Iter Loss 1.0997 | Iter Mean Loss 1.1086
2023-12-24 10:28:13,648 - root - INFO - KG & CF Training: Epoch 0002 Iter 0007 / 0041 | Time 0.1s | Iter Loss 1.0996 | Iter Mean Loss 1.1073
2023-12-24 10:28:13,776 - root - INFO - KG & CF Training: Epoch 0002 Iter 0008 / 0041 | Time 0.1s | Iter Loss 1.1020 | Iter Mean Loss 1.1067
2023-12-24 10:28:13,895 - root - INFO - KG & CF Training: Epoch 0002 Iter 0009 / 0041 | Time 0.1s | Iter Loss 1.0962 | Iter Mean Loss 1.1055
2023-12-24 10:28:13,999 - root - INFO - KG & CF Training: Epoch 0002 Iter 0010 / 0041 | Time 0.1s | Iter Loss 1.0950 | Iter Mean Loss 1.1045
2023-12-24 10:28:14,109 - root - INFO - KG & CF Training: Epoch 0002 Iter 0011 / 0041 | Time 0.1s | Iter Loss 1.0897 | Iter Mean Loss 1.1031
2023-12-24 10:28:14,225 - root - INFO - KG & CF Training: Epoch 0002 Iter 0012 / 0041 | Time 0.1s | Iter Loss 1.0896 | Iter Mean Loss 1.1020
2023-12-24 10:28:14,337 - root - INFO - KG & CF Training: Epoch 0002 Iter 0013 / 0041 | Time 0.1s | Iter Loss 1.0857 | Iter Mean Loss 1.1007
2023-12-24 10:28:14,449 - root - INFO - KG & CF Training: Epoch 0002 Iter 0014 / 0041 | Time 0.1s | Iter Loss 1.0853 | Iter Mean Loss 1.0996
2023-12-24 10:28:14,559 - root - INFO - KG & CF Training: Epoch 0002 Iter 0015 / 0041 | Time 0.1s | Iter Loss 1.0875 | Iter Mean Loss 1.0988
2023-12-24 10:28:14,685 - root - INFO - KG & CF Training: Epoch 0002 Iter 0016 / 0041 | Time 0.1s | Iter Loss 1.0800 | Iter Mean Loss 1.0976
2023-12-24 10:28:14,798 - root - INFO - KG & CF Training: Epoch 0002 Iter 0017 / 0041 | Time 0.1s | Iter Loss 1.0773 | Iter Mean Loss 1.0964
2023-12-24 10:28:14,905 - root - INFO - KG & CF Training: Epoch 0002 Iter 0018 / 0041 | Time 0.1s | Iter Loss 1.0764 | Iter Mean Loss 1.0953
2023-12-24 10:28:15,015 - root - INFO - KG & CF Training: Epoch 0002 Iter 0019 / 0041 | Time 0.1s | Iter Loss 1.0750 | Iter Mean Loss 1.0943
2023-12-24 10:28:15,135 - root - INFO - KG & CF Training: Epoch 0002 Iter 0020 / 0041 | Time 0.1s | Iter Loss 1.0721 | Iter Mean Loss 1.0932
2023-12-24 10:28:15,257 - root - INFO - KG & CF Training: Epoch 0002 Iter 0021 / 0041 | Time 0.1s | Iter Loss 1.0741 | Iter Mean Loss 1.0923
2023-12-24 10:28:15,366 - root - INFO - KG & CF Training: Epoch 0002 Iter 0022 / 0041 | Time 0.1s | Iter Loss 1.0721 | Iter Mean Loss 1.0913
2023-12-24 10:28:15,472 - root - INFO - KG & CF Training: Epoch 0002 Iter 0023 / 0041 | Time 0.1s | Iter Loss 1.0625 | Iter Mean Loss 1.0901
2023-12-24 10:28:15,586 - root - INFO - KG & CF Training: Epoch 0002 Iter 0024 / 0041 | Time 0.1s | Iter Loss 1.0633 | Iter Mean Loss 1.0890
2023-12-24 10:28:15,702 - root - INFO - KG & CF Training: Epoch 0002 Iter 0025 / 0041 | Time 0.1s | Iter Loss 1.0653 | Iter Mean Loss 1.0880
2023-12-24 10:28:15,818 - root - INFO - KG & CF Training: Epoch 0002 Iter 0026 / 0041 | Time 0.1s | Iter Loss 1.0609 | Iter Mean Loss 1.0870
2023-12-24 10:28:15,937 - root - INFO - KG & CF Training: Epoch 0002 Iter 0027 / 0041 | Time 0.1s | Iter Loss 1.0590 | Iter Mean Loss 1.0859
2023-12-24 10:28:16,058 - root - INFO - KG & CF Training: Epoch 0002 Iter 0028 / 0041 | Time 0.1s | Iter Loss 1.0555 | Iter Mean Loss 1.0849
2023-12-24 10:28:16,166 - root - INFO - KG & CF Training: Epoch 0002 Iter 0029 / 0041 | Time 0.1s | Iter Loss 1.0509 | Iter Mean Loss 1.0837
2023-12-24 10:28:16,288 - root - INFO - KG & CF Training: Epoch 0002 Iter 0030 / 0041 | Time 0.1s | Iter Loss 1.0545 | Iter Mean Loss 1.0827
2023-12-24 10:28:16,392 - root - INFO - KG & CF Training: Epoch 0002 Iter 0031 / 0041 | Time 0.1s | Iter Loss 1.0482 | Iter Mean Loss 1.0816
2023-12-24 10:28:16,501 - root - INFO - KG & CF Training: Epoch 0002 Iter 0032 / 0041 | Time 0.1s | Iter Loss 1.0515 | Iter Mean Loss 1.0807
2023-12-24 10:28:16,628 - root - INFO - KG & CF Training: Epoch 0002 Iter 0033 / 0041 | Time 0.1s | Iter Loss 1.0442 | Iter Mean Loss 1.0795
2023-12-24 10:28:16,745 - root - INFO - KG & CF Training: Epoch 0002 Iter 0034 / 0041 | Time 0.1s | Iter Loss 1.0465 | Iter Mean Loss 1.0786
2023-12-24 10:28:16,851 - root - INFO - KG & CF Training: Epoch 0002 Iter 0035 / 0041 | Time 0.1s | Iter Loss 1.0471 | Iter Mean Loss 1.0777
2023-12-24 10:28:16,968 - root - INFO - KG & CF Training: Epoch 0002 Iter 0036 / 0041 | Time 0.1s | Iter Loss 1.0446 | Iter Mean Loss 1.0768
2023-12-24 10:28:17,080 - root - INFO - KG & CF Training: Epoch 0002 Iter 0037 / 0041 | Time 0.1s | Iter Loss 1.0371 | Iter Mean Loss 1.0757
2023-12-24 10:28:17,190 - root - INFO - KG & CF Training: Epoch 0002 Iter 0038 / 0041 | Time 0.1s | Iter Loss 1.0424 | Iter Mean Loss 1.0748
2023-12-24 10:28:17,304 - root - INFO - KG & CF Training: Epoch 0002 Iter 0039 / 0041 | Time 0.1s | Iter Loss 1.0326 | Iter Mean Loss 1.0737
2023-12-24 10:28:17,427 - root - INFO - KG & CF Training: Epoch 0002 Iter 0040 / 0041 | Time 0.1s | Iter Loss 1.0358 | Iter Mean Loss 1.0728
2023-12-24 10:28:17,552 - root - INFO - KG & CF Training: Epoch 0002 Iter 0041 / 0041 | Time 0.1s | Iter Loss 1.0288 | Iter Mean Loss 1.0717
2023-12-24 10:28:17,553 - root - INFO - KG & CF Training: Epoch 0002 Total Iter 0041 | Total Time 4.7s | Iter Mean Loss 1.0717
2023-12-24 10:28:17,679 - root - INFO - KG & CF Training: Epoch 0003 Iter 0001 / 0041 | Time 0.1s | Iter Loss 1.0326 | Iter Mean Loss 1.0326
2023-12-24 10:28:17,800 - root - INFO - KG & CF Training: Epoch 0003 Iter 0002 / 0041 | Time 0.1s | Iter Loss 1.0333 | Iter Mean Loss 1.0329
2023-12-24 10:28:17,918 - root - INFO - KG & CF Training: Epoch 0003 Iter 0003 / 0041 | Time 0.1s | Iter Loss 1.0305 | Iter Mean Loss 1.0321
2023-12-24 10:28:18,035 - root - INFO - KG & CF Training: Epoch 0003 Iter 0004 / 0041 | Time 0.1s | Iter Loss 1.0265 | Iter Mean Loss 1.0307
2023-12-24 10:28:18,147 - root - INFO - KG & CF Training: Epoch 0003 Iter 0005 / 0041 | Time 0.1s | Iter Loss 1.0267 | Iter Mean Loss 1.0299
2023-12-24 10:28:18,276 - root - INFO - KG & CF Training: Epoch 0003 Iter 0006 / 0041 | Time 0.1s | Iter Loss 1.0257 | Iter Mean Loss 1.0292
2023-12-24 10:28:18,394 - root - INFO - KG & CF Training: Epoch 0003 Iter 0007 / 0041 | Time 0.1s | Iter Loss 1.0216 | Iter Mean Loss 1.0281
2023-12-24 10:28:18,498 - root - INFO - KG & CF Training: Epoch 0003 Iter 0008 / 0041 | Time 0.1s | Iter Loss 1.0203 | Iter Mean Loss 1.0271
2023-12-24 10:28:18,602 - root - INFO - KG & CF Training: Epoch 0003 Iter 0009 / 0041 | Time 0.1s | Iter Loss 1.0184 | Iter Mean Loss 1.0262
2023-12-24 10:28:18,711 - root - INFO - KG & CF Training: Epoch 0003 Iter 0010 / 0041 | Time 0.1s | Iter Loss 1.0146 | Iter Mean Loss 1.0250
2023-12-24 10:28:18,817 - root - INFO - KG & CF Training: Epoch 0003 Iter 0011 / 0041 | Time 0.1s | Iter Loss 1.0158 | Iter Mean Loss 1.0242
2023-12-24 10:28:18,931 - root - INFO - KG & CF Training: Epoch 0003 Iter 0012 / 0041 | Time 0.1s | Iter Loss 1.0129 | Iter Mean Loss 1.0232
2023-12-24 10:28:19,040 - root - INFO - KG & CF Training: Epoch 0003 Iter 0013 / 0041 | Time 0.1s | Iter Loss 1.0157 | Iter Mean Loss 1.0227
2023-12-24 10:28:19,155 - root - INFO - KG & CF Training: Epoch 0003 Iter 0014 / 0041 | Time 0.1s | Iter Loss 1.0145 | Iter Mean Loss 1.0221
2023-12-24 10:28:19,267 - root - INFO - KG & CF Training: Epoch 0003 Iter 0015 / 0041 | Time 0.1s | Iter Loss 1.0173 | Iter Mean Loss 1.0218
2023-12-24 10:28:19,372 - root - INFO - KG & CF Training: Epoch 0003 Iter 0016 / 0041 | Time 0.1s | Iter Loss 1.0154 | Iter Mean Loss 1.0214
2023-12-24 10:28:19,486 - root - INFO - KG & CF Training: Epoch 0003 Iter 0017 / 0041 | Time 0.1s | Iter Loss 1.0067 | Iter Mean Loss 1.0205
2023-12-24 10:28:19,590 - root - INFO - KG & CF Training: Epoch 0003 Iter 0018 / 0041 | Time 0.1s | Iter Loss 1.0021 | Iter Mean Loss 1.0195
2023-12-24 10:28:19,699 - root - INFO - KG & CF Training: Epoch 0003 Iter 0019 / 0041 | Time 0.1s | Iter Loss 1.0062 | Iter Mean Loss 1.0188
2023-12-24 10:28:19,811 - root - INFO - KG & CF Training: Epoch 0003 Iter 0020 / 0041 | Time 0.1s | Iter Loss 1.0059 | Iter Mean Loss 1.0181
2023-12-24 10:28:19,924 - root - INFO - KG & CF Training: Epoch 0003 Iter 0021 / 0041 | Time 0.1s | Iter Loss 1.0039 | Iter Mean Loss 1.0175
2023-12-24 10:28:20,035 - root - INFO - KG & CF Training: Epoch 0003 Iter 0022 / 0041 | Time 0.1s | Iter Loss 1.0000 | Iter Mean Loss 1.0167
2023-12-24 10:28:20,156 - root - INFO - KG & CF Training: Epoch 0003 Iter 0023 / 0041 | Time 0.1s | Iter Loss 0.9980 | Iter Mean Loss 1.0159
2023-12-24 10:28:20,270 - root - INFO - KG & CF Training: Epoch 0003 Iter 0024 / 0041 | Time 0.1s | Iter Loss 1.0043 | Iter Mean Loss 1.0154
2023-12-24 10:28:20,371 - root - INFO - KG & CF Training: Epoch 0003 Iter 0025 / 0041 | Time 0.1s | Iter Loss 1.0017 | Iter Mean Loss 1.0148
2023-12-24 10:28:20,480 - root - INFO - KG & CF Training: Epoch 0003 Iter 0026 / 0041 | Time 0.1s | Iter Loss 1.0040 | Iter Mean Loss 1.0144
2023-12-24 10:28:20,579 - root - INFO - KG & CF Training: Epoch 0003 Iter 0027 / 0041 | Time 0.1s | Iter Loss 0.9946 | Iter Mean Loss 1.0137
2023-12-24 10:28:20,683 - root - INFO - KG & CF Training: Epoch 0003 Iter 0028 / 0041 | Time 0.1s | Iter Loss 0.9937 | Iter Mean Loss 1.0130
2023-12-24 10:28:20,800 - root - INFO - KG & CF Training: Epoch 0003 Iter 0029 / 0041 | Time 0.1s | Iter Loss 0.9964 | Iter Mean Loss 1.0124
2023-12-24 10:28:20,919 - root - INFO - KG & CF Training: Epoch 0003 Iter 0030 / 0041 | Time 0.1s | Iter Loss 0.9936 | Iter Mean Loss 1.0118
2023-12-24 10:28:21,025 - root - INFO - KG & CF Training: Epoch 0003 Iter 0031 / 0041 | Time 0.1s | Iter Loss 0.9903 | Iter Mean Loss 1.0111
2023-12-24 10:28:21,141 - root - INFO - KG & CF Training: Epoch 0003 Iter 0032 / 0041 | Time 0.1s | Iter Loss 0.9899 | Iter Mean Loss 1.0104
2023-12-24 10:28:21,260 - root - INFO - KG & CF Training: Epoch 0003 Iter 0033 / 0041 | Time 0.1s | Iter Loss 0.9882 | Iter Mean Loss 1.0097
2023-12-24 10:28:21,381 - root - INFO - KG & CF Training: Epoch 0003 Iter 0034 / 0041 | Time 0.1s | Iter Loss 0.9855 | Iter Mean Loss 1.0090
2023-12-24 10:28:21,491 - root - INFO - KG & CF Training: Epoch 0003 Iter 0035 / 0041 | Time 0.1s | Iter Loss 0.9885 | Iter Mean Loss 1.0084
2023-12-24 10:28:21,603 - root - INFO - KG & CF Training: Epoch 0003 Iter 0036 / 0041 | Time 0.1s | Iter Loss 0.9857 | Iter Mean Loss 1.0078
2023-12-24 10:28:21,723 - root - INFO - KG & CF Training: Epoch 0003 Iter 0037 / 0041 | Time 0.1s | Iter Loss 0.9808 | Iter Mean Loss 1.0071
2023-12-24 10:28:21,839 - root - INFO - KG & CF Training: Epoch 0003 Iter 0038 / 0041 | Time 0.1s | Iter Loss 0.9845 | Iter Mean Loss 1.0065
2023-12-24 10:28:21,954 - root - INFO - KG & CF Training: Epoch 0003 Iter 0039 / 0041 | Time 0.1s | Iter Loss 0.9870 | Iter Mean Loss 1.0060
2023-12-24 10:28:22,067 - root - INFO - KG & CF Training: Epoch 0003 Iter 0040 / 0041 | Time 0.1s | Iter Loss 0.9784 | Iter Mean Loss 1.0053
2023-12-24 10:28:22,170 - root - INFO - KG & CF Training: Epoch 0003 Iter 0041 / 0041 | Time 0.1s | Iter Loss 0.9815 | Iter Mean Loss 1.0047
2023-12-24 10:28:22,170 - root - INFO - KG & CF Training: Epoch 0003 Total Iter 0041 | Total Time 4.6s | Iter Mean Loss 1.0047
2023-12-24 10:28:22,282 - root - INFO - KG & CF Training: Epoch 0004 Iter 0001 / 0041 | Time 0.1s | Iter Loss 0.9763 | Iter Mean Loss 0.9763
2023-12-24 10:28:22,400 - root - INFO - KG & CF Training: Epoch 0004 Iter 0002 / 0041 | Time 0.1s | Iter Loss 0.9777 | Iter Mean Loss 0.9770
2023-12-24 10:28:22,509 - root - INFO - KG & CF Training: Epoch 0004 Iter 0003 / 0041 | Time 0.1s | Iter Loss 0.9814 | Iter Mean Loss 0.9785
2023-12-24 10:28:22,623 - root - INFO - KG & CF Training: Epoch 0004 Iter 0004 / 0041 | Time 0.1s | Iter Loss 0.9801 | Iter Mean Loss 0.9789
2023-12-24 10:28:22,734 - root - INFO - KG & CF Training: Epoch 0004 Iter 0005 / 0041 | Time 0.1s | Iter Loss 0.9760 | Iter Mean Loss 0.9783
2023-12-24 10:28:22,861 - root - INFO - KG & CF Training: Epoch 0004 Iter 0006 / 0041 | Time 0.1s | Iter Loss 0.9738 | Iter Mean Loss 0.9775
2023-12-24 10:28:22,987 - root - INFO - KG & CF Training: Epoch 0004 Iter 0007 / 0041 | Time 0.1s | Iter Loss 0.9728 | Iter Mean Loss 0.9769
2023-12-24 10:28:23,109 - root - INFO - KG & CF Training: Epoch 0004 Iter 0008 / 0041 | Time 0.1s | Iter Loss 0.9684 | Iter Mean Loss 0.9758
2023-12-24 10:28:23,223 - root - INFO - KG & CF Training: Epoch 0004 Iter 0009 / 0041 | Time 0.1s | Iter Loss 0.9758 | Iter Mean Loss 0.9758
2023-12-24 10:28:23,323 - root - INFO - KG & CF Training: Epoch 0004 Iter 0010 / 0041 | Time 0.1s | Iter Loss 0.9662 | Iter Mean Loss 0.9748
2023-12-24 10:28:23,436 - root - INFO - KG & CF Training: Epoch 0004 Iter 0011 / 0041 | Time 0.1s | Iter Loss 0.9626 | Iter Mean Loss 0.9737
2023-12-24 10:28:23,546 - root - INFO - KG & CF Training: Epoch 0004 Iter 0012 / 0041 | Time 0.1s | Iter Loss 0.9670 | Iter Mean Loss 0.9732
2023-12-24 10:28:23,666 - root - INFO - KG & CF Training: Epoch 0004 Iter 0013 / 0041 | Time 0.1s | Iter Loss 0.9724 | Iter Mean Loss 0.9731
2023-12-24 10:28:23,772 - root - INFO - KG & CF Training: Epoch 0004 Iter 0014 / 0041 | Time 0.1s | Iter Loss 0.9691 | Iter Mean Loss 0.9728
2023-12-24 10:28:23,886 - root - INFO - KG & CF Training: Epoch 0004 Iter 0015 / 0041 | Time 0.1s | Iter Loss 0.9691 | Iter Mean Loss 0.9726
2023-12-24 10:28:23,996 - root - INFO - KG & CF Training: Epoch 0004 Iter 0016 / 0041 | Time 0.1s | Iter Loss 0.9652 | Iter Mean Loss 0.9721
2023-12-24 10:28:24,097 - root - INFO - KG & CF Training: Epoch 0004 Iter 0017 / 0041 | Time 0.1s | Iter Loss 0.9594 | Iter Mean Loss 0.9714
2023-12-24 10:28:24,214 - root - INFO - KG & CF Training: Epoch 0004 Iter 0018 / 0041 | Time 0.1s | Iter Loss 0.9602 | Iter Mean Loss 0.9707
2023-12-24 10:28:24,315 - root - INFO - KG & CF Training: Epoch 0004 Iter 0019 / 0041 | Time 0.1s | Iter Loss 0.9607 | Iter Mean Loss 0.9702
2023-12-24 10:28:24,426 - root - INFO - KG & CF Training: Epoch 0004 Iter 0020 / 0041 | Time 0.1s | Iter Loss 0.9595 | Iter Mean Loss 0.9697
2023-12-24 10:28:24,543 - root - INFO - KG & CF Training: Epoch 0004 Iter 0021 / 0041 | Time 0.1s | Iter Loss 0.9631 | Iter Mean Loss 0.9694
2023-12-24 10:28:24,666 - root - INFO - KG & CF Training: Epoch 0004 Iter 0022 / 0041 | Time 0.1s | Iter Loss 0.9582 | Iter Mean Loss 0.9689
2023-12-24 10:28:24,768 - root - INFO - KG & CF Training: Epoch 0004 Iter 0023 / 0041 | Time 0.1s | Iter Loss 0.9556 | Iter Mean Loss 0.9683
2023-12-24 10:28:24,894 - root - INFO - KG & CF Training: Epoch 0004 Iter 0024 / 0041 | Time 0.1s | Iter Loss 0.9587 | Iter Mean Loss 0.9679
2023-12-24 10:28:24,992 - root - INFO - KG & CF Training: Epoch 0004 Iter 0025 / 0041 | Time 0.1s | Iter Loss 0.9512 | Iter Mean Loss 0.9672
2023-12-24 10:28:25,110 - root - INFO - KG & CF Training: Epoch 0004 Iter 0026 / 0041 | Time 0.1s | Iter Loss 0.9535 | Iter Mean Loss 0.9667
2023-12-24 10:28:25,216 - root - INFO - KG & CF Training: Epoch 0004 Iter 0027 / 0041 | Time 0.1s | Iter Loss 0.9559 | Iter Mean Loss 0.9663
2023-12-24 10:28:25,321 - root - INFO - KG & CF Training: Epoch 0004 Iter 0028 / 0041 | Time 0.1s | Iter Loss 0.9495 | Iter Mean Loss 0.9657
2023-12-24 10:28:25,415 - root - INFO - KG & CF Training: Epoch 0004 Iter 0029 / 0041 | Time 0.1s | Iter Loss 0.9529 | Iter Mean Loss 0.9652
2023-12-24 10:28:25,523 - root - INFO - KG & CF Training: Epoch 0004 Iter 0030 / 0041 | Time 0.1s | Iter Loss 0.9497 | Iter Mean Loss 0.9647
2023-12-24 10:28:25,638 - root - INFO - KG & CF Training: Epoch 0004 Iter 0031 / 0041 | Time 0.1s | Iter Loss 0.9563 | Iter Mean Loss 0.9645
2023-12-24 10:28:25,748 - root - INFO - KG & CF Training: Epoch 0004 Iter 0032 / 0041 | Time 0.1s | Iter Loss 0.9528 | Iter Mean Loss 0.9641
2023-12-24 10:28:25,866 - root - INFO - KG & CF Training: Epoch 0004 Iter 0033 / 0041 | Time 0.1s | Iter Loss 0.9452 | Iter Mean Loss 0.9635
2023-12-24 10:28:25,984 - root - INFO - KG & CF Training: Epoch 0004 Iter 0034 / 0041 | Time 0.1s | Iter Loss 0.9434 | Iter Mean Loss 0.9629
2023-12-24 10:28:26,094 - root - INFO - KG & CF Training: Epoch 0004 Iter 0035 / 0041 | Time 0.1s | Iter Loss 0.9484 | Iter Mean Loss 0.9625
2023-12-24 10:28:26,202 - root - INFO - KG & CF Training: Epoch 0004 Iter 0036 / 0041 | Time 0.1s | Iter Loss 0.9462 | Iter Mean Loss 0.9621
2023-12-24 10:28:26,317 - root - INFO - KG & CF Training: Epoch 0004 Iter 0037 / 0041 | Time 0.1s | Iter Loss 0.9424 | Iter Mean Loss 0.9615
2023-12-24 10:28:26,429 - root - INFO - KG & CF Training: Epoch 0004 Iter 0038 / 0041 | Time 0.1s | Iter Loss 0.9454 | Iter Mean Loss 0.9611
2023-12-24 10:28:26,540 - root - INFO - KG & CF Training: Epoch 0004 Iter 0039 / 0041 | Time 0.1s | Iter Loss 0.9461 | Iter Mean Loss 0.9607
2023-12-24 10:28:26,665 - root - INFO - KG & CF Training: Epoch 0004 Iter 0040 / 0041 | Time 0.1s | Iter Loss 0.9464 | Iter Mean Loss 0.9604
2023-12-24 10:28:26,777 - root - INFO - KG & CF Training: Epoch 0004 Iter 0041 / 0041 | Time 0.1s | Iter Loss 0.9313 | Iter Mean Loss 0.9597
2023-12-24 10:28:26,778 - root - INFO - KG & CF Training: Epoch 0004 Total Iter 0041 | Total Time 4.6s | Iter Mean Loss 0.9597
2023-12-24 10:28:26,895 - root - INFO - KG & CF Training: Epoch 0005 Iter 0001 / 0041 | Time 0.1s | Iter Loss 0.9442 | Iter Mean Loss 0.9442
2023-12-24 10:28:27,018 - root - INFO - KG & CF Training: Epoch 0005 Iter 0002 / 0041 | Time 0.1s | Iter Loss 0.9360 | Iter Mean Loss 0.9401
2023-12-24 10:28:27,139 - root - INFO - KG & CF Training: Epoch 0005 Iter 0003 / 0041 | Time 0.1s | Iter Loss 0.9449 | Iter Mean Loss 0.9417
2023-12-24 10:28:27,255 - root - INFO - KG & CF Training: Epoch 0005 Iter 0004 / 0041 | Time 0.1s | Iter Loss 0.9411 | Iter Mean Loss 0.9416
2023-12-24 10:28:27,366 - root - INFO - KG & CF Training: Epoch 0005 Iter 0005 / 0041 | Time 0.1s | Iter Loss 0.9377 | Iter Mean Loss 0.9408
2023-12-24 10:28:27,469 - root - INFO - KG & CF Training: Epoch 0005 Iter 0006 / 0041 | Time 0.1s | Iter Loss 0.9371 | Iter Mean Loss 0.9402
2023-12-24 10:28:27,591 - root - INFO - KG & CF Training: Epoch 0005 Iter 0007 / 0041 | Time 0.1s | Iter Loss 0.9366 | Iter Mean Loss 0.9397
2023-12-24 10:28:27,712 - root - INFO - KG & CF Training: Epoch 0005 Iter 0008 / 0041 | Time 0.1s | Iter Loss 0.9340 | Iter Mean Loss 0.9390
2023-12-24 10:28:27,809 - root - INFO - KG & CF Training: Epoch 0005 Iter 0009 / 0041 | Time 0.1s | Iter Loss 0.9331 | Iter Mean Loss 0.9383
2023-12-24 10:28:27,933 - root - INFO - KG & CF Training: Epoch 0005 Iter 0010 / 0041 | Time 0.1s | Iter Loss 0.9291 | Iter Mean Loss 0.9374
2023-12-24 10:28:28,038 - root - INFO - KG & CF Training: Epoch 0005 Iter 0011 / 0041 | Time 0.1s | Iter Loss 0.9342 | Iter Mean Loss 0.9371
2023-12-24 10:28:28,143 - root - INFO - KG & CF Training: Epoch 0005 Iter 0012 / 0041 | Time 0.1s | Iter Loss 0.9299 | Iter Mean Loss 0.9365
2023-12-24 10:28:28,257 - root - INFO - KG & CF Training: Epoch 0005 Iter 0013 / 0041 | Time 0.1s | Iter Loss 0.9316 | Iter Mean Loss 0.9361
2023-12-24 10:28:28,362 - root - INFO - KG & CF Training: Epoch 0005 Iter 0014 / 0041 | Time 0.1s | Iter Loss 0.9323 | Iter Mean Loss 0.9359
2023-12-24 10:28:28,478 - root - INFO - KG & CF Training: Epoch 0005 Iter 0015 / 0041 | Time 0.1s | Iter Loss 0.9341 | Iter Mean Loss 0.9357
2023-12-24 10:28:28,598 - root - INFO - KG & CF Training: Epoch 0005 Iter 0016 / 0041 | Time 0.1s | Iter Loss 0.9287 | Iter Mean Loss 0.9353
2023-12-24 10:28:28,721 - root - INFO - KG & CF Training: Epoch 0005 Iter 0017 / 0041 | Time 0.1s | Iter Loss 0.9298 | Iter Mean Loss 0.9350
2023-12-24 10:28:28,823 - root - INFO - KG & CF Training: Epoch 0005 Iter 0018 / 0041 | Time 0.1s | Iter Loss 0.9252 | Iter Mean Loss 0.9344
2023-12-24 10:28:28,935 - root - INFO - KG & CF Training: Epoch 0005 Iter 0019 / 0041 | Time 0.1s | Iter Loss 0.9323 | Iter Mean Loss 0.9343
2023-12-24 10:28:29,051 - root - INFO - KG & CF Training: Epoch 0005 Iter 0020 / 0041 | Time 0.1s | Iter Loss 0.9286 | Iter Mean Loss 0.9340
2023-12-24 10:28:29,176 - root - INFO - KG & CF Training: Epoch 0005 Iter 0021 / 0041 | Time 0.1s | Iter Loss 0.9242 | Iter Mean Loss 0.9336
2023-12-24 10:28:29,288 - root - INFO - KG & CF Training: Epoch 0005 Iter 0022 / 0041 | Time 0.1s | Iter Loss 0.9273 | Iter Mean Loss 0.9333
2023-12-24 10:28:29,390 - root - INFO - KG & CF Training: Epoch 0005 Iter 0023 / 0041 | Time 0.1s | Iter Loss 0.9212 | Iter Mean Loss 0.9328
2023-12-24 10:28:29,503 - root - INFO - KG & CF Training: Epoch 0005 Iter 0024 / 0041 | Time 0.1s | Iter Loss 0.9197 | Iter Mean Loss 0.9322
2023-12-24 10:28:29,626 - root - INFO - KG & CF Training: Epoch 0005 Iter 0025 / 0041 | Time 0.1s | Iter Loss 0.9249 | Iter Mean Loss 0.9319
2023-12-24 10:28:29,742 - root - INFO - KG & CF Training: Epoch 0005 Iter 0026 / 0041 | Time 0.1s | Iter Loss 0.9263 | Iter Mean Loss 0.9317
2023-12-24 10:28:29,845 - root - INFO - KG & CF Training: Epoch 0005 Iter 0027 / 0041 | Time 0.1s | Iter Loss 0.9237 | Iter Mean Loss 0.9314
2023-12-24 10:28:29,950 - root - INFO - KG & CF Training: Epoch 0005 Iter 0028 / 0041 | Time 0.1s | Iter Loss 0.9138 | Iter Mean Loss 0.9308
2023-12-24 10:28:30,053 - root - INFO - KG & CF Training: Epoch 0005 Iter 0029 / 0041 | Time 0.1s | Iter Loss 0.9176 | Iter Mean Loss 0.9303
2023-12-24 10:28:30,160 - root - INFO - KG & CF Training: Epoch 0005 Iter 0030 / 0041 | Time 0.1s | Iter Loss 0.9168 | Iter Mean Loss 0.9299
2023-12-24 10:28:30,281 - root - INFO - KG & CF Training: Epoch 0005 Iter 0031 / 0041 | Time 0.1s | Iter Loss 0.9251 | Iter Mean Loss 0.9297
2023-12-24 10:28:30,392 - root - INFO - KG & CF Training: Epoch 0005 Iter 0032 / 0041 | Time 0.1s | Iter Loss 0.9278 | Iter Mean Loss 0.9297
2023-12-24 10:28:30,496 - root - INFO - KG & CF Training: Epoch 0005 Iter 0033 / 0041 | Time 0.1s | Iter Loss 0.9182 | Iter Mean Loss 0.9293
2023-12-24 10:28:30,620 - root - INFO - KG & CF Training: Epoch 0005 Iter 0034 / 0041 | Time 0.1s | Iter Loss 0.9236 | Iter Mean Loss 0.9291
2023-12-24 10:28:30,727 - root - INFO - KG & CF Training: Epoch 0005 Iter 0035 / 0041 | Time 0.1s | Iter Loss 0.9168 | Iter Mean Loss 0.9288
2023-12-24 10:28:30,833 - root - INFO - KG & CF Training: Epoch 0005 Iter 0036 / 0041 | Time 0.1s | Iter Loss 0.9175 | Iter Mean Loss 0.9285
2023-12-24 10:28:30,945 - root - INFO - KG & CF Training: Epoch 0005 Iter 0037 / 0041 | Time 0.1s | Iter Loss 0.9106 | Iter Mean Loss 0.9280
2023-12-24 10:28:31,062 - root - INFO - KG & CF Training: Epoch 0005 Iter 0038 / 0041 | Time 0.1s | Iter Loss 0.9151 | Iter Mean Loss 0.9277
2023-12-24 10:28:31,177 - root - INFO - KG & CF Training: Epoch 0005 Iter 0039 / 0041 | Time 0.1s | Iter Loss 0.9108 | Iter Mean Loss 0.9272
2023-12-24 10:28:31,295 - root - INFO - KG & CF Training: Epoch 0005 Iter 0040 / 0041 | Time 0.1s | Iter Loss 0.9107 | Iter Mean Loss 0.9268
2023-12-24 10:28:31,404 - root - INFO - KG & CF Training: Epoch 0005 Iter 0041 / 0041 | Time 0.1s | Iter Loss 0.9045 | Iter Mean Loss 0.9263
2023-12-24 10:28:31,405 - root - INFO - KG & CF Training: Epoch 0005 Total Iter 0041 | Total Time 4.6s | Iter Mean Loss 0.9263
2023-12-24 10:28:31,512 - root - INFO - KG & CF Training: Epoch 0006 Iter 0001 / 0041 | Time 0.1s | Iter Loss 0.9131 | Iter Mean Loss 0.9131
2023-12-24 10:28:31,627 - root - INFO - KG & CF Training: Epoch 0006 Iter 0002 / 0041 | Time 0.1s | Iter Loss 0.9066 | Iter Mean Loss 0.9099
2023-12-24 10:28:31,739 - root - INFO - KG & CF Training: Epoch 0006 Iter 0003 / 0041 | Time 0.1s | Iter Loss 0.9074 | Iter Mean Loss 0.9090
2023-12-24 10:28:31,857 - root - INFO - KG & CF Training: Epoch 0006 Iter 0004 / 0041 | Time 0.1s | Iter Loss 0.9081 | Iter Mean Loss 0.9088
2023-12-24 10:28:31,959 - root - INFO - KG & CF Training: Epoch 0006 Iter 0005 / 0041 | Time 0.1s | Iter Loss 0.9107 | Iter Mean Loss 0.9092
2023-12-24 10:28:32,077 - root - INFO - KG & CF Training: Epoch 0006 Iter 0006 / 0041 | Time 0.1s | Iter Loss 0.9111 | Iter Mean Loss 0.9095
2023-12-24 10:28:32,196 - root - INFO - KG & CF Training: Epoch 0006 Iter 0007 / 0041 | Time 0.1s | Iter Loss 0.9035 | Iter Mean Loss 0.9086
2023-12-24 10:28:32,305 - root - INFO - KG & CF Training: Epoch 0006 Iter 0008 / 0041 | Time 0.1s | Iter Loss 0.9032 | Iter Mean Loss 0.9079
2023-12-24 10:28:32,422 - root - INFO - KG & CF Training: Epoch 0006 Iter 0009 / 0041 | Time 0.1s | Iter Loss 0.9063 | Iter Mean Loss 0.9078
2023-12-24 10:28:32,533 - root - INFO - KG & CF Training: Epoch 0006 Iter 0010 / 0041 | Time 0.1s | Iter Loss 0.8982 | Iter Mean Loss 0.9068
2023-12-24 10:28:32,655 - root - INFO - KG & CF Training: Epoch 0006 Iter 0011 / 0041 | Time 0.1s | Iter Loss 0.9047 | Iter Mean Loss 0.9066
2023-12-24 10:28:32,767 - root - INFO - KG & CF Training: Epoch 0006 Iter 0012 / 0041 | Time 0.1s | Iter Loss 0.9040 | Iter Mean Loss 0.9064
2023-12-24 10:28:32,872 - root - INFO - KG & CF Training: Epoch 0006 Iter 0013 / 0041 | Time 0.1s | Iter Loss 0.8939 | Iter Mean Loss 0.9054
2023-12-24 10:28:32,989 - root - INFO - KG & CF Training: Epoch 0006 Iter 0014 / 0041 | Time 0.1s | Iter Loss 0.9037 | Iter Mean Loss 0.9053
2023-12-24 10:28:33,112 - root - INFO - KG & CF Training: Epoch 0006 Iter 0015 / 0041 | Time 0.1s | Iter Loss 0.8975 | Iter Mean Loss 0.9048
2023-12-24 10:28:33,214 - root - INFO - KG & CF Training: Epoch 0006 Iter 0016 / 0041 | Time 0.1s | Iter Loss 0.9003 | Iter Mean Loss 0.9045
2023-12-24 10:28:33,326 - root - INFO - KG & CF Training: Epoch 0006 Iter 0017 / 0041 | Time 0.1s | Iter Loss 0.9031 | Iter Mean Loss 0.9044
2023-12-24 10:28:33,447 - root - INFO - KG & CF Training: Epoch 0006 Iter 0018 / 0041 | Time 0.1s | Iter Loss 0.8993 | Iter Mean Loss 0.9041
2023-12-24 10:28:33,550 - root - INFO - KG & CF Training: Epoch 0006 Iter 0019 / 0041 | Time 0.1s | Iter Loss 0.8858 | Iter Mean Loss 0.9032
2023-12-24 10:28:33,678 - root - INFO - KG & CF Training: Epoch 0006 Iter 0020 / 0041 | Time 0.1s | Iter Loss 0.8963 | Iter Mean Loss 0.9028
2023-12-24 10:28:33,779 - root - INFO - KG & CF Training: Epoch 0006 Iter 0021 / 0041 | Time 0.1s | Iter Loss 0.9002 | Iter Mean Loss 0.9027
2023-12-24 10:28:33,889 - root - INFO - KG & CF Training: Epoch 0006 Iter 0022 / 0041 | Time 0.1s | Iter Loss 0.8939 | Iter Mean Loss 0.9023
2023-12-24 10:28:34,010 - root - INFO - KG & CF Training: Epoch 0006 Iter 0023 / 0041 | Time 0.1s | Iter Loss 0.8981 | Iter Mean Loss 0.9021
2023-12-24 10:28:34,138 - root - INFO - KG & CF Training: Epoch 0006 Iter 0024 / 0041 | Time 0.1s | Iter Loss 0.8957 | Iter Mean Loss 0.9019
2023-12-24 10:28:34,245 - root - INFO - KG & CF Training: Epoch 0006 Iter 0025 / 0041 | Time 0.1s | Iter Loss 0.8913 | Iter Mean Loss 0.9014
2023-12-24 10:28:34,357 - root - INFO - KG & CF Training: Epoch 0006 Iter 0026 / 0041 | Time 0.1s | Iter Loss 0.8928 | Iter Mean Loss 0.9011
2023-12-24 10:28:34,459 - root - INFO - KG & CF Training: Epoch 0006 Iter 0027 / 0041 | Time 0.1s | Iter Loss 0.8928 | Iter Mean Loss 0.9008
2023-12-24 10:28:34,561 - root - INFO - KG & CF Training: Epoch 0006 Iter 0028 / 0041 | Time 0.1s | Iter Loss 0.8910 | Iter Mean Loss 0.9004
2023-12-24 10:28:34,693 - root - INFO - KG & CF Training: Epoch 0006 Iter 0029 / 0041 | Time 0.1s | Iter Loss 0.8920 | Iter Mean Loss 0.9002
2023-12-24 10:28:34,810 - root - INFO - KG & CF Training: Epoch 0006 Iter 0030 / 0041 | Time 0.1s | Iter Loss 0.8885 | Iter Mean Loss 0.8998
2023-12-24 10:28:34,926 - root - INFO - KG & CF Training: Epoch 0006 Iter 0031 / 0041 | Time 0.1s | Iter Loss 0.8922 | Iter Mean Loss 0.8995
2023-12-24 10:28:35,042 - root - INFO - KG & CF Training: Epoch 0006 Iter 0032 / 0041 | Time 0.1s | Iter Loss 0.8876 | Iter Mean Loss 0.8992
2023-12-24 10:28:35,151 - root - INFO - KG & CF Training: Epoch 0006 Iter 0033 / 0041 | Time 0.1s | Iter Loss 0.8906 | Iter Mean Loss 0.8989
2023-12-24 10:28:35,253 - root - INFO - KG & CF Training: Epoch 0006 Iter 0034 / 0041 | Time 0.1s | Iter Loss 0.8889 | Iter Mean Loss 0.8986
2023-12-24 10:28:35,357 - root - INFO - KG & CF Training: Epoch 0006 Iter 0035 / 0041 | Time 0.1s | Iter Loss 0.8856 | Iter Mean Loss 0.8982
2023-12-24 10:28:35,457 - root - INFO - KG & CF Training: Epoch 0006 Iter 0036 / 0041 | Time 0.1s | Iter Loss 0.8862 | Iter Mean Loss 0.8979
2023-12-24 10:28:35,576 - root - INFO - KG & CF Training: Epoch 0006 Iter 0037 / 0041 | Time 0.1s | Iter Loss 0.8827 | Iter Mean Loss 0.8975
2023-12-24 10:28:35,699 - root - INFO - KG & CF Training: Epoch 0006 Iter 0038 / 0041 | Time 0.1s | Iter Loss 0.8911 | Iter Mean Loss 0.8973
2023-12-24 10:28:35,814 - root - INFO - KG & CF Training: Epoch 0006 Iter 0039 / 0041 | Time 0.1s | Iter Loss 0.8846 | Iter Mean Loss 0.8970
2023-12-24 10:28:35,926 - root - INFO - KG & CF Training: Epoch 0006 Iter 0040 / 0041 | Time 0.1s | Iter Loss 0.8858 | Iter Mean Loss 0.8967
2023-12-24 10:28:36,040 - root - INFO - KG & CF Training: Epoch 0006 Iter 0041 / 0041 | Time 0.1s | Iter Loss 0.8836 | Iter Mean Loss 0.8964
2023-12-24 10:28:36,041 - root - INFO - KG & CF Training: Epoch 0006 Total Iter 0041 | Total Time 4.6s | Iter Mean Loss 0.8964
2023-12-24 10:28:36,150 - root - INFO - KG & CF Training: Epoch 0007 Iter 0001 / 0041 | Time 0.1s | Iter Loss 0.8842 | Iter Mean Loss 0.8842
2023-12-24 10:28:36,264 - root - INFO - KG & CF Training: Epoch 0007 Iter 0002 / 0041 | Time 0.1s | Iter Loss 0.8759 | Iter Mean Loss 0.8800
2023-12-24 10:28:36,368 - root - INFO - KG & CF Training: Epoch 0007 Iter 0003 / 0041 | Time 0.1s | Iter Loss 0.8746 | Iter Mean Loss 0.8782
2023-12-24 10:28:36,470 - root - INFO - KG & CF Training: Epoch 0007 Iter 0004 / 0041 | Time 0.1s | Iter Loss 0.8818 | Iter Mean Loss 0.8791
2023-12-24 10:28:36,583 - root - INFO - KG & CF Training: Epoch 0007 Iter 0005 / 0041 | Time 0.1s | Iter Loss 0.8756 | Iter Mean Loss 0.8784
2023-12-24 10:28:36,696 - root - INFO - KG & CF Training: Epoch 0007 Iter 0006 / 0041 | Time 0.1s | Iter Loss 0.8804 | Iter Mean Loss 0.8787
2023-12-24 10:28:36,810 - root - INFO - KG & CF Training: Epoch 0007 Iter 0007 / 0041 | Time 0.1s | Iter Loss 0.8725 | Iter Mean Loss 0.8778
2023-12-24 10:28:36,912 - root - INFO - KG & CF Training: Epoch 0007 Iter 0008 / 0041 | Time 0.1s | Iter Loss 0.8781 | Iter Mean Loss 0.8779
2023-12-24 10:28:37,020 - root - INFO - KG & CF Training: Epoch 0007 Iter 0009 / 0041 | Time 0.1s | Iter Loss 0.8769 | Iter Mean Loss 0.8778
2023-12-24 10:28:37,140 - root - INFO - KG & CF Training: Epoch 0007 Iter 0010 / 0041 | Time 0.1s | Iter Loss 0.8710 | Iter Mean Loss 0.8771
2023-12-24 10:28:37,253 - root - INFO - KG & CF Training: Epoch 0007 Iter 0011 / 0041 | Time 0.1s | Iter Loss 0.8732 | Iter Mean Loss 0.8767
2023-12-24 10:28:37,355 - root - INFO - KG & CF Training: Epoch 0007 Iter 0012 / 0041 | Time 0.1s | Iter Loss 0.8748 | Iter Mean Loss 0.8766
2023-12-24 10:28:37,472 - root - INFO - KG & CF Training: Epoch 0007 Iter 0013 / 0041 | Time 0.1s | Iter Loss 0.8708 | Iter Mean Loss 0.8761
2023-12-24 10:28:37,574 - root - INFO - KG & CF Training: Epoch 0007 Iter 0014 / 0041 | Time 0.1s | Iter Loss 0.8643 | Iter Mean Loss 0.8753
2023-12-24 10:28:37,690 - root - INFO - KG & CF Training: Epoch 0007 Iter 0015 / 0041 | Time 0.1s | Iter Loss 0.8677 | Iter Mean Loss 0.8748
2023-12-24 10:28:37,791 - root - INFO - KG & CF Training: Epoch 0007 Iter 0016 / 0041 | Time 0.1s | Iter Loss 0.8731 | Iter Mean Loss 0.8747
2023-12-24 10:28:37,901 - root - INFO - KG & CF Training: Epoch 0007 Iter 0017 / 0041 | Time 0.1s | Iter Loss 0.8687 | Iter Mean Loss 0.8743
2023-12-24 10:28:38,008 - root - INFO - KG & CF Training: Epoch 0007 Iter 0018 / 0041 | Time 0.1s | Iter Loss 0.8713 | Iter Mean Loss 0.8742
2023-12-24 10:28:38,110 - root - INFO - KG & CF Training: Epoch 0007 Iter 0019 / 0041 | Time 0.1s | Iter Loss 0.8644 | Iter Mean Loss 0.8736
2023-12-24 10:28:38,225 - root - INFO - KG & CF Training: Epoch 0007 Iter 0020 / 0041 | Time 0.1s | Iter Loss 0.8678 | Iter Mean Loss 0.8733
2023-12-24 10:28:38,333 - root - INFO - KG & CF Training: Epoch 0007 Iter 0021 / 0041 | Time 0.1s | Iter Loss 0.8763 | Iter Mean Loss 0.8735
2023-12-24 10:28:38,432 - root - INFO - KG & CF Training: Epoch 0007 Iter 0022 / 0041 | Time 0.1s | Iter Loss 0.8690 | Iter Mean Loss 0.8733
2023-12-24 10:28:38,542 - root - INFO - KG & CF Training: Epoch 0007 Iter 0023 / 0041 | Time 0.1s | Iter Loss 0.8666 | Iter Mean Loss 0.8730
2023-12-24 10:28:38,669 - root - INFO - KG & CF Training: Epoch 0007 Iter 0024 / 0041 | Time 0.1s | Iter Loss 0.8679 | Iter Mean Loss 0.8728
2023-12-24 10:28:38,778 - root - INFO - KG & CF Training: Epoch 0007 Iter 0025 / 0041 | Time 0.1s | Iter Loss 0.8576 | Iter Mean Loss 0.8722
2023-12-24 10:28:38,884 - root - INFO - KG & CF Training: Epoch 0007 Iter 0026 / 0041 | Time 0.1s | Iter Loss 0.8597 | Iter Mean Loss 0.8717
2023-12-24 10:28:39,006 - root - INFO - KG & CF Training: Epoch 0007 Iter 0027 / 0041 | Time 0.1s | Iter Loss 0.8622 | Iter Mean Loss 0.8713
2023-12-24 10:28:39,105 - root - INFO - KG & CF Training: Epoch 0007 Iter 0028 / 0041 | Time 0.1s | Iter Loss 0.8663 | Iter Mean Loss 0.8712
2023-12-24 10:28:39,213 - root - INFO - KG & CF Training: Epoch 0007 Iter 0029 / 0041 | Time 0.1s | Iter Loss 0.8676 | Iter Mean Loss 0.8710
2023-12-24 10:28:39,317 - root - INFO - KG & CF Training: Epoch 0007 Iter 0030 / 0041 | Time 0.1s | Iter Loss 0.8601 | Iter Mean Loss 0.8707
2023-12-24 10:28:39,429 - root - INFO - KG & CF Training: Epoch 0007 Iter 0031 / 0041 | Time 0.1s | Iter Loss 0.8583 | Iter Mean Loss 0.8703
2023-12-24 10:28:39,545 - root - INFO - KG & CF Training: Epoch 0007 Iter 0032 / 0041 | Time 0.1s | Iter Loss 0.8589 | Iter Mean Loss 0.8699
2023-12-24 10:28:39,676 - root - INFO - KG & CF Training: Epoch 0007 Iter 0033 / 0041 | Time 0.1s | Iter Loss 0.8628 | Iter Mean Loss 0.8697
2023-12-24 10:28:39,804 - root - INFO - KG & CF Training: Epoch 0007 Iter 0034 / 0041 | Time 0.1s | Iter Loss 0.8625 | Iter Mean Loss 0.8695
2023-12-24 10:28:39,920 - root - INFO - KG & CF Training: Epoch 0007 Iter 0035 / 0041 | Time 0.1s | Iter Loss 0.8581 | Iter Mean Loss 0.8692
2023-12-24 10:28:40,034 - root - INFO - KG & CF Training: Epoch 0007 Iter 0036 / 0041 | Time 0.1s | Iter Loss 0.8563 | Iter Mean Loss 0.8688
2023-12-24 10:28:40,141 - root - INFO - KG & CF Training: Epoch 0007 Iter 0037 / 0041 | Time 0.1s | Iter Loss 0.8668 | Iter Mean Loss 0.8688
2023-12-24 10:28:40,261 - root - INFO - KG & CF Training: Epoch 0007 Iter 0038 / 0041 | Time 0.1s | Iter Loss 0.8583 | Iter Mean Loss 0.8685
2023-12-24 10:28:40,362 - root - INFO - KG & CF Training: Epoch 0007 Iter 0039 / 0041 | Time 0.1s | Iter Loss 0.8523 | Iter Mean Loss 0.8681
2023-12-24 10:28:40,466 - root - INFO - KG & CF Training: Epoch 0007 Iter 0040 / 0041 | Time 0.1s | Iter Loss 0.8577 | Iter Mean Loss 0.8678
2023-12-24 10:28:40,579 - root - INFO - KG & CF Training: Epoch 0007 Iter 0041 / 0041 | Time 0.1s | Iter Loss 0.8526 | Iter Mean Loss 0.8674
2023-12-24 10:28:40,580 - root - INFO - KG & CF Training: Epoch 0007 Total Iter 0041 | Total Time 4.5s | Iter Mean Loss 0.8674
2023-12-24 10:28:40,692 - root - INFO - KG & CF Training: Epoch 0008 Iter 0001 / 0041 | Time 0.1s | Iter Loss 0.8551 | Iter Mean Loss 0.8551
2023-12-24 10:28:40,801 - root - INFO - KG & CF Training: Epoch 0008 Iter 0002 / 0041 | Time 0.1s | Iter Loss 0.8571 | Iter Mean Loss 0.8561
2023-12-24 10:28:40,917 - root - INFO - KG & CF Training: Epoch 0008 Iter 0003 / 0041 | Time 0.1s | Iter Loss 0.8493 | Iter Mean Loss 0.8538
2023-12-24 10:28:41,033 - root - INFO - KG & CF Training: Epoch 0008 Iter 0004 / 0041 | Time 0.1s | Iter Loss 0.8539 | Iter Mean Loss 0.8538
2023-12-24 10:28:41,139 - root - INFO - KG & CF Training: Epoch 0008 Iter 0005 / 0041 | Time 0.1s | Iter Loss 0.8508 | Iter Mean Loss 0.8532
2023-12-24 10:28:41,244 - root - INFO - KG & CF Training: Epoch 0008 Iter 0006 / 0041 | Time 0.1s | Iter Loss 0.8456 | Iter Mean Loss 0.8520
2023-12-24 10:28:41,358 - root - INFO - KG & CF Training: Epoch 0008 Iter 0007 / 0041 | Time 0.1s | Iter Loss 0.8457 | Iter Mean Loss 0.8511
2023-12-24 10:28:41,463 - root - INFO - KG & CF Training: Epoch 0008 Iter 0008 / 0041 | Time 0.1s | Iter Loss 0.8513 | Iter Mean Loss 0.8511
2023-12-24 10:28:41,566 - root - INFO - KG & CF Training: Epoch 0008 Iter 0009 / 0041 | Time 0.1s | Iter Loss 0.8452 | Iter Mean Loss 0.8504
2023-12-24 10:28:41,672 - root - INFO - KG & CF Training: Epoch 0008 Iter 0010 / 0041 | Time 0.1s | Iter Loss 0.8493 | Iter Mean Loss 0.8503
2023-12-24 10:28:41,779 - root - INFO - KG & CF Training: Epoch 0008 Iter 0011 / 0041 | Time 0.1s | Iter Loss 0.8422 | Iter Mean Loss 0.8496
2023-12-24 10:28:41,882 - root - INFO - KG & CF Training: Epoch 0008 Iter 0012 / 0041 | Time 0.1s | Iter Loss 0.8498 | Iter Mean Loss 0.8496
2023-12-24 10:28:42,009 - root - INFO - KG & CF Training: Epoch 0008 Iter 0013 / 0041 | Time 0.1s | Iter Loss 0.8449 | Iter Mean Loss 0.8493
2023-12-24 10:28:42,130 - root - INFO - KG & CF Training: Epoch 0008 Iter 0014 / 0041 | Time 0.1s | Iter Loss 0.8423 | Iter Mean Loss 0.8488
2023-12-24 10:28:42,241 - root - INFO - KG & CF Training: Epoch 0008 Iter 0015 / 0041 | Time 0.1s | Iter Loss 0.8488 | Iter Mean Loss 0.8488
2023-12-24 10:28:42,360 - root - INFO - KG & CF Training: Epoch 0008 Iter 0016 / 0041 | Time 0.1s | Iter Loss 0.8435 | Iter Mean Loss 0.8484
2023-12-24 10:28:42,479 - root - INFO - KG & CF Training: Epoch 0008 Iter 0017 / 0041 | Time 0.1s | Iter Loss 0.8399 | Iter Mean Loss 0.8479
2023-12-24 10:28:42,593 - root - INFO - KG & CF Training: Epoch 0008 Iter 0018 / 0041 | Time 0.1s | Iter Loss 0.8407 | Iter Mean Loss 0.8475
2023-12-24 10:28:42,716 - root - INFO - KG & CF Training: Epoch 0008 Iter 0019 / 0041 | Time 0.1s | Iter Loss 0.8454 | Iter Mean Loss 0.8474
2023-12-24 10:28:42,826 - root - INFO - KG & CF Training: Epoch 0008 Iter 0020 / 0041 | Time 0.1s | Iter Loss 0.8380 | Iter Mean Loss 0.8469
2023-12-24 10:28:42,953 - root - INFO - KG & CF Training: Epoch 0008 Iter 0021 / 0041 | Time 0.1s | Iter Loss 0.8342 | Iter Mean Loss 0.8463
2023-12-24 10:28:43,066 - root - INFO - KG & CF Training: Epoch 0008 Iter 0022 / 0041 | Time 0.1s | Iter Loss 0.8333 | Iter Mean Loss 0.8457
2023-12-24 10:28:43,169 - root - INFO - KG & CF Training: Epoch 0008 Iter 0023 / 0041 | Time 0.1s | Iter Loss 0.8435 | Iter Mean Loss 0.8456
2023-12-24 10:28:43,289 - root - INFO - KG & CF Training: Epoch 0008 Iter 0024 / 0041 | Time 0.1s | Iter Loss 0.8381 | Iter Mean Loss 0.8453
2023-12-24 10:28:43,401 - root - INFO - KG & CF Training: Epoch 0008 Iter 0025 / 0041 | Time 0.1s | Iter Loss 0.8440 | Iter Mean Loss 0.8453
2023-12-24 10:28:43,506 - root - INFO - KG & CF Training: Epoch 0008 Iter 0026 / 0041 | Time 0.1s | Iter Loss 0.8370 | Iter Mean Loss 0.8450
2023-12-24 10:28:43,632 - root - INFO - KG & CF Training: Epoch 0008 Iter 0027 / 0041 | Time 0.1s | Iter Loss 0.8336 | Iter Mean Loss 0.8445
2023-12-24 10:28:43,761 - root - INFO - KG & CF Training: Epoch 0008 Iter 0028 / 0041 | Time 0.1s | Iter Loss 0.8311 | Iter Mean Loss 0.8441
2023-12-24 10:28:43,871 - root - INFO - KG & CF Training: Epoch 0008 Iter 0029 / 0041 | Time 0.1s | Iter Loss 0.8343 | Iter Mean Loss 0.8437
2023-12-24 10:28:43,977 - root - INFO - KG & CF Training: Epoch 0008 Iter 0030 / 0041 | Time 0.1s | Iter Loss 0.8354 | Iter Mean Loss 0.8434
2023-12-24 10:28:44,093 - root - INFO - KG & CF Training: Epoch 0008 Iter 0031 / 0041 | Time 0.1s | Iter Loss 0.8242 | Iter Mean Loss 0.8428
2023-12-24 10:28:44,205 - root - INFO - KG & CF Training: Epoch 0008 Iter 0032 / 0041 | Time 0.1s | Iter Loss 0.8319 | Iter Mean Loss 0.8425
2023-12-24 10:28:44,308 - root - INFO - KG & CF Training: Epoch 0008 Iter 0033 / 0041 | Time 0.1s | Iter Loss 0.8217 | Iter Mean Loss 0.8419
2023-12-24 10:28:44,413 - root - INFO - KG & CF Training: Epoch 0008 Iter 0034 / 0041 | Time 0.1s | Iter Loss 0.8250 | Iter Mean Loss 0.8414
2023-12-24 10:28:44,522 - root - INFO - KG & CF Training: Epoch 0008 Iter 0035 / 0041 | Time 0.1s | Iter Loss 0.8255 | Iter Mean Loss 0.8409
2023-12-24 10:28:44,637 - root - INFO - KG & CF Training: Epoch 0008 Iter 0036 / 0041 | Time 0.1s | Iter Loss 0.8258 | Iter Mean Loss 0.8405
2023-12-24 10:28:44,752 - root - INFO - KG & CF Training: Epoch 0008 Iter 0037 / 0041 | Time 0.1s | Iter Loss 0.8241 | Iter Mean Loss 0.8400
2023-12-24 10:28:44,870 - root - INFO - KG & CF Training: Epoch 0008 Iter 0038 / 0041 | Time 0.1s | Iter Loss 0.8268 | Iter Mean Loss 0.8397
2023-12-24 10:28:44,972 - root - INFO - KG & CF Training: Epoch 0008 Iter 0039 / 0041 | Time 0.1s | Iter Loss 0.8226 | Iter Mean Loss 0.8393
2023-12-24 10:28:45,082 - root - INFO - KG & CF Training: Epoch 0008 Iter 0040 / 0041 | Time 0.1s | Iter Loss 0.8084 | Iter Mean Loss 0.8385
2023-12-24 10:28:45,190 - root - INFO - KG & CF Training: Epoch 0008 Iter 0041 / 0041 | Time 0.1s | Iter Loss 0.8154 | Iter Mean Loss 0.8379
2023-12-24 10:28:45,191 - root - INFO - KG & CF Training: Epoch 0008 Total Iter 0041 | Total Time 4.6s | Iter Mean Loss 0.8379
2023-12-24 10:28:45,309 - root - INFO - KG & CF Training: Epoch 0009 Iter 0001 / 0041 | Time 0.1s | Iter Loss 0.8162 | Iter Mean Loss 0.8162
2023-12-24 10:28:45,425 - root - INFO - KG & CF Training: Epoch 0009 Iter 0002 / 0041 | Time 0.1s | Iter Loss 0.8240 | Iter Mean Loss 0.8201
2023-12-24 10:28:45,533 - root - INFO - KG & CF Training: Epoch 0009 Iter 0003 / 0041 | Time 0.1s | Iter Loss 0.8178 | Iter Mean Loss 0.8193
2023-12-24 10:28:45,650 - root - INFO - KG & CF Training: Epoch 0009 Iter 0004 / 0041 | Time 0.1s | Iter Loss 0.8168 | Iter Mean Loss 0.8187
2023-12-24 10:28:45,757 - root - INFO - KG & CF Training: Epoch 0009 Iter 0005 / 0041 | Time 0.1s | Iter Loss 0.8092 | Iter Mean Loss 0.8168
2023-12-24 10:28:45,869 - root - INFO - KG & CF Training: Epoch 0009 Iter 0006 / 0041 | Time 0.1s | Iter Loss 0.8138 | Iter Mean Loss 0.8163
2023-12-24 10:28:45,982 - root - INFO - KG & CF Training: Epoch 0009 Iter 0007 / 0041 | Time 0.1s | Iter Loss 0.8166 | Iter Mean Loss 0.8163
2023-12-24 10:28:46,084 - root - INFO - KG & CF Training: Epoch 0009 Iter 0008 / 0041 | Time 0.1s | Iter Loss 0.8175 | Iter Mean Loss 0.8165
2023-12-24 10:28:46,206 - root - INFO - KG & CF Training: Epoch 0009 Iter 0009 / 0041 | Time 0.1s | Iter Loss 0.8074 | Iter Mean Loss 0.8155
2023-12-24 10:28:46,331 - root - INFO - KG & CF Training: Epoch 0009 Iter 0010 / 0041 | Time 0.1s | Iter Loss 0.8155 | Iter Mean Loss 0.8155
2023-12-24 10:28:46,444 - root - INFO - KG & CF Training: Epoch 0009 Iter 0011 / 0041 | Time 0.1s | Iter Loss 0.8192 | Iter Mean Loss 0.8158
2023-12-24 10:28:46,561 - root - INFO - KG & CF Training: Epoch 0009 Iter 0012 / 0041 | Time 0.1s | Iter Loss 0.8073 | Iter Mean Loss 0.8151
2023-12-24 10:28:46,674 - root - INFO - KG & CF Training: Epoch 0009 Iter 0013 / 0041 | Time 0.1s | Iter Loss 0.8083 | Iter Mean Loss 0.8146
2023-12-24 10:28:46,773 - root - INFO - KG & CF Training: Epoch 0009 Iter 0014 / 0041 | Time 0.1s | Iter Loss 0.8138 | Iter Mean Loss 0.8145
2023-12-24 10:28:46,889 - root - INFO - KG & CF Training: Epoch 0009 Iter 0015 / 0041 | Time 0.1s | Iter Loss 0.8084 | Iter Mean Loss 0.8141
2023-12-24 10:28:47,006 - root - INFO - KG & CF Training: Epoch 0009 Iter 0016 / 0041 | Time 0.1s | Iter Loss 0.8117 | Iter Mean Loss 0.8140
2023-12-24 10:28:47,103 - root - INFO - KG & CF Training: Epoch 0009 Iter 0017 / 0041 | Time 0.1s | Iter Loss 0.8099 | Iter Mean Loss 0.8137
2023-12-24 10:28:47,215 - root - INFO - KG & CF Training: Epoch 0009 Iter 0018 / 0041 | Time 0.1s | Iter Loss 0.8022 | Iter Mean Loss 0.8131
2023-12-24 10:28:47,337 - root - INFO - KG & CF Training: Epoch 0009 Iter 0019 / 0041 | Time 0.1s | Iter Loss 0.8121 | Iter Mean Loss 0.8130
2023-12-24 10:28:47,460 - root - INFO - KG & CF Training: Epoch 0009 Iter 0020 / 0041 | Time 0.1s | Iter Loss 0.8116 | Iter Mean Loss 0.8130
2023-12-24 10:28:47,569 - root - INFO - KG & CF Training: Epoch 0009 Iter 0021 / 0041 | Time 0.1s | Iter Loss 0.8046 | Iter Mean Loss 0.8126
2023-12-24 10:28:47,706 - root - INFO - KG & CF Training: Epoch 0009 Iter 0022 / 0041 | Time 0.1s | Iter Loss 0.8038 | Iter Mean Loss 0.8122
2023-12-24 10:28:47,823 - root - INFO - KG & CF Training: Epoch 0009 Iter 0023 / 0041 | Time 0.1s | Iter Loss 0.8021 | Iter Mean Loss 0.8117
2023-12-24 10:28:47,944 - root - INFO - KG & CF Training: Epoch 0009 Iter 0024 / 0041 | Time 0.1s | Iter Loss 0.7971 | Iter Mean Loss 0.8111
2023-12-24 10:28:48,040 - root - INFO - KG & CF Training: Epoch 0009 Iter 0025 / 0041 | Time 0.1s | Iter Loss 0.7992 | Iter Mean Loss 0.8106
2023-12-24 10:28:48,162 - root - INFO - KG & CF Training: Epoch 0009 Iter 0026 / 0041 | Time 0.1s | Iter Loss 0.7936 | Iter Mean Loss 0.8100
2023-12-24 10:28:48,271 - root - INFO - KG & CF Training: Epoch 0009 Iter 0027 / 0041 | Time 0.1s | Iter Loss 0.7967 | Iter Mean Loss 0.8095
2023-12-24 10:28:48,385 - root - INFO - KG & CF Training: Epoch 0009 Iter 0028 / 0041 | Time 0.1s | Iter Loss 0.7942 | Iter Mean Loss 0.8089
2023-12-24 10:28:48,508 - root - INFO - KG & CF Training: Epoch 0009 Iter 0029 / 0041 | Time 0.1s | Iter Loss 0.7958 | Iter Mean Loss 0.8085
2023-12-24 10:28:48,632 - root - INFO - KG & CF Training: Epoch 0009 Iter 0030 / 0041 | Time 0.1s | Iter Loss 0.7874 | Iter Mean Loss 0.8078
2023-12-24 10:28:48,741 - root - INFO - KG & CF Training: Epoch 0009 Iter 0031 / 0041 | Time 0.1s | Iter Loss 0.7904 | Iter Mean Loss 0.8072
2023-12-24 10:28:48,849 - root - INFO - KG & CF Training: Epoch 0009 Iter 0032 / 0041 | Time 0.1s | Iter Loss 0.7997 | Iter Mean Loss 0.8070
2023-12-24 10:28:48,967 - root - INFO - KG & CF Training: Epoch 0009 Iter 0033 / 0041 | Time 0.1s | Iter Loss 0.7876 | Iter Mean Loss 0.8064
2023-12-24 10:28:49,077 - root - INFO - KG & CF Training: Epoch 0009 Iter 0034 / 0041 | Time 0.1s | Iter Loss 0.7894 | Iter Mean Loss 0.8059
2023-12-24 10:28:49,190 - root - INFO - KG & CF Training: Epoch 0009 Iter 0035 / 0041 | Time 0.1s | Iter Loss 0.7805 | Iter Mean Loss 0.8052
2023-12-24 10:28:49,299 - root - INFO - KG & CF Training: Epoch 0009 Iter 0036 / 0041 | Time 0.1s | Iter Loss 0.7831 | Iter Mean Loss 0.8046
2023-12-24 10:28:49,410 - root - INFO - KG & CF Training: Epoch 0009 Iter 0037 / 0041 | Time 0.1s | Iter Loss 0.7875 | Iter Mean Loss 0.8041
2023-12-24 10:28:49,527 - root - INFO - KG & CF Training: Epoch 0009 Iter 0038 / 0041 | Time 0.1s | Iter Loss 0.7890 | Iter Mean Loss 0.8037
2023-12-24 10:28:49,632 - root - INFO - KG & CF Training: Epoch 0009 Iter 0039 / 0041 | Time 0.1s | Iter Loss 0.7926 | Iter Mean Loss 0.8034
2023-12-24 10:28:49,735 - root - INFO - KG & CF Training: Epoch 0009 Iter 0040 / 0041 | Time 0.1s | Iter Loss 0.7872 | Iter Mean Loss 0.8030
2023-12-24 10:28:49,836 - root - INFO - KG & CF Training: Epoch 0009 Iter 0041 / 0041 | Time 0.1s | Iter Loss 0.7854 | Iter Mean Loss 0.8026
2023-12-24 10:28:49,836 - root - INFO - KG & CF Training: Epoch 0009 Total Iter 0041 | Total Time 4.6s | Iter Mean Loss 0.8026
2023-12-24 10:28:49,935 - root - INFO - KG & CF Training: Epoch 0010 Iter 0001 / 0041 | Time 0.1s | Iter Loss 0.7794 | Iter Mean Loss 0.7794
2023-12-24 10:28:50,069 - root - INFO - KG & CF Training: Epoch 0010 Iter 0002 / 0041 | Time 0.1s | Iter Loss 0.7804 | Iter Mean Loss 0.7799
2023-12-24 10:28:50,186 - root - INFO - KG & CF Training: Epoch 0010 Iter 0003 / 0041 | Time 0.1s | Iter Loss 0.7920 | Iter Mean Loss 0.7839
2023-12-24 10:28:50,305 - root - INFO - KG & CF Training: Epoch 0010 Iter 0004 / 0041 | Time 0.1s | Iter Loss 0.7838 | Iter Mean Loss 0.7839
2023-12-24 10:28:50,428 - root - INFO - KG & CF Training: Epoch 0010 Iter 0005 / 0041 | Time 0.1s | Iter Loss 0.7806 | Iter Mean Loss 0.7832
2023-12-24 10:28:50,528 - root - INFO - KG & CF Training: Epoch 0010 Iter 0006 / 0041 | Time 0.1s | Iter Loss 0.7864 | Iter Mean Loss 0.7838
2023-12-24 10:28:50,641 - root - INFO - KG & CF Training: Epoch 0010 Iter 0007 / 0041 | Time 0.1s | Iter Loss 0.7776 | Iter Mean Loss 0.7829
2023-12-24 10:28:50,760 - root - INFO - KG & CF Training: Epoch 0010 Iter 0008 / 0041 | Time 0.1s | Iter Loss 0.7768 | Iter Mean Loss 0.7821
2023-12-24 10:28:50,866 - root - INFO - KG & CF Training: Epoch 0010 Iter 0009 / 0041 | Time 0.1s | Iter Loss 0.7745 | Iter Mean Loss 0.7813
2023-12-24 10:28:50,984 - root - INFO - KG & CF Training: Epoch 0010 Iter 0010 / 0041 | Time 0.1s | Iter Loss 0.7707 | Iter Mean Loss 0.7802
2023-12-24 10:28:51,096 - root - INFO - KG & CF Training: Epoch 0010 Iter 0011 / 0041 | Time 0.1s | Iter Loss 0.7729 | Iter Mean Loss 0.7795
2023-12-24 10:28:51,210 - root - INFO - KG & CF Training: Epoch 0010 Iter 0012 / 0041 | Time 0.1s | Iter Loss 0.7807 | Iter Mean Loss 0.7796
2023-12-24 10:28:51,321 - root - INFO - KG & CF Training: Epoch 0010 Iter 0013 / 0041 | Time 0.1s | Iter Loss 0.7737 | Iter Mean Loss 0.7792
2023-12-24 10:28:51,434 - root - INFO - KG & CF Training: Epoch 0010 Iter 0014 / 0041 | Time 0.1s | Iter Loss 0.7735 | Iter Mean Loss 0.7788
2023-12-24 10:28:51,545 - root - INFO - KG & CF Training: Epoch 0010 Iter 0015 / 0041 | Time 0.1s | Iter Loss 0.7771 | Iter Mean Loss 0.7787
2023-12-24 10:28:51,656 - root - INFO - KG & CF Training: Epoch 0010 Iter 0016 / 0041 | Time 0.1s | Iter Loss 0.7683 | Iter Mean Loss 0.7780
2023-12-24 10:28:51,764 - root - INFO - KG & CF Training: Epoch 0010 Iter 0017 / 0041 | Time 0.1s | Iter Loss 0.7614 | Iter Mean Loss 0.7770
2023-12-24 10:28:51,860 - root - INFO - KG & CF Training: Epoch 0010 Iter 0018 / 0041 | Time 0.1s | Iter Loss 0.7787 | Iter Mean Loss 0.7771
2023-12-24 10:28:51,961 - root - INFO - KG & CF Training: Epoch 0010 Iter 0019 / 0041 | Time 0.1s | Iter Loss 0.7593 | Iter Mean Loss 0.7762
2023-12-24 10:28:52,081 - root - INFO - KG & CF Training: Epoch 0010 Iter 0020 / 0041 | Time 0.1s | Iter Loss 0.7685 | Iter Mean Loss 0.7758
2023-12-24 10:28:52,200 - root - INFO - KG & CF Training: Epoch 0010 Iter 0021 / 0041 | Time 0.1s | Iter Loss 0.7600 | Iter Mean Loss 0.7751
2023-12-24 10:28:52,298 - root - INFO - KG & CF Training: Epoch 0010 Iter 0022 / 0041 | Time 0.1s | Iter Loss 0.7695 | Iter Mean Loss 0.7748
2023-12-24 10:28:52,409 - root - INFO - KG & CF Training: Epoch 0010 Iter 0023 / 0041 | Time 0.1s | Iter Loss 0.7667 | Iter Mean Loss 0.7744
2023-12-24 10:28:52,532 - root - INFO - KG & CF Training: Epoch 0010 Iter 0024 / 0041 | Time 0.1s | Iter Loss 0.7598 | Iter Mean Loss 0.7738
2023-12-24 10:28:52,654 - root - INFO - KG & CF Training: Epoch 0010 Iter 0025 / 0041 | Time 0.1s | Iter Loss 0.7615 | Iter Mean Loss 0.7733
2023-12-24 10:28:52,774 - root - INFO - KG & CF Training: Epoch 0010 Iter 0026 / 0041 | Time 0.1s | Iter Loss 0.7663 | Iter Mean Loss 0.7731
2023-12-24 10:28:52,889 - root - INFO - KG & CF Training: Epoch 0010 Iter 0027 / 0041 | Time 0.1s | Iter Loss 0.7400 | Iter Mean Loss 0.7718
2023-12-24 10:28:53,011 - root - INFO - KG & CF Training: Epoch 0010 Iter 0028 / 0041 | Time 0.1s | Iter Loss 0.7534 | Iter Mean Loss 0.7712
2023-12-24 10:28:53,122 - root - INFO - KG & CF Training: Epoch 0010 Iter 0029 / 0041 | Time 0.1s | Iter Loss 0.7624 | Iter Mean Loss 0.7709
2023-12-24 10:28:53,224 - root - INFO - KG & CF Training: Epoch 0010 Iter 0030 / 0041 | Time 0.1s | Iter Loss 0.7559 | Iter Mean Loss 0.7704
2023-12-24 10:28:53,343 - root - INFO - KG & CF Training: Epoch 0010 Iter 0031 / 0041 | Time 0.1s | Iter Loss 0.7603 | Iter Mean Loss 0.7701
2023-12-24 10:28:53,445 - root - INFO - KG & CF Training: Epoch 0010 Iter 0032 / 0041 | Time 0.1s | Iter Loss 0.7595 | Iter Mean Loss 0.7697
2023-12-24 10:28:53,551 - root - INFO - KG & CF Training: Epoch 0010 Iter 0033 / 0041 | Time 0.1s | Iter Loss 0.7543 | Iter Mean Loss 0.7693
2023-12-24 10:28:53,661 - root - INFO - KG & CF Training: Epoch 0010 Iter 0034 / 0041 | Time 0.1s | Iter Loss 0.7600 | Iter Mean Loss 0.7690
2023-12-24 10:28:53,770 - root - INFO - KG & CF Training: Epoch 0010 Iter 0035 / 0041 | Time 0.1s | Iter Loss 0.7483 | Iter Mean Loss 0.7684
2023-12-24 10:28:53,875 - root - INFO - KG & CF Training: Epoch 0010 Iter 0036 / 0041 | Time 0.1s | Iter Loss 0.7498 | Iter Mean Loss 0.7679
2023-12-24 10:28:53,996 - root - INFO - KG & CF Training: Epoch 0010 Iter 0037 / 0041 | Time 0.1s | Iter Loss 0.7407 | Iter Mean Loss 0.7671
2023-12-24 10:28:54,120 - root - INFO - KG & CF Training: Epoch 0010 Iter 0038 / 0041 | Time 0.1s | Iter Loss 0.7426 | Iter Mean Loss 0.7665
2023-12-24 10:28:54,233 - root - INFO - KG & CF Training: Epoch 0010 Iter 0039 / 0041 | Time 0.1s | Iter Loss 0.7548 | Iter Mean Loss 0.7662
2023-12-24 10:28:54,351 - root - INFO - KG & CF Training: Epoch 0010 Iter 0040 / 0041 | Time 0.1s | Iter Loss 0.7495 | Iter Mean Loss 0.7658
2023-12-24 10:28:54,473 - root - INFO - KG & CF Training: Epoch 0010 Iter 0041 / 0041 | Time 0.1s | Iter Loss 0.7488 | Iter Mean Loss 0.7654
2023-12-24 10:28:54,473 - root - INFO - KG & CF Training: Epoch 0010 Total Iter 0041 | Total Time 4.6s | Iter Mean Loss 0.7654
2023-12-24 10:28:54,528 - root - INFO - CF Evaluation: Epoch 0010 | Total Time 0.1s | Precision [0.2488, 0.2219], Recall [0.0555, 0.0974], NDCG [0.2602, 0.2444]
2023-12-24 10:28:54,548 - root - INFO - Save model on epoch 0010!
2023-12-24 10:28:54,558 - root - INFO - Best CF Evaluation: Epoch 0010 | Precision [0.2488, 0.2219], Recall [0.0555, 0.0974], NDCG [0.2602, 0.2444]
